This is pdfTeX, Version 3.141592653-2.6-1.40.27 (MiKTeX 25.4) (preloaded format=pdflatex 2025.5.12)  16 JUN 2025 16:55
entering extended mode
 restricted \write18 enabled.
 file:line:error style messages enabled.
 %&-line parsing enabled.
**/home/flecourtier/Bureau/Thèse/docs/presentation/2025_06_17_CS2/images/newlines/nonlinear/results/times.tex
(/home/flecourtier/Bureau/Thèse/docs/presentation/2025_06_17_CS2/images/newlines/nonlinear/results/times.tex
LaTeX2e <2023-11-01> patch level 1
L3 programming layer <2024-01-04>
(/home/flecourtier/.miktex/texmfs/install/tex/latex/standalone/standalone.cls
Document Class: standalone 2022/10/10 v1.3b Class to compile TeX sub-files standalone
(/home/flecourtier/.miktex/texmfs/install/tex/latex/tools/shellesc.sty
Package: shellesc 2023/07/08 v1.0d unified shell escape interface for LaTeX
Package shellesc Info: Restricted shell escape enabled on input line 77.
) (/home/flecourtier/.miktex/texmfs/install/tex/generic/iftex/ifluatex.sty
Package: ifluatex 2019/10/25 v1.5 ifluatex legacy package. Use iftex instead.
 (/home/flecourtier/.miktex/texmfs/install/tex/generic/iftex/iftex.sty
Package: iftex 2022/02/03 v1.0f TeX engine tests
)) (/home/flecourtier/.miktex/texmfs/install/tex/latex/xkeyval/xkeyval.sty
Package: xkeyval 2022/06/16 v2.9 package option processing (HA)
 (/home/flecourtier/.miktex/texmfs/install/tex/generic/xkeyval/xkeyval.tex (/home/flecourtier/.miktex/texmfs/install/tex/generic/xkeyval/xkvutils.tex
\XKV@toks=\toks17
\XKV@tempa@toks=\toks18
 (/home/flecourtier/.miktex/texmfs/install/tex/generic/xkeyval/keyval.tex))
\XKV@depth=\count187
File: xkeyval.tex 2014/12/03 v2.7a key=value parser (HA)
))
\sa@internal=\count188
\c@sapage=\count189
 (/home/flecourtier/.miktex/texmfs/install/tex/latex/standalone/standalone.cfg
File: standalone.cfg 2022/10/10 v1.3b Default configuration file for 'standalone' class
) (/home/flecourtier/.miktex/texmfs/install/tex/latex/base/article.cls
Document Class: article 2023/05/17 v1.4n Standard LaTeX document class
(/home/flecourtier/.miktex/texmfs/install/tex/latex/base/size10.clo
File: size10.clo 2023/05/17 v1.4n Standard LaTeX file (size option)
)
\c@part=\count190
\c@section=\count191
\c@subsection=\count192
\c@subsubsection=\count193
\c@paragraph=\count194
\c@subparagraph=\count195
\c@figure=\count196
\c@table=\count197
\abovecaptionskip=\skip48
\belowcaptionskip=\skip49
\bibindent=\dimen140
)
\sa@box=\box51
) (/home/flecourtier/.miktex/texmfs/install/tex/latex/amsfonts/amssymb.sty
Package: amssymb 2013/01/14 v3.01 AMS font symbols
 (/home/flecourtier/.miktex/texmfs/install/tex/latex/amsfonts/amsfonts.sty
Package: amsfonts 2013/01/14 v3.01 Basic AMSFonts support
\@emptytoks=\toks19
\symAMSa=\mathgroup4
\symAMSb=\mathgroup5
LaTeX Font Info:    Redeclaring math symbol \hbar on input line 98.
LaTeX Font Info:    Overwriting math alphabet `\mathfrak' in version `bold'
(Font)                  U/euf/m/n --> U/euf/b/n on input line 106.
)) (/home/flecourtier/.miktex/texmfs/install/tex/latex/mathtools/mathtools.sty
Package: mathtools 2022/06/29 v1.29 mathematical typesetting tools
 (/home/flecourtier/.miktex/texmfs/install/tex/latex/tools/calc.sty
Package: calc 2023/07/08 v4.3 Infix arithmetic (KKT,FJ)
\calc@Acount=\count198
\calc@Bcount=\count199
\calc@Adimen=\dimen141
\calc@Bdimen=\dimen142
\calc@Askip=\skip50
\calc@Bskip=\skip51
LaTeX Info: Redefining \setlength on input line 80.
LaTeX Info: Redefining \addtolength on input line 81.
\calc@Ccount=\count266
\calc@Cskip=\skip52
) (/home/flecourtier/.miktex/texmfs/install/tex/latex/mathtools/mhsetup.sty
Package: mhsetup 2021/03/18 v1.4 programming setup (MH)
) (/home/flecourtier/.miktex/texmfs/install/tex/latex/amsmath/amsmath.sty
Package: amsmath 2023/05/13 v2.17o AMS math features
\@mathmargin=\skip53

For additional information on amsmath, use the `?' option.
(/home/flecourtier/.miktex/texmfs/install/tex/latex/amsmath/amstext.sty
Package: amstext 2021/08/26 v2.01 AMS text
 (/home/flecourtier/.miktex/texmfs/install/tex/latex/amsmath/amsgen.sty
File: amsgen.sty 1999/11/30 v2.0 generic functions
\@emptytoks=\toks20
\ex@=\dimen143
)) (/home/flecourtier/.miktex/texmfs/install/tex/latex/amsmath/amsbsy.sty
Package: amsbsy 1999/11/29 v1.2d Bold Symbols
\pmbraise@=\dimen144
) (/home/flecourtier/.miktex/texmfs/install/tex/latex/amsmath/amsopn.sty
Package: amsopn 2022/04/08 v2.04 operator names
)
\inf@bad=\count267
LaTeX Info: Redefining \frac on input line 234.
\uproot@=\count268
\leftroot@=\count269
LaTeX Info: Redefining \overline on input line 399.
LaTeX Info: Redefining \colon on input line 410.
\classnum@=\count270
\DOTSCASE@=\count271
LaTeX Info: Redefining \ldots on input line 496.
LaTeX Info: Redefining \dots on input line 499.
LaTeX Info: Redefining \cdots on input line 620.
\Mathstrutbox@=\box52
\strutbox@=\box53
LaTeX Info: Redefining \big on input line 722.
LaTeX Info: Redefining \Big on input line 723.
LaTeX Info: Redefining \bigg on input line 724.
LaTeX Info: Redefining \Bigg on input line 725.
\big@size=\dimen145
LaTeX Font Info:    Redeclaring font encoding OML on input line 743.
LaTeX Font Info:    Redeclaring font encoding OMS on input line 744.
\macc@depth=\count272
LaTeX Info: Redefining \bmod on input line 905.
LaTeX Info: Redefining \pmod on input line 910.
LaTeX Info: Redefining \smash on input line 940.
LaTeX Info: Redefining \relbar on input line 970.
LaTeX Info: Redefining \Relbar on input line 971.
\c@MaxMatrixCols=\count273
\dotsspace@=\muskip16
\c@parentequation=\count274
\dspbrk@lvl=\count275
\tag@help=\toks21
\row@=\count276
\column@=\count277
\maxfields@=\count278
\andhelp@=\toks22
\eqnshift@=\dimen146
\alignsep@=\dimen147
\tagshift@=\dimen148
\tagwidth@=\dimen149
\totwidth@=\dimen150
\lineht@=\dimen151
\@envbody=\toks23
\multlinegap=\skip54
\multlinetaggap=\skip55
\mathdisplay@stack=\toks24
LaTeX Info: Redefining \[ on input line 2953.
LaTeX Info: Redefining \] on input line 2954.
)
\g_MT_multlinerow_int=\count279
\l_MT_multwidth_dim=\dimen152
\origjot=\skip56
\l_MT_shortvdotswithinadjustabove_dim=\dimen153
\l_MT_shortvdotswithinadjustbelow_dim=\dimen154
\l_MT_above_intertext_sep=\dimen155
\l_MT_below_intertext_sep=\dimen156
\l_MT_above_shortintertext_sep=\dimen157
\l_MT_below_shortintertext_sep=\dimen158
\xmathstrut@box=\box54
\xmathstrut@dim=\dimen159
) (/home/flecourtier/.miktex/texmfs/install/tex/latex/pgfplots/pgfplots.sty (/home/flecourtier/.miktex/texmfs/install/tex/generic/pgfplots/pgfplots.revision.tex)
Package: pgfplots 2021/05/15 v1.18.1 Data Visualization (1.18.1)
 (/home/flecourtier/.miktex/texmfs/install/tex/latex/graphics/graphicx.sty
Package: graphicx 2021/09/16 v1.2d Enhanced LaTeX Graphics (DPC,SPQR)
 (/home/flecourtier/.miktex/texmfs/install/tex/latex/graphics/graphics.sty
Package: graphics 2022/03/10 v1.4e Standard LaTeX Graphics (DPC,SPQR)
 (/home/flecourtier/.miktex/texmfs/install/tex/latex/graphics/trig.sty
Package: trig 2021/08/11 v1.11 sin cos tan (DPC)
) (/home/flecourtier/.miktex/texmfs/install/tex/latex/graphics-cfg/graphics.cfg
File: graphics.cfg 2016/06/04 v1.11 sample graphics configuration
)
Package graphics Info: Driver file: pdftex.def on input line 107.
 (/home/flecourtier/.miktex/texmfs/install/tex/latex/graphics-def/pdftex.def
File: pdftex.def 2022/09/22 v1.2b Graphics/color driver for pdftex
))
\Gin@req@height=\dimen160
\Gin@req@width=\dimen161
) (/home/flecourtier/.miktex/texmfs/install/tex/latex/pgf/frontendlayer/tikz.sty (/home/flecourtier/.miktex/texmfs/install/tex/latex/pgf/basiclayer/pgf.sty (/home/flecourtier/.miktex/texmfs/install/tex/latex/pgf/utilities/pgfrcs.sty (/home/flecourtier/.miktex/texmfs/install/tex/generic/pgf/utilities/pgfutil-common.tex
\pgfutil@everybye=\toks25
\pgfutil@tempdima=\dimen162
\pgfutil@tempdimb=\dimen163
) (/home/flecourtier/.miktex/texmfs/install/tex/generic/pgf/utilities/pgfutil-latex.def
\pgfutil@abb=\box55
) (/home/flecourtier/.miktex/texmfs/install/tex/generic/pgf/utilities/pgfrcs.code.tex (/home/flecourtier/.miktex/texmfs/install/tex/generic/pgf/pgf.revision.tex)
Package: pgfrcs 2023-01-15 v3.1.10 (3.1.10)
))
Package: pgf 2023-01-15 v3.1.10 (3.1.10)
 (/home/flecourtier/.miktex/texmfs/install/tex/latex/pgf/basiclayer/pgfcore.sty (/home/flecourtier/.miktex/texmfs/install/tex/latex/pgf/systemlayer/pgfsys.sty (/home/flecourtier/.miktex/texmfs/install/tex/generic/pgf/systemlayer/pgfsys.code.tex
Package: pgfsys 2023-01-15 v3.1.10 (3.1.10)
 (/home/flecourtier/.miktex/texmfs/install/tex/generic/pgf/utilities/pgfkeys.code.tex
\pgfkeys@pathtoks=\toks26
\pgfkeys@temptoks=\toks27
 (/home/flecourtier/.miktex/texmfs/install/tex/generic/pgf/utilities/pgfkeyslibraryfiltered.code.tex
\pgfkeys@tmptoks=\toks28
))
\pgf@x=\dimen164
\pgf@y=\dimen165
\pgf@xa=\dimen166
\pgf@ya=\dimen167
\pgf@xb=\dimen168
\pgf@yb=\dimen169
\pgf@xc=\dimen170
\pgf@yc=\dimen171
\pgf@xd=\dimen172
\pgf@yd=\dimen173
\w@pgf@writea=\write3
\r@pgf@reada=\read2
\c@pgf@counta=\count280
\c@pgf@countb=\count281
\c@pgf@countc=\count282
\c@pgf@countd=\count283
\t@pgf@toka=\toks29
\t@pgf@tokb=\toks30
\t@pgf@tokc=\toks31
\pgf@sys@id@count=\count284
 (/home/flecourtier/.miktex/texmfs/install/tex/generic/pgf/systemlayer/pgf.cfg
File: pgf.cfg 2023-01-15 v3.1.10 (3.1.10)
)
Driver file for pgf: pgfsys-pdftex.def
 (/home/flecourtier/.miktex/texmfs/install/tex/generic/pgf/systemlayer/pgfsys-pdftex.def
File: pgfsys-pdftex.def 2023-01-15 v3.1.10 (3.1.10)
 (/home/flecourtier/.miktex/texmfs/install/tex/generic/pgf/systemlayer/pgfsys-common-pdf.def
File: pgfsys-common-pdf.def 2023-01-15 v3.1.10 (3.1.10)
))) (/home/flecourtier/.miktex/texmfs/install/tex/generic/pgf/systemlayer/pgfsyssoftpath.code.tex
File: pgfsyssoftpath.code.tex 2023-01-15 v3.1.10 (3.1.10)
\pgfsyssoftpath@smallbuffer@items=\count285
\pgfsyssoftpath@bigbuffer@items=\count286
) (/home/flecourtier/.miktex/texmfs/install/tex/generic/pgf/systemlayer/pgfsysprotocol.code.tex
File: pgfsysprotocol.code.tex 2023-01-15 v3.1.10 (3.1.10)
)) (/home/flecourtier/.miktex/texmfs/install/tex/latex/xcolor/xcolor.sty
Package: xcolor 2023/11/15 v3.01 LaTeX color extensions (UK)
 (/home/flecourtier/.miktex/texmfs/install/tex/latex/graphics-cfg/color.cfg
File: color.cfg 2016/01/02 v1.6 sample color configuration
)
Package xcolor Info: Driver file: pdftex.def on input line 274.
 (/home/flecourtier/.miktex/texmfs/install/tex/latex/graphics/mathcolor.ltx)
Package xcolor Info: Model `cmy' substituted by `cmy0' on input line 1350.
Package xcolor Info: Model `hsb' substituted by `rgb' on input line 1354.
Package xcolor Info: Model `RGB' extended on input line 1366.
Package xcolor Info: Model `HTML' substituted by `rgb' on input line 1368.
Package xcolor Info: Model `Hsb' substituted by `hsb' on input line 1369.
Package xcolor Info: Model `tHsb' substituted by `hsb' on input line 1370.
Package xcolor Info: Model `HSB' substituted by `hsb' on input line 1371.
Package xcolor Info: Model `Gray' substituted by `gray' on input line 1372.
Package xcolor Info: Model `wave' substituted by `hsb' on input line 1373.
) (/home/flecourtier/.miktex/texmfs/install/tex/generic/pgf/basiclayer/pgfcore.code.tex
Package: pgfcore 2023-01-15 v3.1.10 (3.1.10)
 (/home/flecourtier/.miktex/texmfs/install/tex/generic/pgf/math/pgfmath.code.tex (/home/flecourtier/.miktex/texmfs/install/tex/generic/pgf/math/pgfmathutil.code.tex) (/home/flecourtier/.miktex/texmfs/install/tex/generic/pgf/math/pgfmathparser.code.tex
\pgfmath@dimen=\dimen174
\pgfmath@count=\count287
\pgfmath@box=\box56
\pgfmath@toks=\toks32
\pgfmath@stack@operand=\toks33
\pgfmath@stack@operation=\toks34
) (/home/flecourtier/.miktex/texmfs/install/tex/generic/pgf/math/pgfmathfunctions.code.tex) (/home/flecourtier/.miktex/texmfs/install/tex/generic/pgf/math/pgfmathfunctions.basic.code.tex) (/home/flecourtier/.miktex/texmfs/install/tex/generic/pgf/math/pgfmathfunctions.trigonometric.code.tex) (/home/flecourtier/.miktex/texmfs/install/tex/generic/pgf/math/pgfmathfunctions.random.code.tex) (/home/flecourtier/.miktex/texmfs/install/tex/generic/pgf/math/pgfmathfunctions.comparison.code.tex) (/home/flecourtier/.miktex/texmfs/install/tex/generic/pgf/math/pgfmathfunctions.base.code.tex) (/home/flecourtier/.miktex/texmfs/install/tex/generic/pgf/math/pgfmathfunctions.round.code.tex) (/home/flecourtier/.miktex/texmfs/install/tex/generic/pgf/math/pgfmathfunctions.misc.code.tex) (/home/flecourtier/.miktex/texmfs/install/tex/generic/pgf/math/pgfmathfunctions.integerarithmetics.code.tex) (/home/flecourtier/.miktex/texmfs/install/tex/generic/pgf/math/pgfmathcalc.code.tex) (/home/flecourtier/.miktex/texmfs/install/tex/generic/pgf/math/pgfmathfloat.code.tex
\c@pgfmathroundto@lastzeros=\count288
)) (/home/flecourtier/.miktex/texmfs/install/tex/generic/pgf/math/pgfint.code.tex) (/home/flecourtier/.miktex/texmfs/install/tex/generic/pgf/basiclayer/pgfcorepoints.code.tex
File: pgfcorepoints.code.tex 2023-01-15 v3.1.10 (3.1.10)
\pgf@picminx=\dimen175
\pgf@picmaxx=\dimen176
\pgf@picminy=\dimen177
\pgf@picmaxy=\dimen178
\pgf@pathminx=\dimen179
\pgf@pathmaxx=\dimen180
\pgf@pathminy=\dimen181
\pgf@pathmaxy=\dimen182
\pgf@xx=\dimen183
\pgf@xy=\dimen184
\pgf@yx=\dimen185
\pgf@yy=\dimen186
\pgf@zx=\dimen187
\pgf@zy=\dimen188
) (/home/flecourtier/.miktex/texmfs/install/tex/generic/pgf/basiclayer/pgfcorepathconstruct.code.tex
File: pgfcorepathconstruct.code.tex 2023-01-15 v3.1.10 (3.1.10)
\pgf@path@lastx=\dimen189
\pgf@path@lasty=\dimen190
) (/home/flecourtier/.miktex/texmfs/install/tex/generic/pgf/basiclayer/pgfcorepathusage.code.tex
File: pgfcorepathusage.code.tex 2023-01-15 v3.1.10 (3.1.10)
\pgf@shorten@end@additional=\dimen191
\pgf@shorten@start@additional=\dimen192
) (/home/flecourtier/.miktex/texmfs/install/tex/generic/pgf/basiclayer/pgfcorescopes.code.tex
File: pgfcorescopes.code.tex 2023-01-15 v3.1.10 (3.1.10)
\pgfpic=\box57
\pgf@hbox=\box58
\pgf@layerbox@main=\box59
\pgf@picture@serial@count=\count289
) (/home/flecourtier/.miktex/texmfs/install/tex/generic/pgf/basiclayer/pgfcoregraphicstate.code.tex
File: pgfcoregraphicstate.code.tex 2023-01-15 v3.1.10 (3.1.10)
\pgflinewidth=\dimen193
) (/home/flecourtier/.miktex/texmfs/install/tex/generic/pgf/basiclayer/pgfcoretransformations.code.tex
File: pgfcoretransformations.code.tex 2023-01-15 v3.1.10 (3.1.10)
\pgf@pt@x=\dimen194
\pgf@pt@y=\dimen195
\pgf@pt@temp=\dimen196
) (/home/flecourtier/.miktex/texmfs/install/tex/generic/pgf/basiclayer/pgfcorequick.code.tex
File: pgfcorequick.code.tex 2023-01-15 v3.1.10 (3.1.10)
) (/home/flecourtier/.miktex/texmfs/install/tex/generic/pgf/basiclayer/pgfcoreobjects.code.tex
File: pgfcoreobjects.code.tex 2023-01-15 v3.1.10 (3.1.10)
) (/home/flecourtier/.miktex/texmfs/install/tex/generic/pgf/basiclayer/pgfcorepathprocessing.code.tex
File: pgfcorepathprocessing.code.tex 2023-01-15 v3.1.10 (3.1.10)
) (/home/flecourtier/.miktex/texmfs/install/tex/generic/pgf/basiclayer/pgfcorearrows.code.tex
File: pgfcorearrows.code.tex 2023-01-15 v3.1.10 (3.1.10)
\pgfarrowsep=\dimen197
) (/home/flecourtier/.miktex/texmfs/install/tex/generic/pgf/basiclayer/pgfcoreshade.code.tex
File: pgfcoreshade.code.tex 2023-01-15 v3.1.10 (3.1.10)
\pgf@max=\dimen198
\pgf@sys@shading@range@num=\count290
\pgf@shadingcount=\count291
) (/home/flecourtier/.miktex/texmfs/install/tex/generic/pgf/basiclayer/pgfcoreimage.code.tex
File: pgfcoreimage.code.tex 2023-01-15 v3.1.10 (3.1.10)
) (/home/flecourtier/.miktex/texmfs/install/tex/generic/pgf/basiclayer/pgfcoreexternal.code.tex
File: pgfcoreexternal.code.tex 2023-01-15 v3.1.10 (3.1.10)
\pgfexternal@startupbox=\box60
) (/home/flecourtier/.miktex/texmfs/install/tex/generic/pgf/basiclayer/pgfcorelayers.code.tex
File: pgfcorelayers.code.tex 2023-01-15 v3.1.10 (3.1.10)
) (/home/flecourtier/.miktex/texmfs/install/tex/generic/pgf/basiclayer/pgfcoretransparency.code.tex
File: pgfcoretransparency.code.tex 2023-01-15 v3.1.10 (3.1.10)
) (/home/flecourtier/.miktex/texmfs/install/tex/generic/pgf/basiclayer/pgfcorepatterns.code.tex
File: pgfcorepatterns.code.tex 2023-01-15 v3.1.10 (3.1.10)
) (/home/flecourtier/.miktex/texmfs/install/tex/generic/pgf/basiclayer/pgfcorerdf.code.tex
File: pgfcorerdf.code.tex 2023-01-15 v3.1.10 (3.1.10)
))) (/home/flecourtier/.miktex/texmfs/install/tex/generic/pgf/modules/pgfmoduleshapes.code.tex
File: pgfmoduleshapes.code.tex 2023-01-15 v3.1.10 (3.1.10)
\pgfnodeparttextbox=\box61
) (/home/flecourtier/.miktex/texmfs/install/tex/generic/pgf/modules/pgfmoduleplot.code.tex
File: pgfmoduleplot.code.tex 2023-01-15 v3.1.10 (3.1.10)
) (/home/flecourtier/.miktex/texmfs/install/tex/latex/pgf/compatibility/pgfcomp-version-0-65.sty
Package: pgfcomp-version-0-65 2023-01-15 v3.1.10 (3.1.10)
\pgf@nodesepstart=\dimen199
\pgf@nodesepend=\dimen256
) (/home/flecourtier/.miktex/texmfs/install/tex/latex/pgf/compatibility/pgfcomp-version-1-18.sty
Package: pgfcomp-version-1-18 2023-01-15 v3.1.10 (3.1.10)
)) (/home/flecourtier/.miktex/texmfs/install/tex/latex/pgf/utilities/pgffor.sty (/home/flecourtier/.miktex/texmfs/install/tex/latex/pgf/utilities/pgfkeys.sty (/home/flecourtier/.miktex/texmfs/install/tex/generic/pgf/utilities/pgfkeys.code.tex)) (/home/flecourtier/.miktex/texmfs/install/tex/latex/pgf/math/pgfmath.sty (/home/flecourtier/.miktex/texmfs/install/tex/generic/pgf/math/pgfmath.code.tex)) (/home/flecourtier/.miktex/texmfs/install/tex/generic/pgf/utilities/pgffor.code.tex
Package: pgffor 2023-01-15 v3.1.10 (3.1.10)
\pgffor@iter=\dimen257
\pgffor@skip=\dimen258
\pgffor@stack=\toks35
\pgffor@toks=\toks36
)) (/home/flecourtier/.miktex/texmfs/install/tex/generic/pgf/frontendlayer/tikz/tikz.code.tex
Package: tikz 2023-01-15 v3.1.10 (3.1.10)
 (/home/flecourtier/.miktex/texmfs/install/tex/generic/pgf/libraries/pgflibraryplothandlers.code.tex
File: pgflibraryplothandlers.code.tex 2023-01-15 v3.1.10 (3.1.10)
\pgf@plot@mark@count=\count292
\pgfplotmarksize=\dimen259
)
\tikz@lastx=\dimen260
\tikz@lasty=\dimen261
\tikz@lastxsaved=\dimen262
\tikz@lastysaved=\dimen263
\tikz@lastmovetox=\dimen264
\tikz@lastmovetoy=\dimen265
\tikzleveldistance=\dimen266
\tikzsiblingdistance=\dimen267
\tikz@figbox=\box62
\tikz@figbox@bg=\box63
\tikz@tempbox=\box64
\tikz@tempbox@bg=\box65
\tikztreelevel=\count293
\tikznumberofchildren=\count294
\tikznumberofcurrentchild=\count295
\tikz@fig@count=\count296
 (/home/flecourtier/.miktex/texmfs/install/tex/generic/pgf/modules/pgfmodulematrix.code.tex
File: pgfmodulematrix.code.tex 2023-01-15 v3.1.10 (3.1.10)
\pgfmatrixcurrentrow=\count297
\pgfmatrixcurrentcolumn=\count298
\pgf@matrix@numberofcolumns=\count299
)
\tikz@expandcount=\count300
 (/home/flecourtier/.miktex/texmfs/install/tex/generic/pgf/frontendlayer/tikz/libraries/tikzlibrarytopaths.code.tex
File: tikzlibrarytopaths.code.tex 2023-01-15 v3.1.10 (3.1.10)
))) (/home/flecourtier/.miktex/texmfs/install/tex/generic/pgfplots/pgfplots.code.tex (/home/flecourtier/.miktex/texmfs/install/tex/generic/pgfplots/pgfplotscore.code.tex
\t@pgfplots@toka=\toks37
\t@pgfplots@tokb=\toks38
\t@pgfplots@tokc=\toks39
\pgfplots@tmpa=\dimen268
\c@pgfplots@coordindex=\count301
\c@pgfplots@scanlineindex=\count302
 (/home/flecourtier/.miktex/texmfs/install/tex/generic/pgfplots/sys/pgfplotssysgeneric.code.tex)) (/home/flecourtier/.miktex/texmfs/install/tex/generic/pgfplots/libs/pgfplotslibrary.code.tex) (/home/flecourtier/.miktex/texmfs/install/tex/generic/pgfplots/oldpgfcompatib/pgfplotsoldpgfsupp_loader.code.tex (/home/flecourtier/.miktex/texmfs/install/tex/generic/pgf/libraries/pgflibraryfpu.code.tex)
Package pgfplots: loading complementary utilities for your pgf version...
\t@pgf@toka=\toks40
\t@pgf@tokb=\toks41
\t@pgf@tokc=\toks42
(/home/flecourtier/.miktex/texmfs/install/tex/generic/pgfplots/oldpgfcompatib/pgfplotsoldpgfsupp_pgfutil-common-lists.tex)) (/home/flecourtier/.miktex/texmfs/install/tex/generic/pgfplots/util/pgfplotsutil.code.tex (/home/flecourtier/.miktex/texmfs/install/tex/generic/pgfplots/liststructure/pgfplotsliststructure.code.tex) (/home/flecourtier/.miktex/texmfs/install/tex/generic/pgfplots/liststructure/pgfplotsliststructureext.code.tex) (/home/flecourtier/.miktex/texmfs/install/tex/generic/pgfplots/liststructure/pgfplotsarray.code.tex
\c@pgfplotsarray@tmp=\count303
) (/home/flecourtier/.miktex/texmfs/install/tex/generic/pgfplots/liststructure/pgfplotsmatrix.code.tex) (/home/flecourtier/.miktex/texmfs/install/tex/generic/pgfplots/numtable/pgfplotstableshared.code.tex
\c@pgfplotstable@counta=\count304
\t@pgfplotstable@a=\toks43
) (/home/flecourtier/.miktex/texmfs/install/tex/generic/pgfplots/liststructure/pgfplotsdeque.code.tex) (/home/flecourtier/.miktex/texmfs/install/tex/generic/pgfplots/util/pgfplotsbinary.code.tex (/home/flecourtier/.miktex/texmfs/install/tex/generic/pgfplots/util/pgfplotsbinary.data.code.tex)) (/home/flecourtier/.miktex/texmfs/install/tex/generic/pgfplots/util/pgfplotsutil.verb.code.tex) (/home/flecourtier/.miktex/texmfs/install/tex/generic/pgfplots/libs/pgflibrarypgfplots.surfshading.code.tex
\c@pgfplotslibrarysurf@no=\count305
 (/home/flecourtier/.miktex/texmfs/install/tex/generic/pgfplots/sys/pgflibrarypgfplots.surfshading.pgfsys-pdftex.def))) (/home/flecourtier/.miktex/texmfs/install/tex/generic/pgfplots/util/pgfplotscolormap.code.tex (/home/flecourtier/.miktex/texmfs/install/tex/generic/pgfplots/util/pgfplotscolor.code.tex)) (/home/flecourtier/.miktex/texmfs/install/tex/generic/pgfplots/pgfplotsstackedplots.code.tex) (/home/flecourtier/.miktex/texmfs/install/tex/generic/pgfplots/pgfplotsplothandlers.code.tex (/home/flecourtier/.miktex/texmfs/install/tex/generic/pgfplots/pgfplotsmeshplothandler.code.tex (/home/flecourtier/.miktex/texmfs/install/tex/generic/pgfplots/pgfplotsmeshplotimage.code.tex))) (/home/flecourtier/.miktex/texmfs/install/tex/generic/pgfplots/pgfplots.scaling.code.tex) (/home/flecourtier/.miktex/texmfs/install/tex/generic/pgfplots/pgfplotscoordprocessing.code.tex) (/home/flecourtier/.miktex/texmfs/install/tex/generic/pgfplots/pgfplots.errorbars.code.tex) (/home/flecourtier/.miktex/texmfs/install/tex/generic/pgfplots/pgfplots.markers.code.tex) (/home/flecourtier/.miktex/texmfs/install/tex/generic/pgfplots/pgfplotsticks.code.tex) (/home/flecourtier/.miktex/texmfs/install/tex/generic/pgfplots/pgfplots.paths.code.tex) (/home/flecourtier/.miktex/texmfs/install/tex/generic/pgf/frontendlayer/tikz/libraries/tikzlibrarydecorations.code.tex (/home/flecourtier/.miktex/texmfs/install/tex/generic/pgf/modules/pgfmoduledecorations.code.tex
\pgfdecoratedcompleteddistance=\dimen269
\pgfdecoratedremainingdistance=\dimen270
\pgfdecoratedinputsegmentcompleteddistance=\dimen271
\pgfdecoratedinputsegmentremainingdistance=\dimen272
\pgf@decorate@distancetomove=\dimen273
\pgf@decorate@repeatstate=\count306
\pgfdecorationsegmentamplitude=\dimen274
\pgfdecorationsegmentlength=\dimen275
)
\tikz@lib@dec@box=\box66
) (/home/flecourtier/.miktex/texmfs/install/tex/generic/pgf/frontendlayer/tikz/libraries/tikzlibrarydecorations.pathmorphing.code.tex (/home/flecourtier/.miktex/texmfs/install/tex/generic/pgf/libraries/decorations/pgflibrarydecorations.pathmorphing.code.tex)) (/home/flecourtier/.miktex/texmfs/install/tex/generic/pgf/frontendlayer/tikz/libraries/tikzlibrarydecorations.pathreplacing.code.tex (/home/flecourtier/.miktex/texmfs/install/tex/generic/pgf/libraries/decorations/pgflibrarydecorations.pathreplacing.code.tex)) (/home/flecourtier/.miktex/texmfs/install/tex/generic/pgfplots/libs/tikzlibrarypgfplots.contourlua.code.tex)
\pgfplots@numplots=\count307
\pgfplots@xmin@reg=\dimen276
\pgfplots@xmax@reg=\dimen277
\pgfplots@ymin@reg=\dimen278
\pgfplots@ymax@reg=\dimen279
\pgfplots@zmin@reg=\dimen280
\pgfplots@zmax@reg=\dimen281
) (/home/flecourtier/.miktex/texmfs/install/tex/generic/pgf/frontendlayer/tikz/libraries/tikzlibraryplotmarks.code.tex
File: tikzlibraryplotmarks.code.tex 2023-01-15 v3.1.10 (3.1.10)
 (/home/flecourtier/.miktex/texmfs/install/tex/generic/pgf/libraries/pgflibraryplotmarks.code.tex
File: pgflibraryplotmarks.code.tex 2023-01-15 v3.1.10 (3.1.10)
))) (/home/flecourtier/.miktex/texmfs/install/tex/latex/pgfplots/pgfplotstable.sty (/home/flecourtier/.miktex/texmfs/install/tex/generic/pgfplots/pgfplots.revision.tex)
Package: pgfplotstable 2021/05/15 v1.18.1 Table typesetting and Pretty-printing (1.18.1)
 (/home/flecourtier/.miktex/texmfs/install/tex/generic/pgfplots/numtable/pgfplotstable.code.tex (/home/flecourtier/.miktex/texmfs/install/tex/generic/pgfplots/numtable/pgfplotstable.coltype.code.tex)) (/home/flecourtier/.miktex/texmfs/install/tex/latex/tools/array.sty
Package: array 2023/10/16 v2.5g Tabular extension package (FMi)
\col@sep=\dimen282
\ar@mcellbox=\box67
\extrarowheight=\dimen283
\NC@list=\toks44
\extratabsurround=\skip57
\backup@length=\skip58
\ar@cellbox=\box68
)) (/home/flecourtier/.miktex/texmfs/install/tex/latex/datatool/datatool.sty
Package: datatool 2019/09/27 v2.32 (NLCT)
 (/home/flecourtier/.miktex/texmfs/install/tex/latex/base/ifthen.sty
Package: ifthen 2022/04/13 v1.1d Standard LaTeX ifthen package (DPC)
) (/home/flecourtier/.miktex/texmfs/install/tex/latex/xfor/xfor.sty
Package: xfor 2009/02/05 v1.05 (NLCT)
) (/home/flecourtier/.miktex/texmfs/install/tex/latex/substr/substr.sty
Package: substr 2009/10/20 v1.2 Handle substrings
\c@su@anzahl=\count308
) (/home/flecourtier/.miktex/texmfs/install/tex/latex/etoolbox/etoolbox.sty
Package: etoolbox 2020/10/05 v2.5k e-TeX tools for LaTeX (JAW)
\etb@tempcnta=\count309
) (/home/flecourtier/.miktex/texmfs/install/tex/latex/datatool/datatool-base.sty
Package: datatool-base 2019/09/27 v2.32 (NLCT)
 (/home/flecourtier/.miktex/texmfs/install/tex/latex/datatool/datatool-fp.sty
Package: datatool-fp 2019/09/27 v2.32 (NLCT)
 (/home/flecourtier/.miktex/texmfs/install/tex/latex/fp/fp.sty
Package: fp 1995/04/02
 `Fixed Point Package', Version 0.8, April 2, 1995 (C) Michael Mehlich (/home/flecourtier/.miktex/texmfs/install/tex/latex/fp/defpattern.sty
Package: defpattern 1994/10/12
\actioncount=\count310
) (/home/flecourtier/.miktex/texmfs/install/tex/latex/fp/fp-basic.sty
Package: fp-basic 1996/05/13
\FP@xs=\count311
\FP@xia=\count312
\FP@xib=\count313
\FP@xfa=\count314
\FP@xfb=\count315
\FP@rega=\count316
\FP@regb=\count317
\FP@regs=\count318
\FP@times=\count319
) (/home/flecourtier/.miktex/texmfs/install/tex/latex/fp/fp-addons.sty
Package: fp-addons 1995/03/15
) (/home/flecourtier/.miktex/texmfs/install/tex/latex/fp/fp-snap.sty
Package: fp-snap 1995/04/05
) (/home/flecourtier/.miktex/texmfs/install/tex/latex/fp/fp-exp.sty
Package: fp-exp 1995/04/03
) (/home/flecourtier/.miktex/texmfs/install/tex/latex/fp/fp-trigo.sty
Package: fp-trigo 1995/04/14
) (/home/flecourtier/.miktex/texmfs/install/tex/latex/fp/fp-pas.sty
Package: fp-pas 1994/08/29
) (/home/flecourtier/.miktex/texmfs/install/tex/latex/fp/fp-random.sty
Package: fp-random 1995/02/23
\FPseed=\count320
) (/home/flecourtier/.miktex/texmfs/install/tex/latex/fp/fp-eqn.sty
Package: fp-eqn 1995/04/03
) (/home/flecourtier/.miktex/texmfs/install/tex/latex/fp/fp-upn.sty
Package: fp-upn 1996/10/21
) (/home/flecourtier/.miktex/texmfs/install/tex/latex/fp/fp-eval.sty
Package: fp-eval 1995/04/03
)))
\@dtl@toks=\toks45
\@dtl@tmpcount=\count321
\dtl@tmplength=\skip59
\dtl@sortresult=\count322
\@dtl@numgrpsepcount=\count323
\@dtl@datatype=\count324
\dtl@codeA=\count325
\dtl@codeB=\count326
\@dtl@foreach@level=\count327
)
\dtlcolumnnum=\count328
\dtlrownum=\count329
\@dtl@before=\toks46
\@dtl@after=\toks47
\@dtl@colhead=\toks48
\dtlcurrentrow=\toks49
\dtlbeforerow=\toks50
\dtlafterrow=\toks51
\dtlforeachlevel=\count330
\c@DTLrowi=\count331
\c@DTLrowii=\count332
\c@DTLrowiii=\count333
\c@DTLrow=\count334
\dtl@rowi=\count335
\dtl@rowii=\count336
\dtl@rowiii=\count337
\@dtl@curi=\toks52
\@dtl@previ=\toks53
\@dtl@nexti=\toks54
\@dtl@curii=\toks55
\@dtl@previi=\toks56
\@dtl@nextii=\toks57
\@dtl@curiii=\toks58
\@dtl@previii=\toks59
\@dtl@nextiii=\toks60
\@dtl@elements=\count338
\@dtl@list=\toks61
\@dtl@rowa=\toks62
\@dtl@rowb=\toks63
\@dtl@toksA=\toks64
\@dtl@toksB=\toks65
\@dtl@write=\write4
\@dtl@read=\read3
\dtl@entrycr=\count339
\dtl@omitlines=\count340
) (/home/flecourtier/.miktex/texmfs/install/tex/generic/pgf/frontendlayer/tikz/libraries/tikzlibrarybackgrounds.code.tex
File: tikzlibrarybackgrounds.code.tex 2023-01-15 v3.1.10 (3.1.10)
\pgf@layerbox@background=\box69
\pgf@layerboxsaved@background=\box70
) (/home/flecourtier/.miktex/texmfs/install/tex/generic/pgf/frontendlayer/tikz/libraries/tikzlibraryfpu.code.tex) (/home/flecourtier/.miktex/texmfs/install/tex/generic/pgf/frontendlayer/tikz/libraries/tikzlibraryfixedpointarithmetic.code.tex (/home/flecourtier/.miktex/texmfs/install/tex/generic/pgf/libraries/pgflibraryfixedpointarithmetic.code.tex)) (/home/flecourtier/.miktex/texmfs/install/tex/generic/pgf/frontendlayer/tikz/libraries/tikzlibrarybabel.code.tex
File: tikzlibrarybabel.code.tex 2023-01-15 v3.1.10 (3.1.10)
) (/home/flecourtier/.miktex/texmfs/install/tex/latex/pgf/frontendlayer/libraries/tikzlibraryexternal.code.tex (/home/flecourtier/.miktex/texmfs/install/tex/generic/pdftexcmds/pdftexcmds.sty
Package: pdftexcmds 2020-06-27 v0.33 Utility functions of pdfTeX for LuaTeX (HO)
 (/home/flecourtier/.miktex/texmfs/install/tex/generic/infwarerr/infwarerr.sty
Package: infwarerr 2019/12/03 v1.5 Providing info/warning/error messages (HO)
) (/home/flecourtier/.miktex/texmfs/install/tex/generic/ltxcmds/ltxcmds.sty
Package: ltxcmds 2023-12-04 v1.26 LaTeX kernel commands for general use (HO)
)
Package pdftexcmds Info: \pdf@primitive is available.
Package pdftexcmds Info: \pdf@ifprimitive is available.
Package pdftexcmds Info: \pdfdraftmode found.
) (/home/flecourtier/.miktex/texmfs/install/tex/latex/base/atveryend-ltx.sty
Package: atveryend-ltx 2020/08/19 v1.0a Emulation of the original atveryend package
with kernel methods
) (/home/flecourtier/.miktex/texmfs/install/tex/generic/pgf/frontendlayer/tikz/libraries/tikzexternalshared.code.tex)) (/home/flecourtier/.miktex/texmfs/install/tex/generic/pgf/libraries/pgflibraryarrows.meta.code.tex
File: pgflibraryarrows.meta.code.tex 2023-01-15 v3.1.10 (3.1.10)
\pgfarrowinset=\dimen284
\pgfarrowlength=\dimen285
\pgfarrowwidth=\dimen286
\pgfarrowlinewidth=\dimen287
) (/home/flecourtier/.miktex/texmfs/install/tex/generic/pgf/frontendlayer/tikz/libraries/tikzlibrarypositioning.code.tex
File: tikzlibrarypositioning.code.tex 2023-01-15 v3.1.10 (3.1.10)
) (/home/flecourtier/.miktex/texmfs/install/tex/generic/pgf/frontendlayer/tikz/libraries/tikzlibraryangles.code.tex
File: tikzlibraryangles.code.tex 2023-01-15 v3.1.10 (3.1.10)
) (/home/flecourtier/.miktex/texmfs/install/tex/generic/pgf/frontendlayer/tikz/libraries/tikzlibraryquotes.code.tex
File: tikzlibraryquotes.code.tex 2023-01-15 v3.1.10 (3.1.10)
) (/home/flecourtier/.miktex/texmfs/install/tex/generic/pgf/frontendlayer/tikz/libraries/tikzlibraryintersections.code.tex (/home/flecourtier/.miktex/texmfs/install/tex/generic/pgf/libraries/pgflibraryintersections.code.tex
\pgf@intersect@solutions=\count341
)) (/home/flecourtier/.miktex/texmfs/install/tex/generic/pgf/frontendlayer/tikz/libraries/tikzlibrarycalc.code.tex
File: tikzlibrarycalc.code.tex 2023-01-15 v3.1.10 (3.1.10)
) (/home/flecourtier/.miktex/texmfs/install/tex/generic/pgf/frontendlayer/tikz/libraries/tikzlibraryspy.code.tex
File: tikzlibraryspy.code.tex 2023-01-15 v3.1.10 (3.1.10)
\tikz@lib@spybox=\box71
) (/home/flecourtier/.miktex/texmfs/install/tex/generic/pgf/frontendlayer/tikz/libraries/tikzlibrarymatrix.code.tex
File: tikzlibrarymatrix.code.tex 2023-01-15 v3.1.10 (3.1.10)
) (/home/flecourtier/.miktex/texmfs/install/tex/generic/pgf/frontendlayer/tikz/libraries/tikzlibraryfit.code.tex
File: tikzlibraryfit.code.tex 2023-01-15 v3.1.10 (3.1.10)
) (/home/flecourtier/.miktex/texmfs/install/tex/generic/pgfplots/libs/tikzlibrarypgfplots.fillbetween.code.tex (/home/flecourtier/.miktex/texmfs/install/tex/generic/pgfplots/pgfcontrib/tikzlibraryfillbetween.code.tex (/home/flecourtier/.miktex/texmfs/install/tex/generic/pgfplots/pgfcontrib/tikzlibrarydecorations.softclip.code.tex (/home/flecourtier/.miktex/texmfs/install/tex/generic/pgfplots/pgfcontrib/pgflibraryfillbetween.code.tex))) (/home/flecourtier/.miktex/texmfs/install/tex/generic/pgfplots/libs/tikzlibrarypgfplots.decorations.softclip.code.tex))
\plotwidth=\skip60
\plotheight=\skip61
 (/home/flecourtier/.miktex/texmfs/install/tex/latex/l3backend/l3backend-pdftex.def
File: l3backend-pdftex.def 2024-01-04 L3 backend support: PDF output (pdfTeX)
\l__color_backend_stack_int=\count342
\l__pdf_internal_box=\box72
) (times.aux

LaTeX Warning: Label `leg:legendFEMCORR_1' multiply defined.


LaTeX Warning: Label `leg:legendFEMCORR_1' multiply defined.

)
\openout1 = `times.aux'.

LaTeX Font Info:    Checking defaults for OML/cmm/m/it on input line 195.
LaTeX Font Info:    ... okay on input line 195.
LaTeX Font Info:    Checking defaults for OMS/cmsy/m/n on input line 195.
LaTeX Font Info:    ... okay on input line 195.
LaTeX Font Info:    Checking defaults for OT1/cmr/m/n on input line 195.
LaTeX Font Info:    ... okay on input line 195.
LaTeX Font Info:    Checking defaults for T1/cmr/m/n on input line 195.
LaTeX Font Info:    ... okay on input line 195.
LaTeX Font Info:    Checking defaults for TS1/cmr/m/n on input line 195.
LaTeX Font Info:    ... okay on input line 195.
LaTeX Font Info:    Checking defaults for OMX/cmex/m/n on input line 195.
LaTeX Font Info:    ... okay on input line 195.
LaTeX Font Info:    Checking defaults for U/cmr/m/n on input line 195.
LaTeX Font Info:    ... okay on input line 195.
 (/home/flecourtier/.miktex/texmfs/install/tex/context/base/mkii/supp-pdf.mkii
[Loading MPS to PDF converter (version 2006.09.02).]
\scratchcounter=\count343
\scratchdimen=\dimen288
\scratchbox=\box73
\nofMPsegments=\count344
\nofMParguments=\count345
\everyMPshowfont=\toks66
\MPscratchCnt=\count346
\MPscratchDim=\dimen289
\MPnumerator=\count347
\makeMPintoPDFobject=\count348
\everyMPtoPDFconversion=\toks67
) (/home/flecourtier/.miktex/texmfs/install/tex/latex/epstopdf-pkg/epstopdf-base.sty
Package: epstopdf-base 2020-01-24 v2.11 Base part for package epstopdf
Package epstopdf-base Info: Redefining graphics rule for `.eps' on input line 485.
 (/home/flecourtier/.miktex/texmfs/install/tex/latex/00miktex/epstopdf-sys.cfg
File: epstopdf-sys.cfg 2021/03/18 v2.0 Configuration of epstopdf for MiKTeX
))
Package pgfplots notification 'compat/show suggested version=true': document has been generated with the most recent feature set (\pgfplotsset{compat=1.18}).

Package pgfplots info on input line 198: Using 'lua backend=false' for axis: xmode=log unsupported (yet).
Package pgfplots info on input line 198: Using 'lua backend=false' for axis: ymode=log unsupported (yet).
PGFPlots: reading {data/data_FEM_P1.csv}
PGFPlots: reading {data/data_FEMinit_P1.csv}
PGFPlots: reading {data/data_ADD_P1.csv}
LaTeX Font Info:    Trying to load font information for U+msa on input line 198.
(/home/flecourtier/.miktex/texmfs/install/tex/latex/amsfonts/umsa.fd
File: umsa.fd 2013/01/14 v3.01 AMS symbols A
)
LaTeX Font Info:    Trying to load font information for U+msb on input line 198.
 (/home/flecourtier/.miktex/texmfs/install/tex/latex/amsfonts/umsb.fd
File: umsb.fd 2013/01/14 v3.01 AMS symbols B
)
Package pgfplots info on input line 202: Using 'lua backend=false' for axis: xmode=log unsupported (yet).
Package pgfplots info on input line 202: Using 'lua backend=false' for axis: ymode=log unsupported (yet).
PGFPlots: reading {data/data_FEM_P2.csv}
PGFPlots: reading {data/data_FEMinit_P2.csv}
PGFPlots: reading {data/data_ADD_P2.csv}
Package pgfplots info on input line 206: Using 'lua backend=false' for axis: xmode=log unsupported (yet).
Package pgfplots info on input line 206: Using 'lua backend=false' for axis: ymode=log unsupported (yet).
PGFPlots: reading {data/data_FEM_P3.csv}
PGFPlots: reading {data/data_FEMinit_P3.csv}
PGFPlots: reading {data/data_ADD_P3.csv}
 [1

{/home/flecourtier/.miktex/texmfs/data/fonts/map/pdftex/pdftex.map}] (times.aux)
 ***********
LaTeX2e <2023-11-01> patch level 1
L3 programming layer <2024-01-04>
 ***********


LaTeX Warning: There were multiply-defined labels.

 ) 
Here is how much of TeX's memory you used:
 29407 strings out of 474480
 749043 string characters out of 5745521
 1967539 words of memory out of 5000000
 51133 multiletter control sequences out of 15000+600000
 563359 words of font info for 57 fonts, out of 8000000 for 9000
 1141 hyphenation exceptions out of 8191
 99i,18n,107p,5763b,2135s stack positions out of 10000i,1000n,20000p,200000b,200000s
</home/flecourtier/.miktex/texmfs/install/fonts/type1/public/amsfonts/cm/cmmi8.pfb></home/flecourtier/.miktex/texmfs/install/fonts/type1/public/amsfonts/cm/cmr6.pfb></home/flecourtier/.miktex/texmfs/install/fonts/type1/public/amsfonts/cm/cmr8.pfb></home/flecourtier/.miktex/texmfs/install/fonts/type1/public/amsfonts/cm/cmr9.pfb></home/flecourtier/.miktex/texmfs/install/fonts/type1/public/amsfonts/cm/cmsy6.pfb></home/flecourtier/.miktex/texmfs/install/fonts/type1/public/amsfonts/symbols/msbm10.pfb>
Output written on times.pdf (1 page, 61679 bytes).
PDF statistics:
 39 PDF objects out of 1000 (max. 8388607)
 0 named destinations out of 1000 (max. 500000)
 13 words of extra memory for PDF output out of 10000 (max. 10000000)

