This is XeTeX, Version 3.141592653-2.6-0.999996 (MiKTeX 24.4) (preloaded format=xelatex 2024.3.18)  4 JUN 2024 15:34
entering extended mode
 restricted \write18 enabled.
 %&-line parsing enabled.
**./gains.tex
(gains.tex
LaTeX2e <2023-11-01> patch level 1
L3 programming layer <2024-01-04>
(/home/flecourtier/.miktex/texmfs/install/tex/latex/base/article.cls
Document Class: article 2023/05/17 v1.4n Standard LaTeX document class
(/home/flecourtier/.miktex/texmfs/install/tex/latex/base/size10.clo
File: size10.clo 2023/05/17 v1.4n Standard LaTeX file (size option)
)
\c@part=\count183
\c@section=\count184
\c@subsection=\count185
\c@subsubsection=\count186
\c@paragraph=\count187
\c@subparagraph=\count188
\c@figure=\count189
\c@table=\count190
\abovecaptionskip=\skip48
\belowcaptionskip=\skip49
\bibindent=\dimen140
)
(/home/flecourtier/.miktex/texmfs/install/tex/latex/amsfonts/amssymb.sty
Package: amssymb 2013/01/14 v3.01 AMS font symbols

(/home/flecourtier/.miktex/texmfs/install/tex/latex/amsfonts/amsfonts.sty
Package: amsfonts 2013/01/14 v3.01 Basic AMSFonts support
\@emptytoks=\toks17
\symAMSa=\mathgroup4
\symAMSb=\mathgroup5
LaTeX Font Info:    Redeclaring math symbol \hbar on input line 98.
LaTeX Font Info:    Overwriting math alphabet `\mathfrak' in version `bold'
(Font)                  U/euf/m/n --> U/euf/b/n on input line 106.
))
(/home/flecourtier/.miktex/texmfs/install/tex/latex/mathtools/mathtools.sty
Package: mathtools 2022/06/29 v1.29 mathematical typesetting tools

(/home/flecourtier/.miktex/texmfs/install/tex/latex/graphics/keyval.sty
Package: keyval 2022/05/29 v1.15 key=value parser (DPC)
\KV@toks@=\toks18
)
(/home/flecourtier/.miktex/texmfs/install/tex/latex/tools/calc.sty
Package: calc 2023/07/08 v4.3 Infix arithmetic (KKT,FJ)
\calc@Acount=\count191
\calc@Bcount=\count192
\calc@Adimen=\dimen141
\calc@Bdimen=\dimen142
\calc@Askip=\skip50
\calc@Bskip=\skip51
LaTeX Info: Redefining \setlength on input line 80.
LaTeX Info: Redefining \addtolength on input line 81.
\calc@Ccount=\count193
\calc@Cskip=\skip52
)
(/home/flecourtier/.miktex/texmfs/install/tex/latex/mathtools/mhsetup.sty
Package: mhsetup 2021/03/18 v1.4 programming setup (MH)
)
(/home/flecourtier/.miktex/texmfs/install/tex/latex/amsmath/amsmath.sty
Package: amsmath 2023/05/13 v2.17o AMS math features
\@mathmargin=\skip53

For additional information on amsmath, use the `?' option.
(/home/flecourtier/.miktex/texmfs/install/tex/latex/amsmath/amstext.sty
Package: amstext 2021/08/26 v2.01 AMS text

(/home/flecourtier/.miktex/texmfs/install/tex/latex/amsmath/amsgen.sty
File: amsgen.sty 1999/11/30 v2.0 generic functions
\@emptytoks=\toks19
\ex@=\dimen143
))
(/home/flecourtier/.miktex/texmfs/install/tex/latex/amsmath/amsbsy.sty
Package: amsbsy 1999/11/29 v1.2d Bold Symbols
\pmbraise@=\dimen144
)
(/home/flecourtier/.miktex/texmfs/install/tex/latex/amsmath/amsopn.sty
Package: amsopn 2022/04/08 v2.04 operator names
)
\inf@bad=\count194
LaTeX Info: Redefining \frac on input line 234.
\uproot@=\count195
\leftroot@=\count196
LaTeX Info: Redefining \overline on input line 399.
LaTeX Info: Redefining \colon on input line 410.
\classnum@=\count197
\DOTSCASE@=\count198
LaTeX Info: Redefining \ldots on input line 496.
LaTeX Info: Redefining \dots on input line 499.
LaTeX Info: Redefining \cdots on input line 620.
\Mathstrutbox@=\box51
\strutbox@=\box52
LaTeX Info: Redefining \big on input line 722.
LaTeX Info: Redefining \Big on input line 723.
LaTeX Info: Redefining \bigg on input line 724.
LaTeX Info: Redefining \Bigg on input line 725.
\big@size=\dimen145
LaTeX Font Info:    Redeclaring font encoding OML on input line 743.
LaTeX Font Info:    Redeclaring font encoding OMS on input line 744.
\macc@depth=\count199
LaTeX Info: Redefining \bmod on input line 905.
LaTeX Info: Redefining \pmod on input line 910.
LaTeX Info: Redefining \smash on input line 940.
LaTeX Info: Redefining \relbar on input line 970.
LaTeX Info: Redefining \Relbar on input line 971.
\c@MaxMatrixCols=\count266
\dotsspace@=\muskip16
\c@parentequation=\count267
\dspbrk@lvl=\count268
\tag@help=\toks20
\row@=\count269
\column@=\count270
\maxfields@=\count271
\andhelp@=\toks21
\eqnshift@=\dimen146
\alignsep@=\dimen147
\tagshift@=\dimen148
\tagwidth@=\dimen149
\totwidth@=\dimen150
\lineht@=\dimen151
\@envbody=\toks22
\multlinegap=\skip54
\multlinetaggap=\skip55
\mathdisplay@stack=\toks23
LaTeX Info: Redefining \[ on input line 2953.
LaTeX Info: Redefining \] on input line 2954.
)
\g_MT_multlinerow_int=\count272
\l_MT_multwidth_dim=\dimen152
\origjot=\skip56
\l_MT_shortvdotswithinadjustabove_dim=\dimen153
\l_MT_shortvdotswithinadjustbelow_dim=\dimen154
\l_MT_above_intertext_sep=\dimen155
\l_MT_below_intertext_sep=\dimen156
\l_MT_above_shortintertext_sep=\dimen157
\l_MT_below_shortintertext_sep=\dimen158
\xmathstrut@box=\box53
\xmathstrut@dim=\dimen159
)
(/home/flecourtier/.miktex/texmfs/install/tex/latex/pgfplots/pgfplots.sty
(/home/flecourtier/.miktex/texmfs/install/tex/generic/pgfplots/pgfplots.revisio
n.tex)
Package: pgfplots 2021/05/15 v1.18.1 Data Visualization (1.18.1)

(/home/flecourtier/.miktex/texmfs/install/tex/latex/graphics/graphicx.sty
Package: graphicx 2021/09/16 v1.2d Enhanced LaTeX Graphics (DPC,SPQR)

(/home/flecourtier/.miktex/texmfs/install/tex/latex/graphics/graphics.sty
Package: graphics 2022/03/10 v1.4e Standard LaTeX Graphics (DPC,SPQR)

(/home/flecourtier/.miktex/texmfs/install/tex/latex/graphics/trig.sty
Package: trig 2021/08/11 v1.11 sin cos tan (DPC)
)
(/home/flecourtier/.miktex/texmfs/install/tex/latex/graphics-cfg/graphics.cfg
File: graphics.cfg 2016/06/04 v1.11 sample graphics configuration
)
Package graphics Info: Driver file: xetex.def on input line 107.

(/home/flecourtier/.miktex/texmfs/install/tex/latex/graphics-def/xetex.def
File: xetex.def 2022/09/22 v5.0n Graphics/color driver for xetex
))
\Gin@req@height=\dimen160
\Gin@req@width=\dimen161
)
(/home/flecourtier/.miktex/texmfs/install/tex/latex/pgf/frontendlayer/tikz.sty
(/home/flecourtier/.miktex/texmfs/install/tex/latex/pgf/basiclayer/pgf.sty
(/home/flecourtier/.miktex/texmfs/install/tex/latex/pgf/utilities/pgfrcs.sty
(/home/flecourtier/.miktex/texmfs/install/tex/generic/pgf/utilities/pgfutil-com
mon.tex
\pgfutil@everybye=\toks24
\pgfutil@tempdima=\dimen162
\pgfutil@tempdimb=\dimen163
)
(/home/flecourtier/.miktex/texmfs/install/tex/generic/pgf/utilities/pgfutil-lat
ex.def
\pgfutil@abb=\box54
)
(/home/flecourtier/.miktex/texmfs/install/tex/generic/pgf/utilities/pgfrcs.code
.tex (/home/flecourtier/.miktex/texmfs/install/tex/generic/pgf/pgf.revision.tex
)
Package: pgfrcs 2023-01-15 v3.1.10 (3.1.10)
))
Package: pgf 2023-01-15 v3.1.10 (3.1.10)

(/home/flecourtier/.miktex/texmfs/install/tex/latex/pgf/basiclayer/pgfcore.sty
(/home/flecourtier/.miktex/texmfs/install/tex/latex/pgf/systemlayer/pgfsys.sty
(/home/flecourtier/.miktex/texmfs/install/tex/generic/pgf/systemlayer/pgfsys.co
de.tex
Package: pgfsys 2023-01-15 v3.1.10 (3.1.10)

(/home/flecourtier/.miktex/texmfs/install/tex/generic/pgf/utilities/pgfkeys.cod
e.tex
\pgfkeys@pathtoks=\toks25
\pgfkeys@temptoks=\toks26

(/home/flecourtier/.miktex/texmfs/install/tex/generic/pgf/utilities/pgfkeyslibr
aryfiltered.code.tex
\pgfkeys@tmptoks=\toks27
))
\pgf@x=\dimen164
\pgf@y=\dimen165
\pgf@xa=\dimen166
\pgf@ya=\dimen167
\pgf@xb=\dimen168
\pgf@yb=\dimen169
\pgf@xc=\dimen170
\pgf@yc=\dimen171
\pgf@xd=\dimen172
\pgf@yd=\dimen173
\w@pgf@writea=\write3
\r@pgf@reada=\read2
\c@pgf@counta=\count273
\c@pgf@countb=\count274
\c@pgf@countc=\count275
\c@pgf@countd=\count276
\t@pgf@toka=\toks28
\t@pgf@tokb=\toks29
\t@pgf@tokc=\toks30
\pgf@sys@id@count=\count277

(/home/flecourtier/.miktex/texmfs/install/tex/generic/pgf/systemlayer/pgf.cfg
File: pgf.cfg 2023-01-15 v3.1.10 (3.1.10)
)
Driver file for pgf: pgfsys-xetex.def

(/home/flecourtier/.miktex/texmfs/install/tex/generic/pgf/systemlayer/pgfsys-xe
tex.def
File: pgfsys-xetex.def 2023-01-15 v3.1.10 (3.1.10)

(/home/flecourtier/.miktex/texmfs/install/tex/generic/pgf/systemlayer/pgfsys-dv
ipdfmx.def
File: pgfsys-dvipdfmx.def 2023-01-15 v3.1.10 (3.1.10)

(/home/flecourtier/.miktex/texmfs/install/tex/generic/pgf/systemlayer/pgfsys-co
mmon-pdf.def
File: pgfsys-common-pdf.def 2023-01-15 v3.1.10 (3.1.10)
)
\pgfsys@objnum=\count278
)))
(/home/flecourtier/.miktex/texmfs/install/tex/generic/pgf/systemlayer/pgfsyssof
tpath.code.tex
File: pgfsyssoftpath.code.tex 2023-01-15 v3.1.10 (3.1.10)
\pgfsyssoftpath@smallbuffer@items=\count279
\pgfsyssoftpath@bigbuffer@items=\count280
)
(/home/flecourtier/.miktex/texmfs/install/tex/generic/pgf/systemlayer/pgfsyspro
tocol.code.tex
File: pgfsysprotocol.code.tex 2023-01-15 v3.1.10 (3.1.10)
))
(/home/flecourtier/.miktex/texmfs/install/tex/latex/xcolor/xcolor.sty
Package: xcolor 2023/11/15 v3.01 LaTeX color extensions (UK)

(/home/flecourtier/.miktex/texmfs/install/tex/latex/graphics-cfg/color.cfg
File: color.cfg 2016/01/02 v1.6 sample color configuration
)
Package xcolor Info: Driver file: xetex.def on input line 274.

(/home/flecourtier/.miktex/texmfs/install/tex/latex/graphics/mathcolor.ltx)
Package xcolor Info: Model `cmy' substituted by `cmy0' on input line 1350.
Package xcolor Info: Model `RGB' extended on input line 1366.
Package xcolor Info: Model `HTML' substituted by `rgb' on input line 1368.
Package xcolor Info: Model `Hsb' substituted by `hsb' on input line 1369.
Package xcolor Info: Model `tHsb' substituted by `hsb' on input line 1370.
Package xcolor Info: Model `HSB' substituted by `hsb' on input line 1371.
Package xcolor Info: Model `Gray' substituted by `gray' on input line 1372.
Package xcolor Info: Model `wave' substituted by `hsb' on input line 1373.
)
(/home/flecourtier/.miktex/texmfs/install/tex/generic/pgf/basiclayer/pgfcore.co
de.tex
Package: pgfcore 2023-01-15 v3.1.10 (3.1.10)

(/home/flecourtier/.miktex/texmfs/install/tex/generic/pgf/math/pgfmath.code.tex

(/home/flecourtier/.miktex/texmfs/install/tex/generic/pgf/math/pgfmathutil.code
.tex)
(/home/flecourtier/.miktex/texmfs/install/tex/generic/pgf/math/pgfmathparser.co
de.tex
\pgfmath@dimen=\dimen174
\pgfmath@count=\count281
\pgfmath@box=\box55
\pgfmath@toks=\toks31
\pgfmath@stack@operand=\toks32
\pgfmath@stack@operation=\toks33
)
(/home/flecourtier/.miktex/texmfs/install/tex/generic/pgf/math/pgfmathfunctions
.code.tex)
(/home/flecourtier/.miktex/texmfs/install/tex/generic/pgf/math/pgfmathfunctions
.basic.code.tex)
(/home/flecourtier/.miktex/texmfs/install/tex/generic/pgf/math/pgfmathfunctions
.trigonometric.code.tex)
(/home/flecourtier/.miktex/texmfs/install/tex/generic/pgf/math/pgfmathfunctions
.random.code.tex)
(/home/flecourtier/.miktex/texmfs/install/tex/generic/pgf/math/pgfmathfunctions
.comparison.code.tex)
(/home/flecourtier/.miktex/texmfs/install/tex/generic/pgf/math/pgfmathfunctions
.base.code.tex)
(/home/flecourtier/.miktex/texmfs/install/tex/generic/pgf/math/pgfmathfunctions
.round.code.tex)
(/home/flecourtier/.miktex/texmfs/install/tex/generic/pgf/math/pgfmathfunctions
.misc.code.tex)
(/home/flecourtier/.miktex/texmfs/install/tex/generic/pgf/math/pgfmathfunctions
.integerarithmetics.code.tex)
(/home/flecourtier/.miktex/texmfs/install/tex/generic/pgf/math/pgfmathcalc.code
.tex)
(/home/flecourtier/.miktex/texmfs/install/tex/generic/pgf/math/pgfmathfloat.cod
e.tex
\c@pgfmathroundto@lastzeros=\count282
))
(/home/flecourtier/.miktex/texmfs/install/tex/generic/pgf/math/pgfint.code.tex)

(/home/flecourtier/.miktex/texmfs/install/tex/generic/pgf/basiclayer/pgfcorepoi
nts.code.tex
File: pgfcorepoints.code.tex 2023-01-15 v3.1.10 (3.1.10)
\pgf@picminx=\dimen175
\pgf@picmaxx=\dimen176
\pgf@picminy=\dimen177
\pgf@picmaxy=\dimen178
\pgf@pathminx=\dimen179
\pgf@pathmaxx=\dimen180
\pgf@pathminy=\dimen181
\pgf@pathmaxy=\dimen182
\pgf@xx=\dimen183
\pgf@xy=\dimen184
\pgf@yx=\dimen185
\pgf@yy=\dimen186
\pgf@zx=\dimen187
\pgf@zy=\dimen188
)
(/home/flecourtier/.miktex/texmfs/install/tex/generic/pgf/basiclayer/pgfcorepat
hconstruct.code.tex
File: pgfcorepathconstruct.code.tex 2023-01-15 v3.1.10 (3.1.10)
\pgf@path@lastx=\dimen189
\pgf@path@lasty=\dimen190
)
(/home/flecourtier/.miktex/texmfs/install/tex/generic/pgf/basiclayer/pgfcorepat
husage.code.tex
File: pgfcorepathusage.code.tex 2023-01-15 v3.1.10 (3.1.10)
\pgf@shorten@end@additional=\dimen191
\pgf@shorten@start@additional=\dimen192
)
(/home/flecourtier/.miktex/texmfs/install/tex/generic/pgf/basiclayer/pgfcoresco
pes.code.tex
File: pgfcorescopes.code.tex 2023-01-15 v3.1.10 (3.1.10)
\pgfpic=\box56
\pgf@hbox=\box57
\pgf@layerbox@main=\box58
\pgf@picture@serial@count=\count283
)
(/home/flecourtier/.miktex/texmfs/install/tex/generic/pgf/basiclayer/pgfcoregra
phicstate.code.tex
File: pgfcoregraphicstate.code.tex 2023-01-15 v3.1.10 (3.1.10)
\pgflinewidth=\dimen193
)
(/home/flecourtier/.miktex/texmfs/install/tex/generic/pgf/basiclayer/pgfcoretra
nsformations.code.tex
File: pgfcoretransformations.code.tex 2023-01-15 v3.1.10 (3.1.10)
\pgf@pt@x=\dimen194
\pgf@pt@y=\dimen195
\pgf@pt@temp=\dimen196
)
(/home/flecourtier/.miktex/texmfs/install/tex/generic/pgf/basiclayer/pgfcorequi
ck.code.tex
File: pgfcorequick.code.tex 2023-01-15 v3.1.10 (3.1.10)
)
(/home/flecourtier/.miktex/texmfs/install/tex/generic/pgf/basiclayer/pgfcoreobj
ects.code.tex
File: pgfcoreobjects.code.tex 2023-01-15 v3.1.10 (3.1.10)
)
(/home/flecourtier/.miktex/texmfs/install/tex/generic/pgf/basiclayer/pgfcorepat
hprocessing.code.tex
File: pgfcorepathprocessing.code.tex 2023-01-15 v3.1.10 (3.1.10)
)
(/home/flecourtier/.miktex/texmfs/install/tex/generic/pgf/basiclayer/pgfcorearr
ows.code.tex
File: pgfcorearrows.code.tex 2023-01-15 v3.1.10 (3.1.10)
\pgfarrowsep=\dimen197
)
(/home/flecourtier/.miktex/texmfs/install/tex/generic/pgf/basiclayer/pgfcoresha
de.code.tex
File: pgfcoreshade.code.tex 2023-01-15 v3.1.10 (3.1.10)
\pgf@max=\dimen198
\pgf@sys@shading@range@num=\count284
\pgf@shadingcount=\count285
)
(/home/flecourtier/.miktex/texmfs/install/tex/generic/pgf/basiclayer/pgfcoreima
ge.code.tex
File: pgfcoreimage.code.tex 2023-01-15 v3.1.10 (3.1.10)
)
(/home/flecourtier/.miktex/texmfs/install/tex/generic/pgf/basiclayer/pgfcoreext
ernal.code.tex
File: pgfcoreexternal.code.tex 2023-01-15 v3.1.10 (3.1.10)
\pgfexternal@startupbox=\box59
)
(/home/flecourtier/.miktex/texmfs/install/tex/generic/pgf/basiclayer/pgfcorelay
ers.code.tex
File: pgfcorelayers.code.tex 2023-01-15 v3.1.10 (3.1.10)
)
(/home/flecourtier/.miktex/texmfs/install/tex/generic/pgf/basiclayer/pgfcoretra
nsparency.code.tex
File: pgfcoretransparency.code.tex 2023-01-15 v3.1.10 (3.1.10)
)
(/home/flecourtier/.miktex/texmfs/install/tex/generic/pgf/basiclayer/pgfcorepat
terns.code.tex
File: pgfcorepatterns.code.tex 2023-01-15 v3.1.10 (3.1.10)
)
(/home/flecourtier/.miktex/texmfs/install/tex/generic/pgf/basiclayer/pgfcorerdf
.code.tex
File: pgfcorerdf.code.tex 2023-01-15 v3.1.10 (3.1.10)
)))
(/home/flecourtier/.miktex/texmfs/install/tex/generic/pgf/modules/pgfmoduleshap
es.code.tex
File: pgfmoduleshapes.code.tex 2023-01-15 v3.1.10 (3.1.10)
\pgfnodeparttextbox=\box60
)
(/home/flecourtier/.miktex/texmfs/install/tex/generic/pgf/modules/pgfmoduleplot
.code.tex
File: pgfmoduleplot.code.tex 2023-01-15 v3.1.10 (3.1.10)
)
(/home/flecourtier/.miktex/texmfs/install/tex/latex/pgf/compatibility/pgfcomp-v
ersion-0-65.sty
Package: pgfcomp-version-0-65 2023-01-15 v3.1.10 (3.1.10)
\pgf@nodesepstart=\dimen199
\pgf@nodesepend=\dimen256
)
(/home/flecourtier/.miktex/texmfs/install/tex/latex/pgf/compatibility/pgfcomp-v
ersion-1-18.sty
Package: pgfcomp-version-1-18 2023-01-15 v3.1.10 (3.1.10)
))
(/home/flecourtier/.miktex/texmfs/install/tex/latex/pgf/utilities/pgffor.sty
(/home/flecourtier/.miktex/texmfs/install/tex/latex/pgf/utilities/pgfkeys.sty
(/home/flecourtier/.miktex/texmfs/install/tex/generic/pgf/utilities/pgfkeys.cod
e.tex))
(/home/flecourtier/.miktex/texmfs/install/tex/latex/pgf/math/pgfmath.sty
(/home/flecourtier/.miktex/texmfs/install/tex/generic/pgf/math/pgfmath.code.tex
))
(/home/flecourtier/.miktex/texmfs/install/tex/generic/pgf/utilities/pgffor.code
.tex
Package: pgffor 2023-01-15 v3.1.10 (3.1.10)
\pgffor@iter=\dimen257
\pgffor@skip=\dimen258
\pgffor@stack=\toks34
\pgffor@toks=\toks35
))
(/home/flecourtier/.miktex/texmfs/install/tex/generic/pgf/frontendlayer/tikz/ti
kz.code.tex
Package: tikz 2023-01-15 v3.1.10 (3.1.10)

(/home/flecourtier/.miktex/texmfs/install/tex/generic/pgf/libraries/pgflibraryp
lothandlers.code.tex
File: pgflibraryplothandlers.code.tex 2023-01-15 v3.1.10 (3.1.10)
\pgf@plot@mark@count=\count286
\pgfplotmarksize=\dimen259
)
\tikz@lastx=\dimen260
\tikz@lasty=\dimen261
\tikz@lastxsaved=\dimen262
\tikz@lastysaved=\dimen263
\tikz@lastmovetox=\dimen264
\tikz@lastmovetoy=\dimen265
\tikzleveldistance=\dimen266
\tikzsiblingdistance=\dimen267
\tikz@figbox=\box61
\tikz@figbox@bg=\box62
\tikz@tempbox=\box63
\tikz@tempbox@bg=\box64
\tikztreelevel=\count287
\tikznumberofchildren=\count288
\tikznumberofcurrentchild=\count289
\tikz@fig@count=\count290

(/home/flecourtier/.miktex/texmfs/install/tex/generic/pgf/modules/pgfmodulematr
ix.code.tex
File: pgfmodulematrix.code.tex 2023-01-15 v3.1.10 (3.1.10)
\pgfmatrixcurrentrow=\count291
\pgfmatrixcurrentcolumn=\count292
\pgf@matrix@numberofcolumns=\count293
)
\tikz@expandcount=\count294

(/home/flecourtier/.miktex/texmfs/install/tex/generic/pgf/frontendlayer/tikz/li
braries/tikzlibrarytopaths.code.tex
File: tikzlibrarytopaths.code.tex 2023-01-15 v3.1.10 (3.1.10)
)))
(/home/flecourtier/.miktex/texmfs/install/tex/generic/pgfplots/pgfplots.code.te
x
(/home/flecourtier/.miktex/texmfs/install/tex/generic/pgfplots/pgfplotscore.cod
e.tex
\t@pgfplots@toka=\toks36
\t@pgfplots@tokb=\toks37
\t@pgfplots@tokc=\toks38
\pgfplots@tmpa=\dimen268
\c@pgfplots@coordindex=\count295
\c@pgfplots@scanlineindex=\count296

(/home/flecourtier/.miktex/texmfs/install/tex/generic/pgfplots/sys/pgfplotssysg
eneric.code.tex))
(/home/flecourtier/.miktex/texmfs/install/tex/generic/pgfplots/libs/pgfplotslib
rary.code.tex)
(/home/flecourtier/.miktex/texmfs/install/tex/generic/pgfplots/oldpgfcompatib/p
gfplotsoldpgfsupp_loader.code.tex
(/home/flecourtier/.miktex/texmfs/install/tex/generic/pgf/libraries/pgflibraryf
pu.code.tex)
Package pgfplots: loading complementary utilities for your pgf version...
\t@pgf@toka=\toks39
\t@pgf@tokb=\toks40
\t@pgf@tokc=\toks41

(/home/flecourtier/.miktex/texmfs/install/tex/generic/pgfplots/oldpgfcompatib/p
gfplotsoldpgfsupp_pgfutil-common-lists.tex))
(/home/flecourtier/.miktex/texmfs/install/tex/generic/pgfplots/util/pgfplotsuti
l.code.tex
(/home/flecourtier/.miktex/texmfs/install/tex/generic/pgfplots/liststructure/pg
fplotsliststructure.code.tex)
(/home/flecourtier/.miktex/texmfs/install/tex/generic/pgfplots/liststructure/pg
fplotsliststructureext.code.tex)
(/home/flecourtier/.miktex/texmfs/install/tex/generic/pgfplots/liststructure/pg
fplotsarray.code.tex
\c@pgfplotsarray@tmp=\count297
)
(/home/flecourtier/.miktex/texmfs/install/tex/generic/pgfplots/liststructure/pg
fplotsmatrix.code.tex)
(/home/flecourtier/.miktex/texmfs/install/tex/generic/pgfplots/numtable/pgfplot
stableshared.code.tex
\c@pgfplotstable@counta=\count298
\t@pgfplotstable@a=\toks42
)
(/home/flecourtier/.miktex/texmfs/install/tex/generic/pgfplots/liststructure/pg
fplotsdeque.code.tex)
(/home/flecourtier/.miktex/texmfs/install/tex/generic/pgfplots/util/pgfplotsbin
ary.code.tex
(/home/flecourtier/.miktex/texmfs/install/tex/generic/pgfplots/util/pgfplotsbin
ary.data.code.tex))
(/home/flecourtier/.miktex/texmfs/install/tex/generic/pgfplots/util/pgfplotsuti
l.verb.code.tex)
(/home/flecourtier/.miktex/texmfs/install/tex/generic/pgfplots/libs/pgflibraryp
gfplots.surfshading.code.tex
\c@pgfplotslibrarysurf@no=\count299

(/home/flecourtier/.miktex/texmfs/install/tex/generic/pgfplots/sys/pgflibrarypg
fplots.surfshading.pgfsys-xetex.def
(/home/flecourtier/.miktex/texmfs/install/tex/generic/pgfplots/sys/pgflibrarypg
fplots.surfshading.pgfsys-dvipdfmx.def
\c@pgfplotslibrarysurf@streamlen=\count300
))))
(/home/flecourtier/.miktex/texmfs/install/tex/generic/pgfplots/util/pgfplotscol
ormap.code.tex
(/home/flecourtier/.miktex/texmfs/install/tex/generic/pgfplots/util/pgfplotscol
or.code.tex))
(/home/flecourtier/.miktex/texmfs/install/tex/generic/pgfplots/pgfplotsstackedp
lots.code.tex)
(/home/flecourtier/.miktex/texmfs/install/tex/generic/pgfplots/pgfplotsplothand
lers.code.tex
(/home/flecourtier/.miktex/texmfs/install/tex/generic/pgfplots/pgfplotsmeshplot
handler.code.tex
(/home/flecourtier/.miktex/texmfs/install/tex/generic/pgfplots/pgfplotsmeshplot
image.code.tex)))
(/home/flecourtier/.miktex/texmfs/install/tex/generic/pgfplots/pgfplots.scaling
.code.tex)
(/home/flecourtier/.miktex/texmfs/install/tex/generic/pgfplots/pgfplotscoordpro
cessing.code.tex)
(/home/flecourtier/.miktex/texmfs/install/tex/generic/pgfplots/pgfplots.errorba
rs.code.tex)
(/home/flecourtier/.miktex/texmfs/install/tex/generic/pgfplots/pgfplots.markers
.code.tex)
(/home/flecourtier/.miktex/texmfs/install/tex/generic/pgfplots/pgfplotsticks.co
de.tex)
(/home/flecourtier/.miktex/texmfs/install/tex/generic/pgfplots/pgfplots.paths.c
ode.tex)
(/home/flecourtier/.miktex/texmfs/install/tex/generic/pgf/frontendlayer/tikz/li
braries/tikzlibrarydecorations.code.tex
(/home/flecourtier/.miktex/texmfs/install/tex/generic/pgf/modules/pgfmoduledeco
rations.code.tex
\pgfdecoratedcompleteddistance=\dimen269
\pgfdecoratedremainingdistance=\dimen270
\pgfdecoratedinputsegmentcompleteddistance=\dimen271
\pgfdecoratedinputsegmentremainingdistance=\dimen272
\pgf@decorate@distancetomove=\dimen273
\pgf@decorate@repeatstate=\count301
\pgfdecorationsegmentamplitude=\dimen274
\pgfdecorationsegmentlength=\dimen275
)
\tikz@lib@dec@box=\box65
)
(/home/flecourtier/.miktex/texmfs/install/tex/generic/pgf/frontendlayer/tikz/li
braries/tikzlibrarydecorations.pathmorphing.code.tex
(/home/flecourtier/.miktex/texmfs/install/tex/generic/pgf/libraries/decorations
/pgflibrarydecorations.pathmorphing.code.tex))
(/home/flecourtier/.miktex/texmfs/install/tex/generic/pgf/frontendlayer/tikz/li
braries/tikzlibrarydecorations.pathreplacing.code.tex
(/home/flecourtier/.miktex/texmfs/install/tex/generic/pgf/libraries/decorations
/pgflibrarydecorations.pathreplacing.code.tex))
(/home/flecourtier/.miktex/texmfs/install/tex/generic/pgfplots/libs/tikzlibrary
pgfplots.contourlua.code.tex)
\pgfplots@numplots=\count302
\pgfplots@xmin@reg=\dimen276
\pgfplots@xmax@reg=\dimen277
\pgfplots@ymin@reg=\dimen278
\pgfplots@ymax@reg=\dimen279
\pgfplots@zmin@reg=\dimen280
\pgfplots@zmax@reg=\dimen281
)
(/home/flecourtier/.miktex/texmfs/install/tex/generic/pgf/frontendlayer/tikz/li
braries/tikzlibraryplotmarks.code.tex
File: tikzlibraryplotmarks.code.tex 2023-01-15 v3.1.10 (3.1.10)

(/home/flecourtier/.miktex/texmfs/install/tex/generic/pgf/libraries/pgflibraryp
lotmarks.code.tex
File: pgflibraryplotmarks.code.tex 2023-01-15 v3.1.10 (3.1.10)
)))
(/home/flecourtier/.miktex/texmfs/install/tex/latex/pgfplots/pgfplotstable.sty
(/home/flecourtier/.miktex/texmfs/install/tex/generic/pgfplots/pgfplots.revisio
n.tex)
Package: pgfplotstable 2021/05/15 v1.18.1 Table typesetting and Pretty-printing
 (1.18.1)

(/home/flecourtier/.miktex/texmfs/install/tex/generic/pgfplots/numtable/pgfplot
stable.code.tex
(/home/flecourtier/.miktex/texmfs/install/tex/generic/pgfplots/numtable/pgfplot
stable.coltype.code.tex))
(/home/flecourtier/.miktex/texmfs/install/tex/latex/tools/array.sty
Package: array 2023/10/16 v2.5g Tabular extension package (FMi)
\col@sep=\dimen282
\ar@mcellbox=\box66
\extrarowheight=\dimen283
\NC@list=\toks43
\extratabsurround=\skip57
\backup@length=\skip58
\ar@cellbox=\box67
))
(/home/flecourtier/.miktex/texmfs/install/tex/latex/filecontents/filecontents.s
ty
Package: filecontents 2023/04/02 v1.5a Create an external file from within a La
TeX document


Package filecontents Warning: This package is obsolete. Disabling it and
(filecontents)                passing control to the filecontents environment
(filecontents)                defined by the LaTeX kernel.

) (/home/flecourtier/.miktex/texmfs/install/tex/latex/datatool/datatool.sty
Package: datatool 2019/09/27 v2.32 (NLCT)

(/home/flecourtier/.miktex/texmfs/install/tex/latex/xkeyval/xkeyval.sty
Package: xkeyval 2022/06/16 v2.9 package option processing (HA)

(/home/flecourtier/.miktex/texmfs/install/tex/generic/xkeyval/xkeyval.tex
(/home/flecourtier/.miktex/texmfs/install/tex/generic/xkeyval/xkvutils.tex
\XKV@toks=\toks44
\XKV@tempa@toks=\toks45
)
\XKV@depth=\count303
File: xkeyval.tex 2014/12/03 v2.7a key=value parser (HA)
))
(/home/flecourtier/.miktex/texmfs/install/tex/latex/base/ifthen.sty
Package: ifthen 2022/04/13 v1.1d Standard LaTeX ifthen package (DPC)
)
(/home/flecourtier/.miktex/texmfs/install/tex/latex/xfor/xfor.sty
Package: xfor 2009/02/05 v1.05 (NLCT)
)
(/home/flecourtier/.miktex/texmfs/install/tex/latex/substr/substr.sty
Package: substr 2009/10/20 v1.2 Handle substrings
\c@su@anzahl=\count304
)
(/home/flecourtier/.miktex/texmfs/install/tex/latex/etoolbox/etoolbox.sty
Package: etoolbox 2020/10/05 v2.5k e-TeX tools for LaTeX (JAW)
\etb@tempcnta=\count305
)
(/home/flecourtier/.miktex/texmfs/install/tex/latex/datatool/datatool-base.sty
Package: datatool-base 2019/09/27 v2.32 (NLCT)

(/home/flecourtier/.miktex/texmfs/install/tex/latex/datatool/datatool-fp.sty
Package: datatool-fp 2019/09/27 v2.32 (NLCT)

(/home/flecourtier/.miktex/texmfs/install/tex/latex/fp/fp.sty
Package: fp 1995/04/02

`Fixed Point Package', Version 0.8, April 2, 1995 (C) Michael Mehlich
(/home/flecourtier/.miktex/texmfs/install/tex/latex/fp/defpattern.sty
Package: defpattern 1994/10/12
\actioncount=\count306
)
(/home/flecourtier/.miktex/texmfs/install/tex/latex/fp/fp-basic.sty
Package: fp-basic 1996/05/13
\FP@xs=\count307
\FP@xia=\count308
\FP@xib=\count309
\FP@xfa=\count310
\FP@xfb=\count311
\FP@rega=\count312
\FP@regb=\count313
\FP@regs=\count314
\FP@times=\count315
)
(/home/flecourtier/.miktex/texmfs/install/tex/latex/fp/fp-addons.sty
Package: fp-addons 1995/03/15
)
(/home/flecourtier/.miktex/texmfs/install/tex/latex/fp/fp-snap.sty
Package: fp-snap 1995/04/05
)
(/home/flecourtier/.miktex/texmfs/install/tex/latex/fp/fp-exp.sty
Package: fp-exp 1995/04/03
)
(/home/flecourtier/.miktex/texmfs/install/tex/latex/fp/fp-trigo.sty
Package: fp-trigo 1995/04/14
)
(/home/flecourtier/.miktex/texmfs/install/tex/latex/fp/fp-pas.sty
Package: fp-pas 1994/08/29
)
(/home/flecourtier/.miktex/texmfs/install/tex/latex/fp/fp-random.sty
Package: fp-random 1995/02/23
\FPseed=\count316
)
(/home/flecourtier/.miktex/texmfs/install/tex/latex/fp/fp-eqn.sty
Package: fp-eqn 1995/04/03
)
(/home/flecourtier/.miktex/texmfs/install/tex/latex/fp/fp-upn.sty
Package: fp-upn 1996/10/21
)
(/home/flecourtier/.miktex/texmfs/install/tex/latex/fp/fp-eval.sty
Package: fp-eval 1995/04/03
)))
\@dtl@toks=\toks46
\@dtl@tmpcount=\count317
\dtl@tmplength=\skip59
\dtl@sortresult=\count318
\@dtl@numgrpsepcount=\count319
\@dtl@datatype=\count320
\dtl@codeA=\count321
\dtl@codeB=\count322
\@dtl@foreach@level=\count323
)
\dtlcolumnnum=\count324
\dtlrownum=\count325
\@dtl@before=\toks47
\@dtl@after=\toks48
\@dtl@colhead=\toks49
\dtlcurrentrow=\toks50
\dtlbeforerow=\toks51
\dtlafterrow=\toks52
\dtlforeachlevel=\count326
\c@DTLrowi=\count327
\c@DTLrowii=\count328
\c@DTLrowiii=\count329
\c@DTLrow=\count330
\dtl@rowi=\count331
\dtl@rowii=\count332
\dtl@rowiii=\count333
\@dtl@curi=\toks53
\@dtl@previ=\toks54
\@dtl@nexti=\toks55
\@dtl@curii=\toks56
\@dtl@previi=\toks57
\@dtl@nextii=\toks58
\@dtl@curiii=\toks59
\@dtl@previii=\toks60
\@dtl@nextiii=\toks61
\@dtl@elements=\count334
\@dtl@list=\toks62
\@dtl@rowa=\toks63
\@dtl@rowb=\toks64
\@dtl@toksA=\toks65
\@dtl@toksB=\toks66
\@dtl@write=\write4
\@dtl@read=\read3
\dtl@entrycr=\count335
\dtl@omitlines=\count336
)
(/home/flecourtier/.miktex/texmfs/install/tex/generic/pgf/frontendlayer/tikz/li
braries/tikzlibraryfpu.code.tex)
(/home/flecourtier/.miktex/texmfs/install/tex/generic/pgf/frontendlayer/tikz/li
braries/tikzlibraryfixedpointarithmetic.code.tex
(/home/flecourtier/.miktex/texmfs/install/tex/generic/pgf/libraries/pgflibraryf
ixedpointarithmetic.code.tex))
(/home/flecourtier/.miktex/texmfs/install/tex/generic/pgf/frontendlayer/tikz/li
braries/tikzlibrarybabel.code.tex
File: tikzlibrarybabel.code.tex 2023-01-15 v3.1.10 (3.1.10)
)
(/home/flecourtier/.miktex/texmfs/install/tex/latex/pgf/frontendlayer/libraries
/tikzlibraryexternal.code.tex
(/home/flecourtier/.miktex/texmfs/install/tex/generic/pdftexcmds/pdftexcmds.sty
Package: pdftexcmds 2020-06-27 v0.33 Utility functions of pdfTeX for LuaTeX (HO
)
(/home/flecourtier/.miktex/texmfs/install/tex/generic/infwarerr/infwarerr.sty
Package: infwarerr 2019/12/03 v1.5 Providing info/warning/error messages (HO)
)
(/home/flecourtier/.miktex/texmfs/install/tex/generic/iftex/iftex.sty
Package: iftex 2022/02/03 v1.0f TeX engine tests
)
(/home/flecourtier/.miktex/texmfs/install/tex/generic/ltxcmds/ltxcmds.sty
Package: ltxcmds 2023-12-04 v1.26 LaTeX kernel commands for general use (HO)
)
Package pdftexcmds Info: \pdf@primitive is available.
Package pdftexcmds Info: \pdf@ifprimitive is available.
Package pdftexcmds Info: \pdfdraftmode not found.
)
(/home/flecourtier/.miktex/texmfs/install/tex/latex/base/atveryend-ltx.sty
Package: atveryend-ltx 2020/08/19 v1.0a Emulation of the original atveryend pac
kage
with kernel methods
)
(/home/flecourtier/.miktex/texmfs/install/tex/generic/pgf/frontendlayer/tikz/li
braries/tikzexternalshared.code.tex))
(/home/flecourtier/.miktex/texmfs/install/tex/generic/pgf/libraries/pgflibrarya
rrows.meta.code.tex
File: pgflibraryarrows.meta.code.tex 2023-01-15 v3.1.10 (3.1.10)
\pgfarrowinset=\dimen284
\pgfarrowlength=\dimen285
\pgfarrowwidth=\dimen286
\pgfarrowlinewidth=\dimen287
)
(/home/flecourtier/.miktex/texmfs/install/tex/generic/pgf/frontendlayer/tikz/li
braries/tikzlibrarypositioning.code.tex
File: tikzlibrarypositioning.code.tex 2023-01-15 v3.1.10 (3.1.10)
)
(/home/flecourtier/.miktex/texmfs/install/tex/generic/pgf/frontendlayer/tikz/li
braries/tikzlibraryangles.code.tex
File: tikzlibraryangles.code.tex 2023-01-15 v3.1.10 (3.1.10)
)
(/home/flecourtier/.miktex/texmfs/install/tex/generic/pgf/frontendlayer/tikz/li
braries/tikzlibraryquotes.code.tex
File: tikzlibraryquotes.code.tex 2023-01-15 v3.1.10 (3.1.10)
)
(/home/flecourtier/.miktex/texmfs/install/tex/generic/pgf/frontendlayer/tikz/li
braries/tikzlibraryintersections.code.tex
(/home/flecourtier/.miktex/texmfs/install/tex/generic/pgf/libraries/pgflibraryi
ntersections.code.tex
\pgf@intersect@solutions=\count337
))
(/home/flecourtier/.miktex/texmfs/install/tex/generic/pgf/frontendlayer/tikz/li
braries/tikzlibrarycalc.code.tex
File: tikzlibrarycalc.code.tex 2023-01-15 v3.1.10 (3.1.10)
)
(/home/flecourtier/.miktex/texmfs/install/tex/generic/pgf/frontendlayer/tikz/li
braries/tikzlibraryspy.code.tex
File: tikzlibraryspy.code.tex 2023-01-15 v3.1.10 (3.1.10)
\tikz@lib@spybox=\box68
)
(/home/flecourtier/.miktex/texmfs/install/tex/generic/pgf/frontendlayer/tikz/li
braries/tikzlibrarymatrix.code.tex
File: tikzlibrarymatrix.code.tex 2023-01-15 v3.1.10 (3.1.10)
)
(/home/flecourtier/.miktex/texmfs/install/tex/generic/pgf/frontendlayer/tikz/li
braries/tikzlibraryfit.code.tex
File: tikzlibraryfit.code.tex 2023-01-15 v3.1.10 (3.1.10)
)
(/home/flecourtier/.miktex/texmfs/install/tex/generic/pgfplots/libs/tikzlibrary
pgfplots.fillbetween.code.tex
(/home/flecourtier/.miktex/texmfs/install/tex/generic/pgfplots/pgfcontrib/tikzl
ibraryfillbetween.code.tex
(/home/flecourtier/.miktex/texmfs/install/tex/generic/pgfplots/pgfcontrib/tikzl
ibrarydecorations.softclip.code.tex
(/home/flecourtier/.miktex/texmfs/install/tex/generic/pgfplots/pgfcontrib/pgfli
braryfillbetween.code.tex)))
(/home/flecourtier/.miktex/texmfs/install/tex/generic/pgfplots/libs/tikzlibrary
pgfplots.decorations.softclip.code.tex))
\plotwidth=\skip60
\plotheight=\skip61

(/home/flecourtier/.miktex/texmfs/install/tex/latex/tools/tabularx.sty
Package: tabularx 2023/07/08 v2.11c `tabularx' package (DPC)
\TX@col@width=\dimen288
\TX@old@table=\dimen289
\TX@old@col=\dimen290
\TX@target=\dimen291
\TX@delta=\dimen292
\TX@cols=\count338
\TX@ftn=\toks67
)
(/home/flecourtier/.miktex/texmfs/install/tex/latex/float/float.sty
Package: float 2001/11/08 v1.3d Float enhancements (AL)
\c@float@type=\count339
\float@exts=\toks68
\float@box=\box69
\@float@everytoks=\toks69
\@floatcapt=\box70
)
(/home/flecourtier/.miktex/texmfs/install/tex/latex/caption/subcaption.sty
Package: subcaption 2023/07/28 v1.6b Sub-captions (AR)

(/home/flecourtier/.miktex/texmfs/install/tex/latex/caption/caption.sty
Package: caption 2023/08/05 v3.6o Customizing captions (AR)

(/home/flecourtier/.miktex/texmfs/install/tex/latex/caption/caption3.sty
Package: caption3 2023/07/31 v2.4d caption3 kernel (AR)
\caption@tempdima=\dimen293
\captionmargin=\dimen294
\caption@leftmargin=\dimen295
\caption@rightmargin=\dimen296
\caption@width=\dimen297
\caption@indent=\dimen298
\caption@parindent=\dimen299
\caption@hangindent=\dimen300
Package caption Info: Standard document class detected.
)
\c@caption@flags=\count340
\c@continuedfloat=\count341
Package caption Info: float package is loaded.
)
Package caption Info: New subtype `subfigure' on input line 238.
\c@subfigure=\count342
Package caption Info: New subtype `subtable' on input line 238.
\c@subtable=\count343
)
(/home/flecourtier/.miktex/texmfs/install/tex/generic/babel/babel.sty
Package: babel 2024/01/07 v24.1 The Babel package
\babel@savecnt=\count344
\U@D=\dimen301
\l@unhyphenated=\language79

(/home/flecourtier/.miktex/texmfs/install/tex/generic/babel/xebabel.def)
\bbl@readstream=\read4
\bbl@dirlevel=\count345

*************************************
* Local config file bblopts.cfg used
*
(/home/flecourtier/.miktex/texmfs/install/tex/latex/arabi/bblopts.cfg
File: bblopts.cfg 2005/09/08 v0.1 add Arabic and Farsi to "declared" options of
 babel
)
(/home/flecourtier/.miktex/texmfs/install/tex/latex/babel-english/english.ldf
Language: english 2017/06/06 v3.3r English support from the babel system
Package babel Info: Hyphen rules for 'canadian' set to \l@english
(babel)             (\language0). Reported on input line 102.
Package babel Info: Hyphen rules for 'australian' set to \l@ukenglish
(babel)             (\language73). Reported on input line 105.
Package babel Info: Hyphen rules for 'newzealand' set to \l@ukenglish
(babel)             (\language73). Reported on input line 108.
))
(/home/flecourtier/.miktex/texmfs/install/tex/generic/babel/locale/en/babel-eng
lish.tex
Package babel Info: Importing font and identification data for english
(babel)             from babel-en.ini. Reported on input line 11.
)
(/home/flecourtier/.miktex/texmfs/install/tex/latex/geometry/geometry.sty
Package: geometry 2020/01/02 v5.9 Page Geometry

(/home/flecourtier/.miktex/texmfs/install/tex/generic/iftex/ifvtex.sty
Package: ifvtex 2019/10/25 v1.7 ifvtex legacy package. Use iftex instead.
)
\Gm@cnth=\count346
\Gm@cntv=\count347
\c@Gm@tempcnt=\count348
\Gm@bindingoffset=\dimen302
\Gm@wd@mp=\dimen303
\Gm@odd@mp=\dimen304
\Gm@even@mp=\dimen305
\Gm@layoutwidth=\dimen306
\Gm@layoutheight=\dimen307
\Gm@layouthoffset=\dimen308
\Gm@layoutvoffset=\dimen309
\Gm@dimlist=\toks70

(/home/flecourtier/.miktex/texmfs/install/tex/latex/geometry/geometry.cfg))
(/home/flecourtier/.miktex/texmfs/install/tex/latex/booktabs/booktabs.sty
Package: booktabs 2020/01/12 v1.61803398 Publication quality tables
\heavyrulewidth=\dimen310
\lightrulewidth=\dimen311
\cmidrulewidth=\dimen312
\belowrulesep=\dimen313
\belowbottomsep=\dimen314
\aboverulesep=\dimen315
\abovetopsep=\dimen316
\cmidrulesep=\dimen317
\cmidrulekern=\dimen318
\defaultaddspace=\dimen319
\@cmidla=\count349
\@cmidlb=\count350
\@aboverulesep=\dimen320
\@belowrulesep=\dimen321
\@thisruleclass=\count351
\@lastruleclass=\count352
\@thisrulewidth=\dimen322
)
(/home/flecourtier/.miktex/texmfs/install/tex/latex/l3backend/l3backend-xetex.d
ef
File: l3backend-xetex.def 2024-01-04 L3 backend support: XeTeX
\g__graphics_track_int=\count353
\l__pdf_internal_box=\box71
\g__pdf_backend_object_int=\count354
\g__pdf_backend_annotation_int=\count355
\g__pdf_backend_link_int=\count356
) (gains.aux)
\openout1 = `gains.aux'.

LaTeX Font Info:    Checking defaults for OML/cmm/m/it on input line 162.
LaTeX Font Info:    ... okay on input line 162.
LaTeX Font Info:    Checking defaults for OMS/cmsy/m/n on input line 162.
LaTeX Font Info:    ... okay on input line 162.
LaTeX Font Info:    Checking defaults for OT1/cmr/m/n on input line 162.
LaTeX Font Info:    ... okay on input line 162.
LaTeX Font Info:    Checking defaults for T1/cmr/m/n on input line 162.
LaTeX Font Info:    ... okay on input line 162.
LaTeX Font Info:    Checking defaults for TS1/cmr/m/n on input line 162.
LaTeX Font Info:    Trying to load font information for TS1+cmr on input line 1
62.

(/home/flecourtier/.miktex/texmfs/install/tex/latex/base/ts1cmr.fd
File: ts1cmr.fd 2023/04/13 v2.5m Standard LaTeX font definitions
)
LaTeX Font Info:    ... okay on input line 162.
LaTeX Font Info:    Checking defaults for TU/lmr/m/n on input line 162.
LaTeX Font Info:    ... okay on input line 162.
LaTeX Font Info:    Checking defaults for OMX/cmex/m/n on input line 162.
LaTeX Font Info:    ... okay on input line 162.
LaTeX Font Info:    Checking defaults for U/cmr/m/n on input line 162.
LaTeX Font Info:    ... okay on input line 162.

Package pgfplots notification 'compat/show suggested version=true': document ha
s been generated with the most recent feature set (\pgfplotsset{compat=1.18}).

Package caption Info: Begin \AtBeginDocument code.
Package caption Info: End \AtBeginDocument code.
*geometry* driver: auto-detecting
*geometry* detected driver: xetex
*geometry* verbose mode - [ preamble ] result:
* driver: xetex
* paper: letterpaper
* layout: <same size as paper>
* layoutoffset:(h,v)=(0.0pt,0.0pt)
* modes: 
* h-part:(L,W,R)=(85.35826pt, 443.57848pt, 85.35826pt)
* v-part:(T,H,B)=(56.9055pt, 681.15898pt, 56.9055pt)
* \paperwidth=614.295pt
* \paperheight=794.96999pt
* \textwidth=443.57848pt
* \textheight=681.15898pt
* \oddsidemargin=13.08827pt
* \evensidemargin=13.08827pt
* \topmargin=-52.36449pt
* \headheight=12.0pt
* \headsep=25.0pt
* \topskip=10.0pt
* \footskip=30.0pt
* \marginparwidth=49.79231pt
* \marginparsep=11.0pt
* \columnsep=10.0pt
* \skip\footins=9.0pt plus 4.0pt minus 2.0pt
* \hoffset=0.0pt
* \voffset=0.0pt
* \mag=1000
* \@twocolumnfalse
* \@twosidefalse
* \@mparswitchfalse
* \@reversemarginfalse
* (1in=72.27pt=25.4mm, 1cm=28.453pt)

PGFPlots: reading {data/gains_table_case1_degree1.csv}

Package pgfplots Warning: Table 'data/gains_table_case1_degree1.csv' has an emp
ty column name; replacing it by '0'' on input line 163.

 [warning /pgfplots/warning/empty column name]
LaTeX Font Info:    Trying to load font information for U+msa on input line 163
.
(/home/flecourtier/.miktex/texmfs/install/tex/latex/amsfonts/umsa.fd
File: umsa.fd 2013/01/14 v3.01 AMS symbols A
)
LaTeX Font Info:    Trying to load font information for U+msb on input line 163
.

(/home/flecourtier/.miktex/texmfs/install/tex/latex/amsfonts/umsb.fd
File: umsb.fd 2013/01/14 v3.01 AMS symbols B
)
PGFPlots: reading {data/gains_table_case1_degree2.csv}


Package pgfplots Warning: Table 'data/gains_table_case1_degree2.csv' has an emp
ty column name; replacing it by '0'' on input line 167.

 [warning /pgfplots/warning/empty column name]
PGFPlots: reading {data/gains_table_case1_degree3.csv}

Package pgfplots Warning: Table 'data/gains_table_case1_degree3.csv' has an emp
ty column name; replacing it by '0'' on input line 171.

 [warning /pgfplots/warning/empty column name]
[1

] (gains.aux)
 ***********
LaTeX2e <2023-11-01> patch level 1
L3 programming layer <2024-01-04>
 ***********
 ) 
Here is how much of TeX's memory you used:
 31506 strings out of 409617
 770498 string characters out of 5774814
 1931188 words of memory out of 5000000
 53067 multiletter control sequences out of 15000+600000
 559784 words of font info for 46 fonts, out of 8000000 for 9000
 1348 hyphenation exceptions out of 8191
 99i,8n,131p,729b,479s stack positions out of 10000i,1000n,20000p,200000b,200000s

Output written on gains.pdf (1 page).
