This is XeTeX, Version 3.141592653-2.6-0.999997 (MiKTeX 25.4) (preloaded format=xelatex 2025.5.16)  4 JUN 2025 15:00
entering extended mode
 restricted \write18 enabled.
 file:line:error style messages enabled.
 %&-line parsing enabled.
**/home/flecourtier/Bureau/Thèse/docs/presentation/2025_06_12_CS2/images/newlines/mesh/results/cvg.tex
(/home/flecourtier/Bureau/Thèse/docs/presentation/2025_06_12_CS2/images/newlines/mesh/results/cvg.tex
LaTeX2e <2023-11-01> patch level 1
L3 programming layer <2024-01-04>
(/home/flecourtier/.miktex/texmfs/install/tex/latex/standalone/standalone.cls
Document Class: standalone 2022/10/10 v1.3b Class to compile TeX sub-files standalone
(/home/flecourtier/.miktex/texmfs/install/tex/latex/tools/shellesc.sty
Package: shellesc 2023/07/08 v1.0d unified shell escape interface for LaTeX
Package shellesc Info: Restricted shell escape enabled on input line 77.
) (/home/flecourtier/.miktex/texmfs/install/tex/generic/iftex/ifluatex.sty
Package: ifluatex 2019/10/25 v1.5 ifluatex legacy package. Use iftex instead.
 (/home/flecourtier/.miktex/texmfs/install/tex/generic/iftex/iftex.sty
Package: iftex 2022/02/03 v1.0f TeX engine tests
)) (/home/flecourtier/.miktex/texmfs/install/tex/latex/xkeyval/xkeyval.sty
Package: xkeyval 2022/06/16 v2.9 package option processing (HA)
 (/home/flecourtier/.miktex/texmfs/install/tex/generic/xkeyval/xkeyval.tex (/home/flecourtier/.miktex/texmfs/install/tex/generic/xkeyval/xkvutils.tex
\XKV@toks=\toks17
\XKV@tempa@toks=\toks18
 (/home/flecourtier/.miktex/texmfs/install/tex/generic/xkeyval/keyval.tex))
\XKV@depth=\count183
File: xkeyval.tex 2014/12/03 v2.7a key=value parser (HA)
))
\sa@internal=\count184
\c@sapage=\count185
 (/home/flecourtier/.miktex/texmfs/install/tex/latex/standalone/standalone.cfg
File: standalone.cfg 2022/10/10 v1.3b Default configuration file for 'standalone' class
) (/home/flecourtier/.miktex/texmfs/install/tex/latex/base/article.cls
Document Class: article 2023/05/17 v1.4n Standard LaTeX document class
(/home/flecourtier/.miktex/texmfs/install/tex/latex/base/size10.clo
File: size10.clo 2023/05/17 v1.4n Standard LaTeX file (size option)
)
\c@part=\count186
\c@section=\count187
\c@subsection=\count188
\c@subsubsection=\count189
\c@paragraph=\count190
\c@subparagraph=\count191
\c@figure=\count192
\c@table=\count193
\abovecaptionskip=\skip48
\belowcaptionskip=\skip49
\bibindent=\dimen140
)
\sa@box=\box51
) (/home/flecourtier/.miktex/texmfs/install/tex/latex/amsfonts/amssymb.sty
Package: amssymb 2013/01/14 v3.01 AMS font symbols
 (/home/flecourtier/.miktex/texmfs/install/tex/latex/amsfonts/amsfonts.sty
Package: amsfonts 2013/01/14 v3.01 Basic AMSFonts support
\@emptytoks=\toks19
\symAMSa=\mathgroup4
\symAMSb=\mathgroup5
LaTeX Font Info:    Redeclaring math symbol \hbar on input line 98.
LaTeX Font Info:    Overwriting math alphabet `\mathfrak' in version `bold'
(Font)                  U/euf/m/n --> U/euf/b/n on input line 106.
)) (/home/flecourtier/.miktex/texmfs/install/tex/latex/mathtools/mathtools.sty
Package: mathtools 2022/06/29 v1.29 mathematical typesetting tools
 (/home/flecourtier/.miktex/texmfs/install/tex/latex/tools/calc.sty
Package: calc 2023/07/08 v4.3 Infix arithmetic (KKT,FJ)
\calc@Acount=\count194
\calc@Bcount=\count195
\calc@Adimen=\dimen141
\calc@Bdimen=\dimen142
\calc@Askip=\skip50
\calc@Bskip=\skip51
LaTeX Info: Redefining \setlength on input line 80.
LaTeX Info: Redefining \addtolength on input line 81.
\calc@Ccount=\count196
\calc@Cskip=\skip52
) (/home/flecourtier/.miktex/texmfs/install/tex/latex/mathtools/mhsetup.sty
Package: mhsetup 2021/03/18 v1.4 programming setup (MH)
) (/home/flecourtier/.miktex/texmfs/install/tex/latex/amsmath/amsmath.sty
Package: amsmath 2023/05/13 v2.17o AMS math features
\@mathmargin=\skip53

For additional information on amsmath, use the `?' option.
(/home/flecourtier/.miktex/texmfs/install/tex/latex/amsmath/amstext.sty
Package: amstext 2021/08/26 v2.01 AMS text
 (/home/flecourtier/.miktex/texmfs/install/tex/latex/amsmath/amsgen.sty
File: amsgen.sty 1999/11/30 v2.0 generic functions
\@emptytoks=\toks20
\ex@=\dimen143
)) (/home/flecourtier/.miktex/texmfs/install/tex/latex/amsmath/amsbsy.sty
Package: amsbsy 1999/11/29 v1.2d Bold Symbols
\pmbraise@=\dimen144
) (/home/flecourtier/.miktex/texmfs/install/tex/latex/amsmath/amsopn.sty
Package: amsopn 2022/04/08 v2.04 operator names
)
\inf@bad=\count197
LaTeX Info: Redefining \frac on input line 234.
\uproot@=\count198
\leftroot@=\count199
LaTeX Info: Redefining \overline on input line 399.
LaTeX Info: Redefining \colon on input line 410.
\classnum@=\count266
\DOTSCASE@=\count267
LaTeX Info: Redefining \ldots on input line 496.
LaTeX Info: Redefining \dots on input line 499.
LaTeX Info: Redefining \cdots on input line 620.
\Mathstrutbox@=\box52
\strutbox@=\box53
LaTeX Info: Redefining \big on input line 722.
LaTeX Info: Redefining \Big on input line 723.
LaTeX Info: Redefining \bigg on input line 724.
LaTeX Info: Redefining \Bigg on input line 725.
\big@size=\dimen145
LaTeX Font Info:    Redeclaring font encoding OML on input line 743.
LaTeX Font Info:    Redeclaring font encoding OMS on input line 744.
\macc@depth=\count268
LaTeX Info: Redefining \bmod on input line 905.
LaTeX Info: Redefining \pmod on input line 910.
LaTeX Info: Redefining \smash on input line 940.
LaTeX Info: Redefining \relbar on input line 970.
LaTeX Info: Redefining \Relbar on input line 971.
\c@MaxMatrixCols=\count269
\dotsspace@=\muskip16
\c@parentequation=\count270
\dspbrk@lvl=\count271
\tag@help=\toks21
\row@=\count272
\column@=\count273
\maxfields@=\count274
\andhelp@=\toks22
\eqnshift@=\dimen146
\alignsep@=\dimen147
\tagshift@=\dimen148
\tagwidth@=\dimen149
\totwidth@=\dimen150
\lineht@=\dimen151
\@envbody=\toks23
\multlinegap=\skip54
\multlinetaggap=\skip55
\mathdisplay@stack=\toks24
LaTeX Info: Redefining \[ on input line 2953.
LaTeX Info: Redefining \] on input line 2954.
)
\g_MT_multlinerow_int=\count275
\l_MT_multwidth_dim=\dimen152
\origjot=\skip56
\l_MT_shortvdotswithinadjustabove_dim=\dimen153
\l_MT_shortvdotswithinadjustbelow_dim=\dimen154
\l_MT_above_intertext_sep=\dimen155
\l_MT_below_intertext_sep=\dimen156
\l_MT_above_shortintertext_sep=\dimen157
\l_MT_below_shortintertext_sep=\dimen158
\xmathstrut@box=\box54
\xmathstrut@dim=\dimen159
) (/home/flecourtier/.miktex/texmfs/install/tex/latex/pgfplots/pgfplots.sty (/home/flecourtier/.miktex/texmfs/install/tex/generic/pgfplots/pgfplots.revision.tex)
Package: pgfplots 2021/05/15 v1.18.1 Data Visualization (1.18.1)
 (/home/flecourtier/.miktex/texmfs/install/tex/latex/graphics/graphicx.sty
Package: graphicx 2021/09/16 v1.2d Enhanced LaTeX Graphics (DPC,SPQR)
 (/home/flecourtier/.miktex/texmfs/install/tex/latex/graphics/graphics.sty
Package: graphics 2022/03/10 v1.4e Standard LaTeX Graphics (DPC,SPQR)
 (/home/flecourtier/.miktex/texmfs/install/tex/latex/graphics/trig.sty
Package: trig 2021/08/11 v1.11 sin cos tan (DPC)
) (/home/flecourtier/.miktex/texmfs/install/tex/latex/graphics-cfg/graphics.cfg
File: graphics.cfg 2016/06/04 v1.11 sample graphics configuration
)
Package graphics Info: Driver file: xetex.def on input line 107.
 (/home/flecourtier/.miktex/texmfs/install/tex/latex/graphics-def/xetex.def
File: xetex.def 2022/09/22 v5.0n Graphics/color driver for xetex
))
\Gin@req@height=\dimen160
\Gin@req@width=\dimen161
) (/home/flecourtier/.miktex/texmfs/install/tex/latex/pgf/frontendlayer/tikz.sty (/home/flecourtier/.miktex/texmfs/install/tex/latex/pgf/basiclayer/pgf.sty (/home/flecourtier/.miktex/texmfs/install/tex/latex/pgf/utilities/pgfrcs.sty (/home/flecourtier/.miktex/texmfs/install/tex/generic/pgf/utilities/pgfutil-common.tex
\pgfutil@everybye=\toks25
\pgfutil@tempdima=\dimen162
\pgfutil@tempdimb=\dimen163
) (/home/flecourtier/.miktex/texmfs/install/tex/generic/pgf/utilities/pgfutil-latex.def
\pgfutil@abb=\box55
) (/home/flecourtier/.miktex/texmfs/install/tex/generic/pgf/utilities/pgfrcs.code.tex (/home/flecourtier/.miktex/texmfs/install/tex/generic/pgf/pgf.revision.tex)
Package: pgfrcs 2023-01-15 v3.1.10 (3.1.10)
))
Package: pgf 2023-01-15 v3.1.10 (3.1.10)
 (/home/flecourtier/.miktex/texmfs/install/tex/latex/pgf/basiclayer/pgfcore.sty (/home/flecourtier/.miktex/texmfs/install/tex/latex/pgf/systemlayer/pgfsys.sty (/home/flecourtier/.miktex/texmfs/install/tex/generic/pgf/systemlayer/pgfsys.code.tex
Package: pgfsys 2023-01-15 v3.1.10 (3.1.10)
 (/home/flecourtier/.miktex/texmfs/install/tex/generic/pgf/utilities/pgfkeys.code.tex
\pgfkeys@pathtoks=\toks26
\pgfkeys@temptoks=\toks27
 (/home/flecourtier/.miktex/texmfs/install/tex/generic/pgf/utilities/pgfkeyslibraryfiltered.code.tex
\pgfkeys@tmptoks=\toks28
))
\pgf@x=\dimen164
\pgf@y=\dimen165
\pgf@xa=\dimen166
\pgf@ya=\dimen167
\pgf@xb=\dimen168
\pgf@yb=\dimen169
\pgf@xc=\dimen170
\pgf@yc=\dimen171
\pgf@xd=\dimen172
\pgf@yd=\dimen173
\w@pgf@writea=\write3
\r@pgf@reada=\read2
\c@pgf@counta=\count276
\c@pgf@countb=\count277
\c@pgf@countc=\count278
\c@pgf@countd=\count279
\t@pgf@toka=\toks29
\t@pgf@tokb=\toks30
\t@pgf@tokc=\toks31
\pgf@sys@id@count=\count280
 (/home/flecourtier/.miktex/texmfs/install/tex/generic/pgf/systemlayer/pgf.cfg
File: pgf.cfg 2023-01-15 v3.1.10 (3.1.10)
)
Driver file for pgf: pgfsys-xetex.def
 (/home/flecourtier/.miktex/texmfs/install/tex/generic/pgf/systemlayer/pgfsys-xetex.def
File: pgfsys-xetex.def 2023-01-15 v3.1.10 (3.1.10)
 (/home/flecourtier/.miktex/texmfs/install/tex/generic/pgf/systemlayer/pgfsys-dvipdfmx.def
File: pgfsys-dvipdfmx.def 2023-01-15 v3.1.10 (3.1.10)
 (/home/flecourtier/.miktex/texmfs/install/tex/generic/pgf/systemlayer/pgfsys-common-pdf.def
File: pgfsys-common-pdf.def 2023-01-15 v3.1.10 (3.1.10)
)
\pgfsys@objnum=\count281
))) (/home/flecourtier/.miktex/texmfs/install/tex/generic/pgf/systemlayer/pgfsyssoftpath.code.tex
File: pgfsyssoftpath.code.tex 2023-01-15 v3.1.10 (3.1.10)
\pgfsyssoftpath@smallbuffer@items=\count282
\pgfsyssoftpath@bigbuffer@items=\count283
) (/home/flecourtier/.miktex/texmfs/install/tex/generic/pgf/systemlayer/pgfsysprotocol.code.tex
File: pgfsysprotocol.code.tex 2023-01-15 v3.1.10 (3.1.10)
)) (/home/flecourtier/.miktex/texmfs/install/tex/latex/xcolor/xcolor.sty
Package: xcolor 2023/11/15 v3.01 LaTeX color extensions (UK)
 (/home/flecourtier/.miktex/texmfs/install/tex/latex/graphics-cfg/color.cfg
File: color.cfg 2016/01/02 v1.6 sample color configuration
)
Package xcolor Info: Driver file: xetex.def on input line 274.
 (/home/flecourtier/.miktex/texmfs/install/tex/latex/graphics/mathcolor.ltx)
Package xcolor Info: Model `cmy' substituted by `cmy0' on input line 1350.
Package xcolor Info: Model `RGB' extended on input line 1366.
Package xcolor Info: Model `HTML' substituted by `rgb' on input line 1368.
Package xcolor Info: Model `Hsb' substituted by `hsb' on input line 1369.
Package xcolor Info: Model `tHsb' substituted by `hsb' on input line 1370.
Package xcolor Info: Model `HSB' substituted by `hsb' on input line 1371.
Package xcolor Info: Model `Gray' substituted by `gray' on input line 1372.
Package xcolor Info: Model `wave' substituted by `hsb' on input line 1373.
) (/home/flecourtier/.miktex/texmfs/install/tex/generic/pgf/basiclayer/pgfcore.code.tex
Package: pgfcore 2023-01-15 v3.1.10 (3.1.10)
 (/home/flecourtier/.miktex/texmfs/install/tex/generic/pgf/math/pgfmath.code.tex (/home/flecourtier/.miktex/texmfs/install/tex/generic/pgf/math/pgfmathutil.code.tex) (/home/flecourtier/.miktex/texmfs/install/tex/generic/pgf/math/pgfmathparser.code.tex
\pgfmath@dimen=\dimen174
\pgfmath@count=\count284
\pgfmath@box=\box56
\pgfmath@toks=\toks32
\pgfmath@stack@operand=\toks33
\pgfmath@stack@operation=\toks34
) (/home/flecourtier/.miktex/texmfs/install/tex/generic/pgf/math/pgfmathfunctions.code.tex) (/home/flecourtier/.miktex/texmfs/install/tex/generic/pgf/math/pgfmathfunctions.basic.code.tex) (/home/flecourtier/.miktex/texmfs/install/tex/generic/pgf/math/pgfmathfunctions.trigonometric.code.tex) (/home/flecourtier/.miktex/texmfs/install/tex/generic/pgf/math/pgfmathfunctions.random.code.tex) (/home/flecourtier/.miktex/texmfs/install/tex/generic/pgf/math/pgfmathfunctions.comparison.code.tex) (/home/flecourtier/.miktex/texmfs/install/tex/generic/pgf/math/pgfmathfunctions.base.code.tex) (/home/flecourtier/.miktex/texmfs/install/tex/generic/pgf/math/pgfmathfunctions.round.code.tex) (/home/flecourtier/.miktex/texmfs/install/tex/generic/pgf/math/pgfmathfunctions.misc.code.tex) (/home/flecourtier/.miktex/texmfs/install/tex/generic/pgf/math/pgfmathfunctions.integerarithmetics.code.tex) (/home/flecourtier/.miktex/texmfs/install/tex/generic/pgf/math/pgfmathcalc.code.tex) (/home/flecourtier/.miktex/texmfs/install/tex/generic/pgf/math/pgfmathfloat.code.tex
\c@pgfmathroundto@lastzeros=\count285
)) (/home/flecourtier/.miktex/texmfs/install/tex/generic/pgf/math/pgfint.code.tex) (/home/flecourtier/.miktex/texmfs/install/tex/generic/pgf/basiclayer/pgfcorepoints.code.tex
File: pgfcorepoints.code.tex 2023-01-15 v3.1.10 (3.1.10)
\pgf@picminx=\dimen175
\pgf@picmaxx=\dimen176
\pgf@picminy=\dimen177
\pgf@picmaxy=\dimen178
\pgf@pathminx=\dimen179
\pgf@pathmaxx=\dimen180
\pgf@pathminy=\dimen181
\pgf@pathmaxy=\dimen182
\pgf@xx=\dimen183
\pgf@xy=\dimen184
\pgf@yx=\dimen185
\pgf@yy=\dimen186
\pgf@zx=\dimen187
\pgf@zy=\dimen188
) (/home/flecourtier/.miktex/texmfs/install/tex/generic/pgf/basiclayer/pgfcorepathconstruct.code.tex
File: pgfcorepathconstruct.code.tex 2023-01-15 v3.1.10 (3.1.10)
\pgf@path@lastx=\dimen189
\pgf@path@lasty=\dimen190
) (/home/flecourtier/.miktex/texmfs/install/tex/generic/pgf/basiclayer/pgfcorepathusage.code.tex
File: pgfcorepathusage.code.tex 2023-01-15 v3.1.10 (3.1.10)
\pgf@shorten@end@additional=\dimen191
\pgf@shorten@start@additional=\dimen192
) (/home/flecourtier/.miktex/texmfs/install/tex/generic/pgf/basiclayer/pgfcorescopes.code.tex
File: pgfcorescopes.code.tex 2023-01-15 v3.1.10 (3.1.10)
\pgfpic=\box57
\pgf@hbox=\box58
\pgf@layerbox@main=\box59
\pgf@picture@serial@count=\count286
) (/home/flecourtier/.miktex/texmfs/install/tex/generic/pgf/basiclayer/pgfcoregraphicstate.code.tex
File: pgfcoregraphicstate.code.tex 2023-01-15 v3.1.10 (3.1.10)
\pgflinewidth=\dimen193
) (/home/flecourtier/.miktex/texmfs/install/tex/generic/pgf/basiclayer/pgfcoretransformations.code.tex
File: pgfcoretransformations.code.tex 2023-01-15 v3.1.10 (3.1.10)
\pgf@pt@x=\dimen194
\pgf@pt@y=\dimen195
\pgf@pt@temp=\dimen196
) (/home/flecourtier/.miktex/texmfs/install/tex/generic/pgf/basiclayer/pgfcorequick.code.tex
File: pgfcorequick.code.tex 2023-01-15 v3.1.10 (3.1.10)
) (/home/flecourtier/.miktex/texmfs/install/tex/generic/pgf/basiclayer/pgfcoreobjects.code.tex
File: pgfcoreobjects.code.tex 2023-01-15 v3.1.10 (3.1.10)
) (/home/flecourtier/.miktex/texmfs/install/tex/generic/pgf/basiclayer/pgfcorepathprocessing.code.tex
File: pgfcorepathprocessing.code.tex 2023-01-15 v3.1.10 (3.1.10)
) (/home/flecourtier/.miktex/texmfs/install/tex/generic/pgf/basiclayer/pgfcorearrows.code.tex
File: pgfcorearrows.code.tex 2023-01-15 v3.1.10 (3.1.10)
\pgfarrowsep=\dimen197
) (/home/flecourtier/.miktex/texmfs/install/tex/generic/pgf/basiclayer/pgfcoreshade.code.tex
File: pgfcoreshade.code.tex 2023-01-15 v3.1.10 (3.1.10)
\pgf@max=\dimen198
\pgf@sys@shading@range@num=\count287
\pgf@shadingcount=\count288
) (/home/flecourtier/.miktex/texmfs/install/tex/generic/pgf/basiclayer/pgfcoreimage.code.tex
File: pgfcoreimage.code.tex 2023-01-15 v3.1.10 (3.1.10)
) (/home/flecourtier/.miktex/texmfs/install/tex/generic/pgf/basiclayer/pgfcoreexternal.code.tex
File: pgfcoreexternal.code.tex 2023-01-15 v3.1.10 (3.1.10)
\pgfexternal@startupbox=\box60
) (/home/flecourtier/.miktex/texmfs/install/tex/generic/pgf/basiclayer/pgfcorelayers.code.tex
File: pgfcorelayers.code.tex 2023-01-15 v3.1.10 (3.1.10)
) (/home/flecourtier/.miktex/texmfs/install/tex/generic/pgf/basiclayer/pgfcoretransparency.code.tex
File: pgfcoretransparency.code.tex 2023-01-15 v3.1.10 (3.1.10)
) (/home/flecourtier/.miktex/texmfs/install/tex/generic/pgf/basiclayer/pgfcorepatterns.code.tex
File: pgfcorepatterns.code.tex 2023-01-15 v3.1.10 (3.1.10)
) (/home/flecourtier/.miktex/texmfs/install/tex/generic/pgf/basiclayer/pgfcorerdf.code.tex
File: pgfcorerdf.code.tex 2023-01-15 v3.1.10 (3.1.10)
))) (/home/flecourtier/.miktex/texmfs/install/tex/generic/pgf/modules/pgfmoduleshapes.code.tex
File: pgfmoduleshapes.code.tex 2023-01-15 v3.1.10 (3.1.10)
\pgfnodeparttextbox=\box61
) (/home/flecourtier/.miktex/texmfs/install/tex/generic/pgf/modules/pgfmoduleplot.code.tex
File: pgfmoduleplot.code.tex 2023-01-15 v3.1.10 (3.1.10)
) (/home/flecourtier/.miktex/texmfs/install/tex/latex/pgf/compatibility/pgfcomp-version-0-65.sty
Package: pgfcomp-version-0-65 2023-01-15 v3.1.10 (3.1.10)
\pgf@nodesepstart=\dimen199
\pgf@nodesepend=\dimen256
) (/home/flecourtier/.miktex/texmfs/install/tex/latex/pgf/compatibility/pgfcomp-version-1-18.sty
Package: pgfcomp-version-1-18 2023-01-15 v3.1.10 (3.1.10)
)) (/home/flecourtier/.miktex/texmfs/install/tex/latex/pgf/utilities/pgffor.sty (/home/flecourtier/.miktex/texmfs/install/tex/latex/pgf/utilities/pgfkeys.sty (/home/flecourtier/.miktex/texmfs/install/tex/generic/pgf/utilities/pgfkeys.code.tex)) (/home/flecourtier/.miktex/texmfs/install/tex/latex/pgf/math/pgfmath.sty (/home/flecourtier/.miktex/texmfs/install/tex/generic/pgf/math/pgfmath.code.tex)) (/home/flecourtier/.miktex/texmfs/install/tex/generic/pgf/utilities/pgffor.code.tex
Package: pgffor 2023-01-15 v3.1.10 (3.1.10)
\pgffor@iter=\dimen257
\pgffor@skip=\dimen258
\pgffor@stack=\toks35
\pgffor@toks=\toks36
)) (/home/flecourtier/.miktex/texmfs/install/tex/generic/pgf/frontendlayer/tikz/tikz.code.tex
Package: tikz 2023-01-15 v3.1.10 (3.1.10)
 (/home/flecourtier/.miktex/texmfs/install/tex/generic/pgf/libraries/pgflibraryplothandlers.code.tex
File: pgflibraryplothandlers.code.tex 2023-01-15 v3.1.10 (3.1.10)
\pgf@plot@mark@count=\count289
\pgfplotmarksize=\dimen259
)
\tikz@lastx=\dimen260
\tikz@lasty=\dimen261
\tikz@lastxsaved=\dimen262
\tikz@lastysaved=\dimen263
\tikz@lastmovetox=\dimen264
\tikz@lastmovetoy=\dimen265
\tikzleveldistance=\dimen266
\tikzsiblingdistance=\dimen267
\tikz@figbox=\box62
\tikz@figbox@bg=\box63
\tikz@tempbox=\box64
\tikz@tempbox@bg=\box65
\tikztreelevel=\count290
\tikznumberofchildren=\count291
\tikznumberofcurrentchild=\count292
\tikz@fig@count=\count293
 (/home/flecourtier/.miktex/texmfs/install/tex/generic/pgf/modules/pgfmodulematrix.code.tex
File: pgfmodulematrix.code.tex 2023-01-15 v3.1.10 (3.1.10)
\pgfmatrixcurrentrow=\count294
\pgfmatrixcurrentcolumn=\count295
\pgf@matrix@numberofcolumns=\count296
)
\tikz@expandcount=\count297
 (/home/flecourtier/.miktex/texmfs/install/tex/generic/pgf/frontendlayer/tikz/libraries/tikzlibrarytopaths.code.tex
File: tikzlibrarytopaths.code.tex 2023-01-15 v3.1.10 (3.1.10)
))) (/home/flecourtier/.miktex/texmfs/install/tex/generic/pgfplots/pgfplots.code.tex (/home/flecourtier/.miktex/texmfs/install/tex/generic/pgfplots/pgfplotscore.code.tex
\t@pgfplots@toka=\toks37
\t@pgfplots@tokb=\toks38
\t@pgfplots@tokc=\toks39
\pgfplots@tmpa=\dimen268
\c@pgfplots@coordindex=\count298
\c@pgfplots@scanlineindex=\count299
 (/home/flecourtier/.miktex/texmfs/install/tex/generic/pgfplots/sys/pgfplotssysgeneric.code.tex)) (/home/flecourtier/.miktex/texmfs/install/tex/generic/pgfplots/libs/pgfplotslibrary.code.tex) (/home/flecourtier/.miktex/texmfs/install/tex/generic/pgfplots/oldpgfcompatib/pgfplotsoldpgfsupp_loader.code.tex (/home/flecourtier/.miktex/texmfs/install/tex/generic/pgf/libraries/pgflibraryfpu.code.tex)
Package pgfplots: loading complementary utilities for your pgf version...
\t@pgf@toka=\toks40
\t@pgf@tokb=\toks41
\t@pgf@tokc=\toks42
(/home/flecourtier/.miktex/texmfs/install/tex/generic/pgfplots/oldpgfcompatib/pgfplotsoldpgfsupp_pgfutil-common-lists.tex)) (/home/flecourtier/.miktex/texmfs/install/tex/generic/pgfplots/util/pgfplotsutil.code.tex (/home/flecourtier/.miktex/texmfs/install/tex/generic/pgfplots/liststructure/pgfplotsliststructure.code.tex) (/home/flecourtier/.miktex/texmfs/install/tex/generic/pgfplots/liststructure/pgfplotsliststructureext.code.tex) (/home/flecourtier/.miktex/texmfs/install/tex/generic/pgfplots/liststructure/pgfplotsarray.code.tex
\c@pgfplotsarray@tmp=\count300
) (/home/flecourtier/.miktex/texmfs/install/tex/generic/pgfplots/liststructure/pgfplotsmatrix.code.tex) (/home/flecourtier/.miktex/texmfs/install/tex/generic/pgfplots/numtable/pgfplotstableshared.code.tex
\c@pgfplotstable@counta=\count301
\t@pgfplotstable@a=\toks43
) (/home/flecourtier/.miktex/texmfs/install/tex/generic/pgfplots/liststructure/pgfplotsdeque.code.tex) (/home/flecourtier/.miktex/texmfs/install/tex/generic/pgfplots/util/pgfplotsbinary.code.tex (/home/flecourtier/.miktex/texmfs/install/tex/generic/pgfplots/util/pgfplotsbinary.data.code.tex)) (/home/flecourtier/.miktex/texmfs/install/tex/generic/pgfplots/util/pgfplotsutil.verb.code.tex) (/home/flecourtier/.miktex/texmfs/install/tex/generic/pgfplots/libs/pgflibrarypgfplots.surfshading.code.tex
\c@pgfplotslibrarysurf@no=\count302
 (/home/flecourtier/.miktex/texmfs/install/tex/generic/pgfplots/sys/pgflibrarypgfplots.surfshading.pgfsys-xetex.def (/home/flecourtier/.miktex/texmfs/install/tex/generic/pgfplots/sys/pgflibrarypgfplots.surfshading.pgfsys-dvipdfmx.def
\c@pgfplotslibrarysurf@streamlen=\count303
)))) (/home/flecourtier/.miktex/texmfs/install/tex/generic/pgfplots/util/pgfplotscolormap.code.tex (/home/flecourtier/.miktex/texmfs/install/tex/generic/pgfplots/util/pgfplotscolor.code.tex)) (/home/flecourtier/.miktex/texmfs/install/tex/generic/pgfplots/pgfplotsstackedplots.code.tex) (/home/flecourtier/.miktex/texmfs/install/tex/generic/pgfplots/pgfplotsplothandlers.code.tex (/home/flecourtier/.miktex/texmfs/install/tex/generic/pgfplots/pgfplotsmeshplothandler.code.tex (/home/flecourtier/.miktex/texmfs/install/tex/generic/pgfplots/pgfplotsmeshplotimage.code.tex))) (/home/flecourtier/.miktex/texmfs/install/tex/generic/pgfplots/pgfplots.scaling.code.tex) (/home/flecourtier/.miktex/texmfs/install/tex/generic/pgfplots/pgfplotscoordprocessing.code.tex) (/home/flecourtier/.miktex/texmfs/install/tex/generic/pgfplots/pgfplots.errorbars.code.tex) (/home/flecourtier/.miktex/texmfs/install/tex/generic/pgfplots/pgfplots.markers.code.tex) (/home/flecourtier/.miktex/texmfs/install/tex/generic/pgfplots/pgfplotsticks.code.tex) (/home/flecourtier/.miktex/texmfs/install/tex/generic/pgfplots/pgfplots.paths.code.tex) (/home/flecourtier/.miktex/texmfs/install/tex/generic/pgf/frontendlayer/tikz/libraries/tikzlibrarydecorations.code.tex (/home/flecourtier/.miktex/texmfs/install/tex/generic/pgf/modules/pgfmoduledecorations.code.tex
\pgfdecoratedcompleteddistance=\dimen269
\pgfdecoratedremainingdistance=\dimen270
\pgfdecoratedinputsegmentcompleteddistance=\dimen271
\pgfdecoratedinputsegmentremainingdistance=\dimen272
\pgf@decorate@distancetomove=\dimen273
\pgf@decorate@repeatstate=\count304
\pgfdecorationsegmentamplitude=\dimen274
\pgfdecorationsegmentlength=\dimen275
)
\tikz@lib@dec@box=\box66
) (/home/flecourtier/.miktex/texmfs/install/tex/generic/pgf/frontendlayer/tikz/libraries/tikzlibrarydecorations.pathmorphing.code.tex (/home/flecourtier/.miktex/texmfs/install/tex/generic/pgf/libraries/decorations/pgflibrarydecorations.pathmorphing.code.tex)) (/home/flecourtier/.miktex/texmfs/install/tex/generic/pgf/frontendlayer/tikz/libraries/tikzlibrarydecorations.pathreplacing.code.tex (/home/flecourtier/.miktex/texmfs/install/tex/generic/pgf/libraries/decorations/pgflibrarydecorations.pathreplacing.code.tex)) (/home/flecourtier/.miktex/texmfs/install/tex/generic/pgfplots/libs/tikzlibrarypgfplots.contourlua.code.tex)
\pgfplots@numplots=\count305
\pgfplots@xmin@reg=\dimen276
\pgfplots@xmax@reg=\dimen277
\pgfplots@ymin@reg=\dimen278
\pgfplots@ymax@reg=\dimen279
\pgfplots@zmin@reg=\dimen280
\pgfplots@zmax@reg=\dimen281
) (/home/flecourtier/.miktex/texmfs/install/tex/generic/pgf/frontendlayer/tikz/libraries/tikzlibraryplotmarks.code.tex
File: tikzlibraryplotmarks.code.tex 2023-01-15 v3.1.10 (3.1.10)
 (/home/flecourtier/.miktex/texmfs/install/tex/generic/pgf/libraries/pgflibraryplotmarks.code.tex
File: pgflibraryplotmarks.code.tex 2023-01-15 v3.1.10 (3.1.10)
))) (/home/flecourtier/.miktex/texmfs/install/tex/latex/pgfplots/pgfplotstable.sty (/home/flecourtier/.miktex/texmfs/install/tex/generic/pgfplots/pgfplots.revision.tex)
Package: pgfplotstable 2021/05/15 v1.18.1 Table typesetting and Pretty-printing (1.18.1)
 (/home/flecourtier/.miktex/texmfs/install/tex/generic/pgfplots/numtable/pgfplotstable.code.tex (/home/flecourtier/.miktex/texmfs/install/tex/generic/pgfplots/numtable/pgfplotstable.coltype.code.tex)) (/home/flecourtier/.miktex/texmfs/install/tex/latex/tools/array.sty
Package: array 2023/10/16 v2.5g Tabular extension package (FMi)
\col@sep=\dimen282
\ar@mcellbox=\box67
\extrarowheight=\dimen283
\NC@list=\toks44
\extratabsurround=\skip57
\backup@length=\skip58
\ar@cellbox=\box68
)) (/home/flecourtier/.miktex/texmfs/install/tex/latex/datatool/datatool.sty
Package: datatool 2019/09/27 v2.32 (NLCT)
 (/home/flecourtier/.miktex/texmfs/install/tex/latex/base/ifthen.sty
Package: ifthen 2022/04/13 v1.1d Standard LaTeX ifthen package (DPC)
) (/home/flecourtier/.miktex/texmfs/install/tex/latex/xfor/xfor.sty
Package: xfor 2009/02/05 v1.05 (NLCT)
) (/home/flecourtier/.miktex/texmfs/install/tex/latex/substr/substr.sty
Package: substr 2009/10/20 v1.2 Handle substrings
\c@su@anzahl=\count306
) (/home/flecourtier/.miktex/texmfs/install/tex/latex/etoolbox/etoolbox.sty
Package: etoolbox 2020/10/05 v2.5k e-TeX tools for LaTeX (JAW)
\etb@tempcnta=\count307
) (/home/flecourtier/.miktex/texmfs/install/tex/latex/datatool/datatool-base.sty
Package: datatool-base 2019/09/27 v2.32 (NLCT)
 (/home/flecourtier/.miktex/texmfs/install/tex/latex/datatool/datatool-fp.sty
Package: datatool-fp 2019/09/27 v2.32 (NLCT)
 (/home/flecourtier/.miktex/texmfs/install/tex/latex/fp/fp.sty
Package: fp 1995/04/02
 `Fixed Point Package', Version 0.8, April 2, 1995 (C) Michael Mehlich (/home/flecourtier/.miktex/texmfs/install/tex/latex/fp/defpattern.sty
Package: defpattern 1994/10/12
\actioncount=\count308
) (/home/flecourtier/.miktex/texmfs/install/tex/latex/fp/fp-basic.sty
Package: fp-basic 1996/05/13
\FP@xs=\count309
\FP@xia=\count310
\FP@xib=\count311
\FP@xfa=\count312
\FP@xfb=\count313
\FP@rega=\count314
\FP@regb=\count315
\FP@regs=\count316
\FP@times=\count317
) (/home/flecourtier/.miktex/texmfs/install/tex/latex/fp/fp-addons.sty
Package: fp-addons 1995/03/15
) (/home/flecourtier/.miktex/texmfs/install/tex/latex/fp/fp-snap.sty
Package: fp-snap 1995/04/05
) (/home/flecourtier/.miktex/texmfs/install/tex/latex/fp/fp-exp.sty
Package: fp-exp 1995/04/03
) (/home/flecourtier/.miktex/texmfs/install/tex/latex/fp/fp-trigo.sty
Package: fp-trigo 1995/04/14
) (/home/flecourtier/.miktex/texmfs/install/tex/latex/fp/fp-pas.sty
Package: fp-pas 1994/08/29
) (/home/flecourtier/.miktex/texmfs/install/tex/latex/fp/fp-random.sty
Package: fp-random 1995/02/23
\FPseed=\count318
) (/home/flecourtier/.miktex/texmfs/install/tex/latex/fp/fp-eqn.sty
Package: fp-eqn 1995/04/03
) (/home/flecourtier/.miktex/texmfs/install/tex/latex/fp/fp-upn.sty
Package: fp-upn 1996/10/21
) (/home/flecourtier/.miktex/texmfs/install/tex/latex/fp/fp-eval.sty
Package: fp-eval 1995/04/03
)))
\@dtl@toks=\toks45
\@dtl@tmpcount=\count319
\dtl@tmplength=\skip59
\dtl@sortresult=\count320
\@dtl@numgrpsepcount=\count321
\@dtl@datatype=\count322
\dtl@codeA=\count323
\dtl@codeB=\count324
\@dtl@foreach@level=\count325
)
\dtlcolumnnum=\count326
\dtlrownum=\count327
\@dtl@before=\toks46
\@dtl@after=\toks47
\@dtl@colhead=\toks48
\dtlcurrentrow=\toks49
\dtlbeforerow=\toks50
\dtlafterrow=\toks51
\dtlforeachlevel=\count328
\c@DTLrowi=\count329
\c@DTLrowii=\count330
\c@DTLrowiii=\count331
\c@DTLrow=\count332
\dtl@rowi=\count333
\dtl@rowii=\count334
\dtl@rowiii=\count335
\@dtl@curi=\toks52
\@dtl@previ=\toks53
\@dtl@nexti=\toks54
\@dtl@curii=\toks55
\@dtl@previi=\toks56
\@dtl@nextii=\toks57
\@dtl@curiii=\toks58
\@dtl@previii=\toks59
\@dtl@nextiii=\toks60
\@dtl@elements=\count336
\@dtl@list=\toks61
\@dtl@rowa=\toks62
\@dtl@rowb=\toks63
\@dtl@toksA=\toks64
\@dtl@toksB=\toks65
\@dtl@write=\write4
\@dtl@read=\read3
\dtl@entrycr=\count337
\dtl@omitlines=\count338
) (/home/flecourtier/.miktex/texmfs/install/tex/generic/pgf/frontendlayer/tikz/libraries/tikzlibrarybackgrounds.code.tex
File: tikzlibrarybackgrounds.code.tex 2023-01-15 v3.1.10 (3.1.10)
\pgf@layerbox@background=\box69
\pgf@layerboxsaved@background=\box70
) (/home/flecourtier/.miktex/texmfs/install/tex/generic/pgf/frontendlayer/tikz/libraries/tikzlibraryfpu.code.tex) (/home/flecourtier/.miktex/texmfs/install/tex/generic/pgf/frontendlayer/tikz/libraries/tikzlibraryfixedpointarithmetic.code.tex (/home/flecourtier/.miktex/texmfs/install/tex/generic/pgf/libraries/pgflibraryfixedpointarithmetic.code.tex)) (/home/flecourtier/.miktex/texmfs/install/tex/generic/pgf/frontendlayer/tikz/libraries/tikzlibrarybabel.code.tex
File: tikzlibrarybabel.code.tex 2023-01-15 v3.1.10 (3.1.10)
) (/home/flecourtier/.miktex/texmfs/install/tex/latex/pgf/frontendlayer/libraries/tikzlibraryexternal.code.tex (/home/flecourtier/.miktex/texmfs/install/tex/generic/pdftexcmds/pdftexcmds.sty
Package: pdftexcmds 2020-06-27 v0.33 Utility functions of pdfTeX for LuaTeX (HO)
 (/home/flecourtier/.miktex/texmfs/install/tex/generic/infwarerr/infwarerr.sty
Package: infwarerr 2019/12/03 v1.5 Providing info/warning/error messages (HO)
) (/home/flecourtier/.miktex/texmfs/install/tex/generic/ltxcmds/ltxcmds.sty
Package: ltxcmds 2023-12-04 v1.26 LaTeX kernel commands for general use (HO)
)
Package pdftexcmds Info: \pdf@primitive is available.
Package pdftexcmds Info: \pdf@ifprimitive is available.
Package pdftexcmds Info: \pdfdraftmode not found.
) (/home/flecourtier/.miktex/texmfs/install/tex/latex/base/atveryend-ltx.sty
Package: atveryend-ltx 2020/08/19 v1.0a Emulation of the original atveryend package
with kernel methods
) (/home/flecourtier/.miktex/texmfs/install/tex/generic/pgf/frontendlayer/tikz/libraries/tikzexternalshared.code.tex)) (/home/flecourtier/.miktex/texmfs/install/tex/generic/pgf/libraries/pgflibraryarrows.meta.code.tex
File: pgflibraryarrows.meta.code.tex 2023-01-15 v3.1.10 (3.1.10)
\pgfarrowinset=\dimen284
\pgfarrowlength=\dimen285
\pgfarrowwidth=\dimen286
\pgfarrowlinewidth=\dimen287
) (/home/flecourtier/.miktex/texmfs/install/tex/generic/pgf/frontendlayer/tikz/libraries/tikzlibrarypositioning.code.tex
File: tikzlibrarypositioning.code.tex 2023-01-15 v3.1.10 (3.1.10)
) (/home/flecourtier/.miktex/texmfs/install/tex/generic/pgf/frontendlayer/tikz/libraries/tikzlibraryangles.code.tex
File: tikzlibraryangles.code.tex 2023-01-15 v3.1.10 (3.1.10)
) (/home/flecourtier/.miktex/texmfs/install/tex/generic/pgf/frontendlayer/tikz/libraries/tikzlibraryquotes.code.tex
File: tikzlibraryquotes.code.tex 2023-01-15 v3.1.10 (3.1.10)
) (/home/flecourtier/.miktex/texmfs/install/tex/generic/pgf/frontendlayer/tikz/libraries/tikzlibraryintersections.code.tex (/home/flecourtier/.miktex/texmfs/install/tex/generic/pgf/libraries/pgflibraryintersections.code.tex
\pgf@intersect@solutions=\count339
)) (/home/flecourtier/.miktex/texmfs/install/tex/generic/pgf/frontendlayer/tikz/libraries/tikzlibrarycalc.code.tex
File: tikzlibrarycalc.code.tex 2023-01-15 v3.1.10 (3.1.10)
) (/home/flecourtier/.miktex/texmfs/install/tex/generic/pgf/frontendlayer/tikz/libraries/tikzlibraryspy.code.tex
File: tikzlibraryspy.code.tex 2023-01-15 v3.1.10 (3.1.10)
\tikz@lib@spybox=\box71
) (/home/flecourtier/.miktex/texmfs/install/tex/generic/pgf/frontendlayer/tikz/libraries/tikzlibrarymatrix.code.tex
File: tikzlibrarymatrix.code.tex 2023-01-15 v3.1.10 (3.1.10)
) (/home/flecourtier/.miktex/texmfs/install/tex/generic/pgf/frontendlayer/tikz/libraries/tikzlibraryfit.code.tex
File: tikzlibraryfit.code.tex 2023-01-15 v3.1.10 (3.1.10)
) (/home/flecourtier/.miktex/texmfs/install/tex/generic/pgfplots/libs/tikzlibrarypgfplots.fillbetween.code.tex (/home/flecourtier/.miktex/texmfs/install/tex/generic/pgfplots/pgfcontrib/tikzlibraryfillbetween.code.tex (/home/flecourtier/.miktex/texmfs/install/tex/generic/pgfplots/pgfcontrib/tikzlibrarydecorations.softclip.code.tex (/home/flecourtier/.miktex/texmfs/install/tex/generic/pgfplots/pgfcontrib/pgflibraryfillbetween.code.tex))) (/home/flecourtier/.miktex/texmfs/install/tex/generic/pgfplots/libs/tikzlibrarypgfplots.decorations.softclip.code.tex))
\plotwidth=\skip60
\plotheight=\skip61
 (/home/flecourtier/.miktex/texmfs/install/tex/latex/l3backend/l3backend-xetex.def
File: l3backend-xetex.def 2024-01-04 L3 backend support: XeTeX
\g__graphics_track_int=\count340
\l__pdf_internal_box=\box72
\g__pdf_backend_object_int=\count341
\g__pdf_backend_annotation_int=\count342
\g__pdf_backend_link_int=\count343
) (cvg.aux)
\openout1 = `cvg.aux'.

LaTeX Font Info:    Checking defaults for OML/cmm/m/it on input line 173.
LaTeX Font Info:    ... okay on input line 173.
LaTeX Font Info:    Checking defaults for OMS/cmsy/m/n on input line 173.
LaTeX Font Info:    ... okay on input line 173.
LaTeX Font Info:    Checking defaults for OT1/cmr/m/n on input line 173.
LaTeX Font Info:    ... okay on input line 173.
LaTeX Font Info:    Checking defaults for T1/cmr/m/n on input line 173.
LaTeX Font Info:    ... okay on input line 173.
LaTeX Font Info:    Checking defaults for TS1/cmr/m/n on input line 173.
LaTeX Font Info:    Trying to load font information for TS1+cmr on input line 173.
 (/home/flecourtier/.miktex/texmfs/install/tex/latex/base/ts1cmr.fd
File: ts1cmr.fd 2023/04/13 v2.5m Standard LaTeX font definitions
)
LaTeX Font Info:    ... okay on input line 173.
LaTeX Font Info:    Checking defaults for TU/lmr/m/n on input line 173.
LaTeX Font Info:    ... okay on input line 173.
LaTeX Font Info:    Checking defaults for OMX/cmex/m/n on input line 173.
LaTeX Font Info:    ... okay on input line 173.
LaTeX Font Info:    Checking defaults for U/cmr/m/n on input line 173.
LaTeX Font Info:    ... okay on input line 173.

Package pgfplots notification 'compat/show suggested version=true': document has been generated with the most recent feature set (\pgfplotsset{compat=1.18}).

PGFPlots: reading {data/data_FEM_unif.csv}
Package pgfplots info on input line 176: Using 'lua backend=false' for axis: xmode=log unsupported (yet).
Package pgfplots info on input line 176: Using 'lua backend=false' for axis: ymode=log unsupported (yet).
PGFPlots: reading {data/data_FEM_adapt.csv}
PGFPlots: reading {data/data_ADD_adapt.csv}
PGFPlots: reading {data/data_ADDNet_adapt.csv}
PGFPlots: reading {data/data_FEM_unif.csv}
PGFPlots: reading {data/data_ADD_unif.csv}
LaTeX Font Info:    Trying to load font information for U+msa on input line 176.
(/home/flecourtier/.miktex/texmfs/install/tex/latex/amsfonts/umsa.fd
File: umsa.fd 2013/01/14 v3.01 AMS symbols A
)
LaTeX Font Info:    Trying to load font information for U+msb on input line 176.
 (/home/flecourtier/.miktex/texmfs/install/tex/latex/amsfonts/umsb.fd
File: umsb.fd 2013/01/14 v3.01 AMS symbols B
) [1

] (cvg.aux)
 ***********
LaTeX2e <2023-11-01> patch level 1
L3 programming layer <2024-01-04>
 ***********
 ) 
Here is how much of TeX's memory you used:
 29038 strings out of 409613
 729965 string characters out of 5774719
 1935188 words of memory out of 5000000
 50610 multiletter control sequences out of 15000+600000
 561854 words of font info for 56 fonts, out of 8000000 for 9000
 1348 hyphenation exceptions out of 8191
 99i,16n,107p,8797b,2172s stack positions out of 10000i,1000n,20000p,200000b,200000s

Output written on cvg.xdv (1 page, 41836 bytes).
