This is pdfTeX, Version 3.141592653-2.6-1.40.26 (MiKTeX 24.3) (preloaded format=pdflatex 2024.3.12)  27 MAR 2024 16:55
entering extended mode
 restricted \write18 enabled.
 file:line:error style messages enabled.
 %&-line parsing enabled.
**/home/flecourtier/Bureau/Thèse/docs/report/report.tex
(/home/flecourtier/Bureau/Thèse/docs/report/report.tex
LaTeX2e <2023-11-01> patch level 1
L3 programming layer <2024-01-04>
(/home/flecourtier/.miktex/texmfs/install/tex/latex/base/report.cls
Document Class: report 2023/05/17 v1.4n Standard LaTeX document class
(/home/flecourtier/.miktex/texmfs/install/tex/latex/base/size10.clo
File: size10.clo 2023/05/17 v1.4n Standard LaTeX file (size option)
)
\c@part=\count187
\c@chapter=\count188
\c@section=\count189
\c@subsection=\count190
\c@subsubsection=\count191
\c@paragraph=\count192
\c@subparagraph=\count193
\c@figure=\count194
\c@table=\count195
\abovecaptionskip=\skip48
\belowcaptionskip=\skip49
\bibindent=\dimen140
) (/home/flecourtier/.miktex/texmfs/install/tex/latex/base/fontenc.sty
Package: fontenc 2021/04/29 v2.0v Standard LaTeX package
) (/home/flecourtier/.miktex/texmfs/install/tex/latex/base/inputenc.sty
Package: inputenc 2021/02/14 v1.3d Input encoding file
\inpenc@prehook=\toks17
\inpenc@posthook=\toks18
) (/home/flecourtier/.miktex/texmfs/install/tex/generic/babel/babel.sty
Package: babel 2024/01/07 v24.1 The Babel package
\babel@savecnt=\count196
\U@D=\dimen141
\l@unhyphenated=\language79
 (/home/flecourtier/.miktex/texmfs/install/tex/generic/babel/txtbabel.def)
\bbl@readstream=\read2
\bbl@dirlevel=\count197

*************************************
* Local config file bblopts.cfg used
*
(/home/flecourtier/.miktex/texmfs/install/tex/latex/arabi/bblopts.cfg
File: bblopts.cfg 2005/09/08 v0.1 add Arabic and Farsi to "declared" options of babel
) (/home/flecourtier/.miktex/texmfs/install/tex/generic/babel-french/french.ldf
Language: french 2023-12-19 v3.5r French support from the babel system
Package babel Info: Hyphen rules for 'acadian' set to \l@french
(babel)             (\language22). Reported on input line 91.
Package babel Info: Hyphen rules for 'canadien' set to \l@french
(babel)             (\language22). Reported on input line 92.
\FB@stdchar=\count198
Package babel Info: Making : an active character on input line 420.
Package babel Info: Making ; an active character on input line 421.
Package babel Info: Making ! an active character on input line 422.
Package babel Info: Making ? an active character on input line 423.
\FBguill@level=\count199
\FBold@everypar=\toks19
\FB@Mht=\dimen142
\mc@charclass=\count266
\mc@charfam=\count267
\mc@charslot=\count268
\std@mcc=\count269
\dec@mcc=\count270
\FB@parskip=\dimen143
\listindentFB=\dimen144
\descindentFB=\dimen145
\labelindentFB=\dimen146
\labelwidthFB=\dimen147
\leftmarginFB=\dimen148
\parindentFFN=\dimen149
\FBfnindent=\dimen150
)) (/home/flecourtier/.miktex/texmfs/install/tex/generic/babel/locale/fr/babel-french.tex
Package babel Info: Importing font and identification data for french
(babel)             from babel-fr.ini. Reported on input line 11.
) (/home/flecourtier/.miktex/texmfs/install/tex/latex/carlisle/scalefnt.sty) (/home/flecourtier/.miktex/texmfs/install/tex/latex/graphics/keyval.sty
Package: keyval 2022/05/29 v1.15 key=value parser (DPC)
\KV@toks@=\toks20
) (/home/flecourtier/.miktex/texmfs/install/tex/latex/amsmath/amsmath.sty
Package: amsmath 2023/05/13 v2.17o AMS math features
\@mathmargin=\skip50

For additional information on amsmath, use the `?' option.
(/home/flecourtier/.miktex/texmfs/install/tex/latex/amsmath/amstext.sty
Package: amstext 2021/08/26 v2.01 AMS text
 (/home/flecourtier/.miktex/texmfs/install/tex/latex/amsmath/amsgen.sty
File: amsgen.sty 1999/11/30 v2.0 generic functions
\@emptytoks=\toks21
\ex@=\dimen151
)) (/home/flecourtier/.miktex/texmfs/install/tex/latex/amsmath/amsbsy.sty
Package: amsbsy 1999/11/29 v1.2d Bold Symbols
\pmbraise@=\dimen152
) (/home/flecourtier/.miktex/texmfs/install/tex/latex/amsmath/amsopn.sty
Package: amsopn 2022/04/08 v2.04 operator names
)
\inf@bad=\count271
LaTeX Info: Redefining \frac on input line 234.
\uproot@=\count272
\leftroot@=\count273
LaTeX Info: Redefining \overline on input line 399.
LaTeX Info: Redefining \colon on input line 410.
\classnum@=\count274
\DOTSCASE@=\count275
LaTeX Info: Redefining \ldots on input line 496.
LaTeX Info: Redefining \dots on input line 499.
LaTeX Info: Redefining \cdots on input line 620.
\Mathstrutbox@=\box51
\strutbox@=\box52
LaTeX Info: Redefining \big on input line 722.
LaTeX Info: Redefining \Big on input line 723.
LaTeX Info: Redefining \bigg on input line 724.
LaTeX Info: Redefining \Bigg on input line 725.
\big@size=\dimen153
LaTeX Font Info:    Redeclaring font encoding OML on input line 743.
LaTeX Font Info:    Redeclaring font encoding OMS on input line 744.
\macc@depth=\count276
LaTeX Info: Redefining \bmod on input line 905.
LaTeX Info: Redefining \pmod on input line 910.
LaTeX Info: Redefining \smash on input line 940.
LaTeX Info: Redefining \relbar on input line 970.
LaTeX Info: Redefining \Relbar on input line 971.
\c@MaxMatrixCols=\count277
\dotsspace@=\muskip16
\c@parentequation=\count278
\dspbrk@lvl=\count279
\tag@help=\toks22
\row@=\count280
\column@=\count281
\maxfields@=\count282
\andhelp@=\toks23
\eqnshift@=\dimen154
\alignsep@=\dimen155
\tagshift@=\dimen156
\tagwidth@=\dimen157
\totwidth@=\dimen158
\lineht@=\dimen159
\@envbody=\toks24
\multlinegap=\skip51
\multlinetaggap=\skip52
\mathdisplay@stack=\toks25
LaTeX Info: Redefining \[ on input line 2953.
LaTeX Info: Redefining \] on input line 2954.
) (/home/flecourtier/.miktex/texmfs/install/tex/latex/mathtools/mathtools.sty
Package: mathtools 2022/06/29 v1.29 mathematical typesetting tools
 (/home/flecourtier/.miktex/texmfs/install/tex/latex/tools/calc.sty
Package: calc 2023/07/08 v4.3 Infix arithmetic (KKT,FJ)
\calc@Acount=\count283
\calc@Bcount=\count284
\calc@Adimen=\dimen160
\calc@Bdimen=\dimen161
\calc@Askip=\skip53
\calc@Bskip=\skip54
LaTeX Info: Redefining \setlength on input line 80.
LaTeX Info: Redefining \addtolength on input line 81.
\calc@Ccount=\count285
\calc@Cskip=\skip55
) (/home/flecourtier/.miktex/texmfs/install/tex/latex/mathtools/mhsetup.sty
Package: mhsetup 2021/03/18 v1.4 programming setup (MH)
)
\g_MT_multlinerow_int=\count286
\l_MT_multwidth_dim=\dimen162
\origjot=\skip56
\l_MT_shortvdotswithinadjustabove_dim=\dimen163
\l_MT_shortvdotswithinadjustbelow_dim=\dimen164
\l_MT_above_intertext_sep=\dimen165
\l_MT_below_intertext_sep=\dimen166
\l_MT_above_shortintertext_sep=\dimen167
\l_MT_below_shortintertext_sep=\dimen168
\xmathstrut@box=\box53
\xmathstrut@dim=\dimen169
) (/home/flecourtier/.miktex/texmfs/install/tex/latex/graphics/color.sty
Package: color 2022/01/06 v1.3d Standard LaTeX Color (DPC)
 (/home/flecourtier/.miktex/texmfs/install/tex/latex/graphics-cfg/color.cfg
File: color.cfg 2016/01/02 v1.6 sample color configuration
)
Package color Info: Driver file: pdftex.def on input line 149.
 (/home/flecourtier/.miktex/texmfs/install/tex/latex/graphics-def/pdftex.def
File: pdftex.def 2022/09/22 v1.2b Graphics/color driver for pdftex
) (/home/flecourtier/.miktex/texmfs/install/tex/latex/graphics/mathcolor.ltx)) (/home/flecourtier/.miktex/texmfs/install/tex/latex/xcolor/xcolor.sty
Package: xcolor 2023/11/15 v3.01 LaTeX color extensions (UK)
 (/home/flecourtier/.miktex/texmfs/install/tex/latex/graphics-cfg/color.cfg
File: color.cfg 2016/01/02 v1.6 sample color configuration
)
Package xcolor Info: Driver file: pdftex.def on input line 274.
LaTeX Info: Redefining \color on input line 758.
 (/home/flecourtier/.miktex/texmfs/install/tex/latex/graphics/mathcolor.ltx)
Package xcolor Info: Model `cmy' substituted by `cmy0' on input line 1350.
Package xcolor Info: Model `hsb' substituted by `rgb' on input line 1354.
Package xcolor Info: Model `RGB' extended on input line 1366.
Package xcolor Info: Model `HTML' substituted by `rgb' on input line 1368.
Package xcolor Info: Model `Hsb' substituted by `hsb' on input line 1369.
Package xcolor Info: Model `tHsb' substituted by `hsb' on input line 1370.
Package xcolor Info: Model `HSB' substituted by `hsb' on input line 1371.
Package xcolor Info: Model `Gray' substituted by `gray' on input line 1372.
Package xcolor Info: Model `wave' substituted by `hsb' on input line 1373.
) (/home/flecourtier/.miktex/texmfs/install/tex/latex/xcolor/svgnam.def
File: svgnam.def 2023/11/15 v3.01 Predefined colors according to SVG 1.1 (UK)
) (/home/flecourtier/.miktex/texmfs/install/tex/latex/graphics/dvipsnam.def
File: dvipsnam.def 2016/06/17 v3.0m Driver-dependent file (DPC,SPQR)
) (/home/flecourtier/.miktex/texmfs/install/tex/generic/soul/soul.sty
Package: soul 2023-06-14 v3.1 Permit use of UTF-8 characters in soul (HO)
 (/home/flecourtier/.miktex/texmfs/install/tex/generic/soul/soul-ori.sty
Package: soul-ori 2023-06-14 v3.1 letterspacing/underlining (mf)
\SOUL@word=\toks26
\SOUL@lasttoken=\toks27
\SOUL@syllable=\toks28
\SOUL@cmds=\toks29
\SOUL@buffer=\toks30
\SOUL@token=\toks31
\SOUL@syllgoal=\dimen170
\SOUL@syllwidth=\dimen171
\SOUL@charkern=\dimen172
\SOUL@hyphkern=\dimen173
\SOUL@dimen=\dimen174
\SOUL@dimeni=\dimen175
\SOUL@minus=\count287
\SOUL@comma=\count288
\SOUL@apo=\count289
\SOUL@grave=\count290
\SOUL@spaceskip=\skip57
\SOUL@ttwidth=\dimen176
\SOUL@uldp=\dimen177
\SOUL@ulht=\dimen178
) (/home/flecourtier/.miktex/texmfs/install/tex/generic/infwarerr/infwarerr.sty
Package: infwarerr 2019/12/03 v1.5 Providing info/warning/error messages (HO)
) (/home/flecourtier/.miktex/texmfs/install/tex/generic/etexcmds/etexcmds.sty
Package: etexcmds 2019/12/15 v1.7 Avoid name clashes with e-TeX commands (HO)
 (/home/flecourtier/.miktex/texmfs/install/tex/generic/iftex/iftex.sty
Package: iftex 2022/02/03 v1.0f TeX engine tests
))) (/home/flecourtier/.miktex/texmfs/install/tex/latex/amsfonts/amssymb.sty
Package: amssymb 2013/01/14 v3.01 AMS font symbols
 (/home/flecourtier/.miktex/texmfs/install/tex/latex/amsfonts/amsfonts.sty
Package: amsfonts 2013/01/14 v3.01 Basic AMSFonts support
\symAMSa=\mathgroup4
\symAMSb=\mathgroup5
LaTeX Font Info:    Redeclaring math symbol \hbar on input line 98.
LaTeX Font Info:    Overwriting math alphabet `\mathfrak' in version `bold'
(Font)                  U/euf/m/n --> U/euf/b/n on input line 106.
)) (/home/flecourtier/.miktex/texmfs/install/tex/latex/enumitem/enumitem.sty
Package: enumitem 2019/06/20 v3.9 Customized lists
\labelindent=\skip58
\enit@outerparindent=\dimen179
\enit@toks=\toks32
\enit@inbox=\box54
\enit@count@id=\count291
\enitdp@description=\count292
) (/home/flecourtier/.miktex/texmfs/install/tex/latex/tools/multicol.sty
Package: multicol 2023/03/30 v1.9f multicolumn formatting (FMi)
\c@tracingmulticols=\count293
\mult@box=\box55
\multicol@leftmargin=\dimen180
\c@unbalance=\count294
\c@collectmore=\count295
\doublecol@number=\count296
\multicoltolerance=\count297
\multicolpretolerance=\count298
\full@width=\dimen181
\page@free=\dimen182
\premulticols=\dimen183
\postmulticols=\dimen184
\multicolsep=\skip59
\multicolbaselineskip=\skip60
\partial@page=\box56
\last@line=\box57
\mc@boxedresult=\box58
\maxbalancingoverflow=\dimen185
\mult@rightbox=\box59
\mult@grightbox=\box60
\mult@firstbox=\box61
\mult@gfirstbox=\box62
\@tempa=\box63
\@tempa=\box64
\@tempa=\box65
\@tempa=\box66
\@tempa=\box67
\@tempa=\box68
\@tempa=\box69
\@tempa=\box70
\@tempa=\box71
\@tempa=\box72
\@tempa=\box73
\@tempa=\box74
\@tempa=\box75
\@tempa=\box76
\@tempa=\box77
\@tempa=\box78
\@tempa=\box79
\@tempa=\box80
\@tempa=\box81
\@tempa=\box82
\@tempa=\box83
\@tempa=\box84
\@tempa=\box85
\@tempa=\box86
\@tempa=\box87
\@tempa=\box88
\@tempa=\box89
\@tempa=\box90
\@tempa=\box91
\@tempa=\box92
\@tempa=\box93
\@tempa=\box94
\@tempa=\box95
\@tempa=\box96
\@tempa=\box97
\@tempa=\box98
\c@minrows=\count299
\c@columnbadness=\count300
\c@finalcolumnbadness=\count301
\last@try=\dimen186
\multicolovershoot=\dimen187
\multicolundershoot=\dimen188
\mult@nat@firstbox=\box99
\colbreak@box=\box100
\mc@col@check@num=\count302
) (/home/flecourtier/.miktex/texmfs/install/tex/latex/geometry/geometry.sty
Package: geometry 2020/01/02 v5.9 Page Geometry
 (/home/flecourtier/.miktex/texmfs/install/tex/generic/iftex/ifvtex.sty
Package: ifvtex 2019/10/25 v1.7 ifvtex legacy package. Use iftex instead.
)
\Gm@cnth=\count303
\Gm@cntv=\count304
\c@Gm@tempcnt=\count305
\Gm@bindingoffset=\dimen189
\Gm@wd@mp=\dimen190
\Gm@odd@mp=\dimen191
\Gm@even@mp=\dimen192
\Gm@layoutwidth=\dimen193
\Gm@layoutheight=\dimen194
\Gm@layouthoffset=\dimen195
\Gm@layoutvoffset=\dimen196
\Gm@dimlist=\toks33
 (/home/flecourtier/.miktex/texmfs/install/tex/latex/geometry/geometry.cfg)) (/home/flecourtier/.miktex/texmfs/install/tex/latex/psnfss/pifont.sty
Package: pifont 2020/03/25 PSNFSS-v9.3 Pi font support (SPQR) 
LaTeX Font Info:    Trying to load font information for U+pzd on input line 63.
 (/home/flecourtier/.miktex/texmfs/install/tex/latex/psnfss/upzd.fd
File: upzd.fd 2001/06/04 font definitions for U/pzd.
)
LaTeX Font Info:    Trying to load font information for U+psy on input line 64.
 (/home/flecourtier/.miktex/texmfs/install/tex/latex/psnfss/upsy.fd
File: upsy.fd 2001/06/04 font definitions for U/psy.
)) (/home/flecourtier/.miktex/texmfs/install/tex/latex/pstricks/pst-all.sty
Package: pst-all 2008/01/01 the main pstricks tools
 (/home/flecourtier/.miktex/texmfs/install/tex/latex/pstricks/pstricks.sty
Package: pstricks 2023/11/06 v0.74 LaTeX wrapper for `PSTricks' (RN,HV)
 (/home/flecourtier/.miktex/texmfs/install/tex/generic/xkeyval/pst-xkey.tex
File: pst-xkey.tex 2005/11/25 v1.6 PSTricks specialization of xkeyval (HA)
 (/home/flecourtier/.miktex/texmfs/install/tex/latex/xkeyval/xkeyval.sty
Package: xkeyval 2022/06/16 v2.9 package option processing (HA)
 (/home/flecourtier/.miktex/texmfs/install/tex/generic/xkeyval/xkeyval.tex (/home/flecourtier/.miktex/texmfs/install/tex/generic/xkeyval/xkvutils.tex
\XKV@toks=\toks34
\XKV@tempa@toks=\toks35
)
\XKV@depth=\count306
File: xkeyval.tex 2014/12/03 v2.7a key=value parser (HA)
))) (/home/flecourtier/.miktex/texmfs/install/tex/generic/pstricks/pstricks.tex (/home/flecourtier/.miktex/texmfs/install/tex/generic/pstricks/pst-fp.tex `pst-fp' v0.06, 2020/11/20 (hv)
\pstFP@xs=\count307
\pstFP@xia=\count308
\pstFP@xib=\count309
\pstFP@xfa=\count310
\pstFP@xfb=\count311
\pstFP@rega=\count312
\pstFP@regb=\count313
\pstFP@regs=\count314
\pstFP@times=\count315
) (/home/flecourtier/.miktex/texmfs/install/tex/latex/pgf/utilities/pgffor.sty (/home/flecourtier/.miktex/texmfs/install/tex/latex/pgf/utilities/pgfrcs.sty (/home/flecourtier/.miktex/texmfs/install/tex/generic/pgf/utilities/pgfutil-common.tex
\pgfutil@everybye=\toks36
\pgfutil@tempdima=\dimen197
\pgfutil@tempdimb=\dimen198
) (/home/flecourtier/.miktex/texmfs/install/tex/generic/pgf/utilities/pgfutil-latex.def
\pgfutil@abb=\box101
) (/home/flecourtier/.miktex/texmfs/install/tex/generic/pgf/utilities/pgfrcs.code.tex (/home/flecourtier/.miktex/texmfs/install/tex/generic/pgf/pgf.revision.tex)
Package: pgfrcs 2023-01-15 v3.1.10 (3.1.10)
)) (/home/flecourtier/.miktex/texmfs/install/tex/latex/pgf/utilities/pgfkeys.sty (/home/flecourtier/.miktex/texmfs/install/tex/generic/pgf/utilities/pgfkeys.code.tex
\pgfkeys@pathtoks=\toks37
\pgfkeys@temptoks=\toks38
 (/home/flecourtier/.miktex/texmfs/install/tex/generic/pgf/utilities/pgfkeyslibraryfiltered.code.tex
\pgfkeys@tmptoks=\toks39
))) (/home/flecourtier/.miktex/texmfs/install/tex/latex/pgf/math/pgfmath.sty (/home/flecourtier/.miktex/texmfs/install/tex/generic/pgf/math/pgfmath.code.tex (/home/flecourtier/.miktex/texmfs/install/tex/generic/pgf/math/pgfmathutil.code.tex
\pgf@x=\dimen199
\pgf@xa=\dimen256
\pgf@xb=\dimen257
\pgf@xc=\dimen258
\pgf@y=\dimen259
\pgf@ya=\dimen260
\pgf@yb=\dimen261
\pgf@yc=\dimen262
\c@pgf@counta=\count316
\c@pgf@countb=\count317
\c@pgf@countc=\count318
\c@pgf@countd=\count319
) (/home/flecourtier/.miktex/texmfs/install/tex/generic/pgf/math/pgfmathparser.code.tex
\pgfmath@dimen=\dimen263
\pgfmath@count=\count320
\pgfmath@box=\box102
\pgfmath@toks=\toks40
\pgfmath@stack@operand=\toks41
\pgfmath@stack@operation=\toks42
) (/home/flecourtier/.miktex/texmfs/install/tex/generic/pgf/math/pgfmathfunctions.code.tex) (/home/flecourtier/.miktex/texmfs/install/tex/generic/pgf/math/pgfmathfunctions.basic.code.tex) (/home/flecourtier/.miktex/texmfs/install/tex/generic/pgf/math/pgfmathfunctions.trigonometric.code.tex) (/home/flecourtier/.miktex/texmfs/install/tex/generic/pgf/math/pgfmathfunctions.random.code.tex) (/home/flecourtier/.miktex/texmfs/install/tex/generic/pgf/math/pgfmathfunctions.comparison.code.tex) (/home/flecourtier/.miktex/texmfs/install/tex/generic/pgf/math/pgfmathfunctions.base.code.tex) (/home/flecourtier/.miktex/texmfs/install/tex/generic/pgf/math/pgfmathfunctions.round.code.tex) (/home/flecourtier/.miktex/texmfs/install/tex/generic/pgf/math/pgfmathfunctions.misc.code.tex) (/home/flecourtier/.miktex/texmfs/install/tex/generic/pgf/math/pgfmathfunctions.integerarithmetics.code.tex) (/home/flecourtier/.miktex/texmfs/install/tex/generic/pgf/math/pgfmathcalc.code.tex) (/home/flecourtier/.miktex/texmfs/install/tex/generic/pgf/math/pgfmathfloat.code.tex
\c@pgfmathroundto@lastzeros=\count321
))) (/home/flecourtier/.miktex/texmfs/install/tex/generic/pgf/utilities/pgffor.code.tex
Package: pgffor 2023-01-15 v3.1.10 (3.1.10)
\pgffor@iter=\dimen264
\pgffor@skip=\dimen265
\pgffor@stack=\toks43
\pgffor@toks=\toks44
))
\psLoopIndex=\count322

`PSTricks' v3.19b  <2023/11/06> (tvz,hv)
\pst@dima=\dimen266
\pst@dimb=\dimen267
\pst@dimc=\dimen268
\pst@dimd=\dimen269
\pst@dimg=\dimen270
\pst@dimh=\dimen271
\pst@dimm=\dimen272
\pst@dimn=\dimen273
\pst@dimo=\dimen274
\pst@dimp=\dimen275
\pst@hbox=\box103
\pst@ibox=\box104
\pst@boxg=\box105
\pst@cnta=\count323
\pst@cntb=\count324
\pst@cntc=\count325
\pst@cntd=\count326
\pst@cntg=\count327
\pst@cnth=\count328
\pst@cntm=\count329
\pst@cntn=\count330
\pst@cnto=\count331
\pst@cntp=\count332
\@zero=\count333
\pst@toks=\toks45
--- We are running latex or xelatex ---
(/home/flecourtier/.miktex/texmfs/install/tex/generic/pstricks/pstricks.con) (/home/flecourtier/.miktex/texmfs/install/tex/generic/pstricks/pstricks-color.tex)
\psunit=\dimen276
\psxunit=\dimen277
\psyunit=\dimen278
\pst@C@@rType=\count334
\pslinewidth=\dimen279
\psk@startLW=\dimen280
\psk@endLW=\dimen281
 (/home/flecourtier/.miktex/texmfs/install/tex/generic/pstricks/pstricks-arrows.tex
\pshooklength=\dimen282
\pshookwidth=\dimen283
)
\pst@customdefs=\toks46
 (/home/flecourtier/.miktex/texmfs/install/tex/generic/pstricks/pstricks-dots.tex)
\pslinearc=\dimen284
\pst@symbolStep=\dimen285
\pst@symbolWidth=\dimen286
\pst@symbolLinewidth=\dimen287
\everypsbox=\toks47
\psframesep=\dimen288
\pslabelsep=\dimen289
\sh@wgridXunit=\dimen290
\sh@wgridYunit=\dimen291
\pst@shift=\dimen292
\ps@imagectr=\count335
 (/home/flecourtier/.miktex/texmfs/install/tex/generic/pstricks/pstricks.con))
File: pstricks.tex 2023/11/06 v3.19b `PSTricks' (tvz,hv)
 (/home/flecourtier/.miktex/texmfs/install/tex/generic/pstricks/pst-fp.tex `pst-fp' v0.06, 2020/11/20 (hv))
File: pst-fp.tex 2020/11/20 v0.06 `PST-fp' (hv)
) (/home/flecourtier/.miktex/texmfs/install/tex/latex/pst-plot/pst-plot.sty
Package: pst-plot 2011/06/05 v1.00 LaTeX wrapper for `pst-plot' (HV)
 (/home/flecourtier/.miktex/texmfs/install/tex/latex/xkeyval/pst-xkey.sty
Package: pst-xkey 2005/11/25 v1.6 package wrapper for pst-xkey.tex (HA)
) (/home/flecourtier/.miktex/texmfs/install/tex/latex/multido/multido.sty
Package: multido 2004/05/17 package wrapper for PSTricks `multido.tex', (HV/RN)
 (/home/flecourtier/.miktex/texmfs/install/tex/generic/multido/multido.tex  v1.42, 2010/05/14 <tvz>
\multido@count=\count336
\multidocount=\count337
\multido@stuff=\toks48
)
File: multido.tex 2010/05/14 v1.42 `multido' (tvz,hv)
)
Package: pst-plot 2021/09/23 package wrapper for pst-plot.tex (hv)
 (/home/flecourtier/.miktex/texmfs/install/tex/generic/pst-plot/pst-plot.tex (/home/flecourtier/.miktex/texmfs/install/tex/generic/pst-tools/pst-tools.tex `PST-tools' v0.12, 2021/09/23 (hv)
\randomi=\count338
\ranval=\count339
) (/home/flecourtier/.miktex/texmfs/install/tex/generic/pstricks-add/pstricks-add.tex (/home/flecourtier/.miktex/texmfs/install/tex/generic/pst-node/pst-node.tex  v1.43, 2022/01/31
\psrow=\count340
\pscol=\count341
\psmatrixcnt=\count342
\psrowsep=\skip61
\pscolsep=\skip62
\pst@args=\count343
\num@pts=\count344
\pst@argcnt=\count345
) (/home/flecourtier/.miktex/texmfs/install/tex/generic/pst-arrow/pst-arrow.tex `pst-arrow' v0.05, 2021/11/16 (dr,hv)) (/home/flecourtier/.miktex/texmfs/install/tex/generic/pst-3d/pst-3d.tex `PST-3d' v1.11, 2010/02/14 (tvz)) (/home/flecourtier/.miktex/texmfs/install/tex/generic/pst-math/pst-math.tex `pst-math' v0.67 , (CJ,hv)) `pstricks-add' v3.94, 2023/04/17 (dr,hv)
\psparallelogramsep=\dimen293
\pst@cntC=\count346
\pst@stepcount=\count347
\chart@ColorIndex=\dimen294
\chart@ColorStep=\dimen295
\pst@chartHeight=\dimen296
\pst@chartStackDepth=\dimen297
\pst@chartStackWidth=\dimen298
\chart@Toggle=\count348
\psVectorCtr=\count349
)  v1.94, 2022/11/21 (tvz,hv)
\pstRadUnit=\dimen299
\pstRadUnitInv=\dimen300
\pst@linecnt=\count350
\RCD@file=\read3
\psxlabelsep=\dimen301
\psylabelsep=\dimen302
\psk@subticksize=\dimen303
\pst@xticksizeA=\dimen304
\pst@xticksizeB=\dimen305
\pst@xticksizeC=\dimen306
\pst@yticksizeA=\dimen307
\pst@yticksizeB=\dimen308
\pst@yticksizeC=\dimen309
\@digitcounter=\count351
\psk@llx=\dimen310
\psk@lly=\dimen311
\psk@urx=\dimen312
\psk@ury=\dimen313
\pst@xunit=\dimen314
\pst@yunit=\dimen315
)
File: pst-plot.tex 2022/11/21 1.94 `pst-plot' (tvz,hv)
) (/home/flecourtier/.miktex/texmfs/install/tex/latex/pst-node/pst-node.sty
Package: pst-node 2012/09/18 v1.01 LaTeX wrapper for `pst-node' (HV)
Package: pst-node 2010/04/22 package wrapper for pst-node.tex
 (/home/flecourtier/.miktex/texmfs/install/tex/generic/pst-node/pst-node.tex)
File: pst-node.tex 2022/11/21 1.94 `pst-node' (tvz,hv)
) (/home/flecourtier/.miktex/texmfs/install/tex/latex/pst-tree/pst-tree.sty
Package: pst-tree 2009/01/25 package wrapper for pst-tree.tex
 (/home/flecourtier/.miktex/texmfs/install/tex/generic/pst-tree/pst-tree.tex  v1.14, 2021/09/04(tvz,dg,hv)
\pstree@rootbox=\box106
\pstree@box=\box107
\psnodecnt=\count352
\pstreelevel=\count353
\pstreecnt=\count354
\pstree@cnt=\count355
\pstree@stop=\count356
)
File: pst-tree.tex 2021/09/04 1.14 `pst-tree' (tvz,hv)
) (/home/flecourtier/.miktex/texmfs/install/tex/latex/pst-grad/pst-grad.sty
Package: pst-grad 2004/07/15 package wrapper for pst-grad.tex (hv)
 (/home/flecourtier/.miktex/texmfs/install/tex/generic/pst-grad/pst-grad.tex `pst-grad' v1.06, 2006/11/27 (tvz,dg,hv))
File: pst-grad.tex 2006/11/27 1.06 `pst-grad' (tvz)
) (/home/flecourtier/.miktex/texmfs/install/tex/latex/pst-coil/pst-coil.sty
Package: pst-coil 2010/02/01 package wrapper for pst-coil.tex (hv)
 (/home/flecourtier/.miktex/texmfs/install/tex/generic/pst-coil/pst-coil.tex  v1.06, 2006/11/27 (/home/flecourtier/.miktex/texmfs/install/tex/generic/pst-node/pst-node.tex))
File: pst-coil.tex 2015/05/13 v1.07 `PST-coil' (tvz,hv)
) (/home/flecourtier/.miktex/texmfs/install/tex/latex/pst-text/pst-text.sty
Package: pst-text 2018/12/28 package wrapper for pst-text.tex (hv)
 (/home/flecourtier/.miktex/texmfs/install/tex/generic/pst-text/pst-text.tex  v1.01, 2018/12/22(tvz,hv))
File: pst-text.tex 2018/12/22 1.01 `pst-text' (tvz)
) (/home/flecourtier/.miktex/texmfs/install/tex/latex/pst-3d/pst-3d.sty
Package: pst-3d 2009/07/28 package wrapper for pst-3d.tex (hv)
 (/home/flecourtier/.miktex/texmfs/install/tex/generic/pst-3d/pst-3d.tex)
File: pst-3d.tex 2018/12/22 v1.01 `PST-3d' (hv)
) (/home/flecourtier/.miktex/texmfs/install/tex/latex/pst-eps/pst-eps.sty
Package: pst-eps 2005/05/20 package wrapper for pst-eps.tex (hv)
 (/home/flecourtier/.miktex/texmfs/install/tex/generic/pst-eps/pst-eps.tex  v1.00, 2006/11/04
\pst@epsout=\write3
\pst@tempout=\write4
)
File: pst-eps.tex 2006/11/04 1.00 `pst-eps' (tvz)
) (/home/flecourtier/.miktex/texmfs/install/tex/latex/pst-fill/pst-fill.sty
Package: pst-fill 2010/03/20 package wrapper for pst-fill.tex (hv)
 (/home/flecourtier/.miktex/texmfs/install/tex/generic/pst-fill/pst-fill.tex `PST-Fill' v1.02, 2021/10/01 (tvz,dg,hv)
\pst@fillbox=\box108
)
File: pst-fill.tex 2021/10/01 v1.02 `PST-fill' (tvz,dg,hv)
) (/home/flecourtier/.miktex/texmfs/install/tex/latex/pstricks-add/pstricks-add.sty (/home/flecourtier/.miktex/texmfs/install/tex/latex/pst-math/pst-math.sty
Package: pst-math 2023/07/03 v 0.67 package wrapper for PSTricks pst-math.tex
 (/home/flecourtier/.miktex/texmfs/install/tex/latex/pst-calculate/pst-calculate.sty
Package: pst-calculate 2019/01/24 v. 0.02(Herbert Voss) Support for caculations with floating point numbers.
 (/home/flecourtier/.miktex/texmfs/install/tex/latex/l3packages/xparse/xparse.sty (/home/flecourtier/.miktex/texmfs/install/tex/latex/l3kernel/expl3.sty
Package: expl3 2024-01-04 L3 programming layer (loader) 
 (/home/flecourtier/.miktex/texmfs/install/tex/latex/l3backend/l3backend-pdftex.def
File: l3backend-pdftex.def 2024-01-04 L3 backend support: PDF output (pdfTeX)
\l__color_backend_stack_int=\count357
\l__pdf_internal_box=\box109
))
Package: xparse 2023-10-10 L3 Experimental document command parser
) (/home/flecourtier/.miktex/texmfs/install/tex/latex/siunitx/siunitx.sty
Package: siunitx 2023-11-14 v3.3.9 A comprehensive (SI) units package
\l__siunitx_number_uncert_offset_int=\count358
\l__siunitx_number_exponent_fixed_int=\count359
\l__siunitx_number_min_decimal_int=\count360
\l__siunitx_number_min_integer_int=\count361
\l__siunitx_number_round_precision_int=\count362
\l__siunitx_number_lower_threshold_int=\count363
\l__siunitx_number_upper_threshold_int=\count364
\l__siunitx_number_group_first_int=\count365
\l__siunitx_number_group_size_int=\count366
\l__siunitx_number_group_minimum_int=\count367
\l__siunitx_angle_tmp_dim=\dimen316
\l__siunitx_angle_marker_box=\box110
\l__siunitx_angle_unit_box=\box111
\l__siunitx_compound_count_int=\count368
 (/home/flecourtier/.miktex/texmfs/install/tex/latex/translations/translations.sty
Package: translations 2022/02/05 v1.12 internationalization of LaTeX2e packages (CN)
 (/home/flecourtier/.miktex/texmfs/install/tex/latex/etoolbox/etoolbox.sty
Package: etoolbox 2020/10/05 v2.5k e-TeX tools for LaTeX (JAW)
\etb@tempcnta=\count369
) (/home/flecourtier/.miktex/texmfs/install/tex/generic/pdftexcmds/pdftexcmds.sty
Package: pdftexcmds 2020-06-27 v0.33 Utility functions of pdfTeX for LuaTeX (HO)
 (/home/flecourtier/.miktex/texmfs/install/tex/generic/ltxcmds/ltxcmds.sty
Package: ltxcmds 2023-12-04 v1.26 LaTeX kernel commands for general use (HO)
)
Package pdftexcmds Info: \pdf@primitive is available.
Package pdftexcmds Info: \pdf@ifprimitive is available.
Package pdftexcmds Info: \pdfdraftmode found.
))
\l__siunitx_table_tmp_box=\box112
\l__siunitx_table_tmp_dim=\dimen317
\l__siunitx_table_column_width_dim=\dimen318
\l__siunitx_table_integer_box=\box113
\l__siunitx_table_decimal_box=\box114
\l__siunitx_table_uncert_box=\box115
\l__siunitx_table_before_box=\box116
\l__siunitx_table_after_box=\box117
\l__siunitx_table_before_dim=\dimen319
\l__siunitx_table_carry_dim=\dimen320
\l__siunitx_unit_tmp_int=\count370
\l__siunitx_unit_position_int=\count371
\l__siunitx_unit_total_int=\count372
 (/home/flecourtier/.miktex/texmfs/install/tex/latex/tools/array.sty
Package: array 2023/10/16 v2.5g Tabular extension package (FMi)
\col@sep=\dimen321
\ar@mcellbox=\box118
\extrarowheight=\dimen322
\NC@list=\toks49
\extratabsurround=\skip63
\backup@length=\skip64
\ar@cellbox=\box119
))) (/home/flecourtier/.miktex/texmfs/install/tex/generic/iftex/ifluatex.sty
Package: ifluatex 2019/10/25 v1.5 ifluatex legacy package. Use iftex instead.
) (/home/flecourtier/.miktex/texmfs/install/tex/latex/xstring/xstring.sty (/home/flecourtier/.miktex/texmfs/install/tex/generic/xstring/xstring.tex
\xs_counta=\count373
\xs_countb=\count374
)
Package: xstring 2023/08/22 v1.86 String manipulations (CT)
) (/home/flecourtier/.miktex/texmfs/install/tex/generic/pst-math/pst-math.tex)
File: pst-math.tex 2021/10/01 v1.02 `PST-math' (hv)
\c@Rand@No=\count375
\c@Random@Left=\count376
\c@Random@Right=\count377
\c@Random@No@max=\count378
)
Package: pstricks-add 2021/09/10 v. 0.17 package wrapper for pstricks-add.tex (hv)
 (/home/flecourtier/.miktex/texmfs/install/tex/generic/pstricks-add/pstricks-add.tex)
File: pstricks-add.tex 2021/10/01 v1.02 `PSTricks-add' (hv)
)) (/home/flecourtier/.miktex/texmfs/install/tex/latex/tools/delarray.sty
Package: delarray 2014/10/28 v1.01 array delimiter package (DPC)
) (/home/flecourtier/.miktex/texmfs/install/tex/latex/setspace/setspace.sty
Package: setspace 2022/12/04 v6.7b set line spacing
) (/home/flecourtier/.miktex/texmfs/install/tex/latex/graphics/graphicx.sty
Package: graphicx 2021/09/16 v1.2d Enhanced LaTeX Graphics (DPC,SPQR)
 (/home/flecourtier/.miktex/texmfs/install/tex/latex/graphics/graphics.sty
Package: graphics 2022/03/10 v1.4e Standard LaTeX Graphics (DPC,SPQR)
 (/home/flecourtier/.miktex/texmfs/install/tex/latex/graphics/trig.sty
Package: trig 2021/08/11 v1.11 sin cos tan (DPC)
) (/home/flecourtier/.miktex/texmfs/install/tex/latex/graphics-cfg/graphics.cfg
File: graphics.cfg 2016/06/04 v1.11 sample graphics configuration
)
Package graphics Info: Driver file: pdftex.def on input line 107.
)
\Gin@req@height=\dimen323
\Gin@req@width=\dimen324
) (/home/flecourtier/.miktex/texmfs/install/tex/latex/hyperref/hyperref.sty
Package: hyperref 2023-11-26 v7.01g Hypertext links for LaTeX
 (/home/flecourtier/.miktex/texmfs/install/tex/latex/kvsetkeys/kvsetkeys.sty
Package: kvsetkeys 2022-10-05 v1.19 Key value parser (HO)
) (/home/flecourtier/.miktex/texmfs/install/tex/generic/kvdefinekeys/kvdefinekeys.sty
Package: kvdefinekeys 2019-12-19 v1.6 Define keys (HO)
) (/home/flecourtier/.miktex/texmfs/install/tex/generic/pdfescape/pdfescape.sty
Package: pdfescape 2019/12/09 v1.15 Implements pdfTeX's escape features (HO)
) (/home/flecourtier/.miktex/texmfs/install/tex/latex/hycolor/hycolor.sty
Package: hycolor 2020-01-27 v1.10 Color options for hyperref/bookmark (HO)
) (/home/flecourtier/.miktex/texmfs/install/tex/latex/letltxmacro/letltxmacro.sty
Package: letltxmacro 2019/12/03 v1.6 Let assignment for LaTeX macros (HO)
) (/home/flecourtier/.miktex/texmfs/install/tex/latex/auxhook/auxhook.sty
Package: auxhook 2019-12-17 v1.6 Hooks for auxiliary files (HO)
) (/home/flecourtier/.miktex/texmfs/install/tex/latex/hyperref/nameref.sty
Package: nameref 2023-11-26 v2.56 Cross-referencing by name of section
 (/home/flecourtier/.miktex/texmfs/install/tex/latex/refcount/refcount.sty
Package: refcount 2019/12/15 v3.6 Data extraction from label references (HO)
) (/home/flecourtier/.miktex/texmfs/install/tex/generic/gettitlestring/gettitlestring.sty
Package: gettitlestring 2019/12/15 v1.6 Cleanup title references (HO)
 (/home/flecourtier/.miktex/texmfs/install/tex/latex/kvoptions/kvoptions.sty
Package: kvoptions 2022-06-15 v3.15 Key value format for package options (HO)
))
\c@section@level=\count379
)
\@linkdim=\dimen325
\Hy@linkcounter=\count380
\Hy@pagecounter=\count381
 (/home/flecourtier/.miktex/texmfs/install/tex/latex/hyperref/pd1enc.def
File: pd1enc.def 2023-11-26 v7.01g Hyperref: PDFDocEncoding definition (HO)
Now handling font encoding PD1 ...
... no UTF-8 mapping file for font encoding PD1
) (/home/flecourtier/.miktex/texmfs/install/tex/generic/intcalc/intcalc.sty
Package: intcalc 2019/12/15 v1.3 Expandable calculations with integers (HO)
)
\Hy@SavedSpaceFactor=\count382
 (/home/flecourtier/.miktex/texmfs/install/tex/latex/hyperref/puenc.def
File: puenc.def 2023-11-26 v7.01g Hyperref: PDF Unicode definition (HO)
Now handling font encoding PU ...
... no UTF-8 mapping file for font encoding PU
)
Package hyperref Info: Hyper figures OFF on input line 4181.
Package hyperref Info: Link nesting OFF on input line 4186.
Package hyperref Info: Hyper index ON on input line 4189.
Package hyperref Info: Plain pages OFF on input line 4196.
Package hyperref Info: Backreferencing OFF on input line 4201.
Package hyperref Info: Implicit mode ON; LaTeX internals redefined.
Package hyperref Info: Bookmarks ON on input line 4448.
\c@Hy@tempcnt=\count383
 (/home/flecourtier/.miktex/texmfs/install/tex/latex/url/url.sty
\Urlmuskip=\muskip17
Package: url 2013/09/16  ver 3.4  Verb mode for urls, etc.
)
LaTeX Info: Redefining \url on input line 4786.
\XeTeXLinkMargin=\dimen326
 (/home/flecourtier/.miktex/texmfs/install/tex/generic/bitset/bitset.sty
Package: bitset 2019/12/09 v1.3 Handle bit-vector datatype (HO)
 (/home/flecourtier/.miktex/texmfs/install/tex/generic/bigintcalc/bigintcalc.sty
Package: bigintcalc 2019/12/15 v1.5 Expandable calculations on big integers (HO)
))
\Fld@menulength=\count384
\Field@Width=\dimen327
\Fld@charsize=\dimen328
Package hyperref Info: Hyper figures OFF on input line 6065.
Package hyperref Info: Link nesting OFF on input line 6070.
Package hyperref Info: Hyper index ON on input line 6073.
Package hyperref Info: backreferencing OFF on input line 6080.
Package hyperref Info: Link coloring OFF on input line 6085.
Package hyperref Info: Link coloring with OCG OFF on input line 6090.
Package hyperref Info: PDF/A mode OFF on input line 6095.
 (/home/flecourtier/.miktex/texmfs/install/tex/latex/base/atbegshi-ltx.sty
Package: atbegshi-ltx 2021/01/10 v1.0c Emulation of the original atbegshi
package with kernel methods
)
\Hy@abspage=\count385
\c@Item=\count386
\c@Hfootnote=\count387
)
Package hyperref Info: Driver (autodetected): hpdftex.
 (/home/flecourtier/.miktex/texmfs/install/tex/latex/hyperref/hpdftex.def
File: hpdftex.def 2023-11-26 v7.01g Hyperref driver for pdfTeX
 (/home/flecourtier/.miktex/texmfs/install/tex/latex/base/atveryend-ltx.sty
Package: atveryend-ltx 2020/08/19 v1.0a Emulation of the original atveryend package
with kernel methods
)
\Fld@listcount=\count388
\c@bookmark@seq@number=\count389
 (/home/flecourtier/.miktex/texmfs/install/tex/latex/rerunfilecheck/rerunfilecheck.sty
Package: rerunfilecheck 2022-07-10 v1.10 Rerun checks for auxiliary files (HO)
 (/home/flecourtier/.miktex/texmfs/install/tex/generic/uniquecounter/uniquecounter.sty
Package: uniquecounter 2019/12/15 v1.4 Provide unlimited unique counter (HO)
)
Package uniquecounter Info: New unique counter `rerunfilecheck' on input line 285.
)
\Hy@SectionHShift=\skip65
) (/home/flecourtier/.miktex/texmfs/install/tex/latex/nicematrix/nicematrix.sty (/home/flecourtier/.miktex/texmfs/install/tex/latex/pgf/basiclayer/pgfcore.sty (/home/flecourtier/.miktex/texmfs/install/tex/latex/pgf/systemlayer/pgfsys.sty (/home/flecourtier/.miktex/texmfs/install/tex/generic/pgf/systemlayer/pgfsys.code.tex
Package: pgfsys 2023-01-15 v3.1.10 (3.1.10)
\pgf@x=\dimen329
\pgf@y=\dimen330
\pgf@xa=\dimen331
\pgf@ya=\dimen332
\pgf@xb=\dimen333
\pgf@yb=\dimen334
\pgf@xc=\dimen335
\pgf@yc=\dimen336
\pgf@xd=\dimen337
\pgf@yd=\dimen338
\w@pgf@writea=\write5
\r@pgf@reada=\read4
\c@pgf@counta=\count390
\c@pgf@countb=\count391
\c@pgf@countc=\count392
\c@pgf@countd=\count393
\t@pgf@toka=\toks50
\t@pgf@tokb=\toks51
\t@pgf@tokc=\toks52
\pgf@sys@id@count=\count394
 (/home/flecourtier/.miktex/texmfs/install/tex/generic/pgf/systemlayer/pgf.cfg
File: pgf.cfg 2023-01-15 v3.1.10 (3.1.10)
)
Driver file for pgf: pgfsys-pdftex.def
 (/home/flecourtier/.miktex/texmfs/install/tex/generic/pgf/systemlayer/pgfsys-pdftex.def
File: pgfsys-pdftex.def 2023-01-15 v3.1.10 (3.1.10)
 (/home/flecourtier/.miktex/texmfs/install/tex/generic/pgf/systemlayer/pgfsys-common-pdf.def
File: pgfsys-common-pdf.def 2023-01-15 v3.1.10 (3.1.10)
))) (/home/flecourtier/.miktex/texmfs/install/tex/generic/pgf/systemlayer/pgfsyssoftpath.code.tex
File: pgfsyssoftpath.code.tex 2023-01-15 v3.1.10 (3.1.10)
\pgfsyssoftpath@smallbuffer@items=\count395
\pgfsyssoftpath@bigbuffer@items=\count396
) (/home/flecourtier/.miktex/texmfs/install/tex/generic/pgf/systemlayer/pgfsysprotocol.code.tex
File: pgfsysprotocol.code.tex 2023-01-15 v3.1.10 (3.1.10)
)) (/home/flecourtier/.miktex/texmfs/install/tex/generic/pgf/basiclayer/pgfcore.code.tex
Package: pgfcore 2023-01-15 v3.1.10 (3.1.10)
 (/home/flecourtier/.miktex/texmfs/install/tex/generic/pgf/math/pgfint.code.tex) (/home/flecourtier/.miktex/texmfs/install/tex/generic/pgf/basiclayer/pgfcorepoints.code.tex
File: pgfcorepoints.code.tex 2023-01-15 v3.1.10 (3.1.10)
\pgf@picminx=\dimen339
\pgf@picmaxx=\dimen340
\pgf@picminy=\dimen341
\pgf@picmaxy=\dimen342
\pgf@pathminx=\dimen343
\pgf@pathmaxx=\dimen344
\pgf@pathminy=\dimen345
\pgf@pathmaxy=\dimen346
\pgf@xx=\dimen347
\pgf@xy=\dimen348
\pgf@yx=\dimen349
\pgf@yy=\dimen350
\pgf@zx=\dimen351
\pgf@zy=\dimen352
) (/home/flecourtier/.miktex/texmfs/install/tex/generic/pgf/basiclayer/pgfcorepathconstruct.code.tex
File: pgfcorepathconstruct.code.tex 2023-01-15 v3.1.10 (3.1.10)
\pgf@path@lastx=\dimen353
\pgf@path@lasty=\dimen354
) (/home/flecourtier/.miktex/texmfs/install/tex/generic/pgf/basiclayer/pgfcorepathusage.code.tex
File: pgfcorepathusage.code.tex 2023-01-15 v3.1.10 (3.1.10)
\pgf@shorten@end@additional=\dimen355
\pgf@shorten@start@additional=\dimen356
) (/home/flecourtier/.miktex/texmfs/install/tex/generic/pgf/basiclayer/pgfcorescopes.code.tex
File: pgfcorescopes.code.tex 2023-01-15 v3.1.10 (3.1.10)
\pgfpic=\box120
\pgf@hbox=\box121
\pgf@layerbox@main=\box122
\pgf@picture@serial@count=\count397
) (/home/flecourtier/.miktex/texmfs/install/tex/generic/pgf/basiclayer/pgfcoregraphicstate.code.tex
File: pgfcoregraphicstate.code.tex 2023-01-15 v3.1.10 (3.1.10)
\pgflinewidth=\dimen357
) (/home/flecourtier/.miktex/texmfs/install/tex/generic/pgf/basiclayer/pgfcoretransformations.code.tex
File: pgfcoretransformations.code.tex 2023-01-15 v3.1.10 (3.1.10)
\pgf@pt@x=\dimen358
\pgf@pt@y=\dimen359
\pgf@pt@temp=\dimen360
) (/home/flecourtier/.miktex/texmfs/install/tex/generic/pgf/basiclayer/pgfcorequick.code.tex
File: pgfcorequick.code.tex 2023-01-15 v3.1.10 (3.1.10)
) (/home/flecourtier/.miktex/texmfs/install/tex/generic/pgf/basiclayer/pgfcoreobjects.code.tex
File: pgfcoreobjects.code.tex 2023-01-15 v3.1.10 (3.1.10)
) (/home/flecourtier/.miktex/texmfs/install/tex/generic/pgf/basiclayer/pgfcorepathprocessing.code.tex
File: pgfcorepathprocessing.code.tex 2023-01-15 v3.1.10 (3.1.10)
) (/home/flecourtier/.miktex/texmfs/install/tex/generic/pgf/basiclayer/pgfcorearrows.code.tex
File: pgfcorearrows.code.tex 2023-01-15 v3.1.10 (3.1.10)
\pgfarrowsep=\dimen361
) (/home/flecourtier/.miktex/texmfs/install/tex/generic/pgf/basiclayer/pgfcoreshade.code.tex
File: pgfcoreshade.code.tex 2023-01-15 v3.1.10 (3.1.10)
\pgf@max=\dimen362
\pgf@sys@shading@range@num=\count398
\pgf@shadingcount=\count399
) (/home/flecourtier/.miktex/texmfs/install/tex/generic/pgf/basiclayer/pgfcoreimage.code.tex
File: pgfcoreimage.code.tex 2023-01-15 v3.1.10 (3.1.10)
) (/home/flecourtier/.miktex/texmfs/install/tex/generic/pgf/basiclayer/pgfcoreexternal.code.tex
File: pgfcoreexternal.code.tex 2023-01-15 v3.1.10 (3.1.10)
\pgfexternal@startupbox=\box123
) (/home/flecourtier/.miktex/texmfs/install/tex/generic/pgf/basiclayer/pgfcorelayers.code.tex
File: pgfcorelayers.code.tex 2023-01-15 v3.1.10 (3.1.10)
) (/home/flecourtier/.miktex/texmfs/install/tex/generic/pgf/basiclayer/pgfcoretransparency.code.tex
File: pgfcoretransparency.code.tex 2023-01-15 v3.1.10 (3.1.10)
) (/home/flecourtier/.miktex/texmfs/install/tex/generic/pgf/basiclayer/pgfcorepatterns.code.tex
File: pgfcorepatterns.code.tex 2023-01-15 v3.1.10 (3.1.10)
) (/home/flecourtier/.miktex/texmfs/install/tex/generic/pgf/basiclayer/pgfcorerdf.code.tex
File: pgfcorerdf.code.tex 2023-01-15 v3.1.10 (3.1.10)
))) (/home/flecourtier/.miktex/texmfs/install/tex/generic/pgf/modules/pgfmoduleshapes.code.tex
File: pgfmoduleshapes.code.tex 2023-01-15 v3.1.10 (3.1.10)
\pgfnodeparttextbox=\box124
) (/home/flecourtier/.miktex/texmfs/install/tex/latex/l3packages/l3keys2e/l3keys2e.sty
Package: l3keys2e 2023-10-10 LaTeX2e option processing using LaTeX3 keys
)
Package: nicematrix 2024/01/02 v6.26c Enhanced arrays with the help of PGF/TikZ
\g__nicematrix_env_int=\count400
\g__nicematrix_NiceMatrixBlock_int=\count401
\g__nicematrix_notes_caption_int=\count402
\l__nicematrix_columns_width_dim=\dimen363
\l__nicematrix_col_width_dim=\dimen364
\g__nicematrix_row_total_int=\count403
\g__nicematrix_col_total_int=\count404
\g__nicematrix_last_row_node_int=\count405
\l__nicematrix_key_nb_rows_int=\count406
\g__nicematrix_blocks_wd_dim=\dimen365
\g__nicematrix_blocks_ht_dim=\dimen366
\g__nicematrix_blocks_dp_dim=\dimen367
\l__nicematrix_width_dim=\dimen368
\l__nicematrix_tabular_width_dim=\dimen369
\l__nicematrix_rule_width_dim=\dimen370
\l__nicematrix_old_iRow_int=\count407
\l__nicematrix_old_jCol_int=\count408
\g__nicematrix_total_X_weight_int=\count409
\l__nicematrix_X_columns_dim=\dimen371
\l__nicematrix_x_initial_dim=\dimen372
\l__nicematrix_y_initial_dim=\dimen373
\l__nicematrix_x_final_dim=\dimen374
\l__nicematrix_y_final_dim=\dimen375
\l__nicematrix_tmpc_dim=\dimen376
\l__nicematrix_tmpd_dim=\dimen377
\g__nicematrix_width_last_col_dim=\dimen378
\g__nicematrix_width_first_col_dim=\dimen379
\l__nicematrix_row_min_int=\count410
\l__nicematrix_row_max_int=\count411
\l__nicematrix_col_min_int=\count412
\l__nicematrix_col_max_int=\count413
\l__nicematrix_start_int=\count414
\l__nicematrix_end_int=\count415
\l__nicematrix_local_start_int=\count416
\l__nicematrix_local_end_int=\count417
\g__nicematrix_static_num_of_col_int=\count418
\l__nicematrix_rounded_corners_dim=\dimen380
\l__nicematrix_tab_rounded_corners_dim=\dimen381
\l__nicematrix_offset_dim=\dimen382
\l__nicematrix_line_width_dim=\dimen383
\g__nicematrix_block_box_int=\count419
\l__nicematrix_submatrix_extra_height_dim=\dimen384
\l__nicematrix_submatrix_left_xshift_dim=\dimen385
\l__nicematrix_submatrix_right_xshift_dim=\dimen386
\l__nicematrix_first_row_int=\count420
\l__nicematrix_first_col_int=\count421
\l__nicematrix_last_row_int=\count422
\l__nicematrix_last_col_int=\count423
\c@tabularnote=\count424
\c@nicematrix_draft=\count425
\l__nicematrix_cell_space_top_limit_dim=\dimen387
\l__nicematrix_cell_space_bottom_limit_dim=\dimen388
\l__nicematrix_xdots_inter_dim=\dimen389
\l__nicematrix_xdots_shorten_start_dim=\dimen390
\l__nicematrix_xdots_shorten_end_dim=\dimen391
\l__nicematrix_xdots_radius_dim=\dimen392
\l__nicematrix_notes_above_space_dim=\dimen393
\l__nicematrix_left_margin_dim=\dimen394
\l__nicematrix_right_margin_dim=\dimen395
\l__nicematrix_extra_left_margin_dim=\dimen396
\l__nicematrix_extra_right_margin_dim=\dimen397
\c__nicematrix_max_l_dim=\dimen398
\l__nicematrix_position_int=\count426
\l__nicematrix_multiplicity_int=\count427
\l__nicematrix_brace_yshift_dim=\dimen399
) (/home/flecourtier/.miktex/texmfs/install/tex/latex/listings/listings.sty
\lst@mode=\count428
\lst@gtempboxa=\box125
\lst@token=\toks53
\lst@length=\count429
\lst@currlwidth=\dimen400
\lst@column=\count430
\lst@pos=\count431
\lst@lostspace=\dimen401
\lst@width=\dimen402
\lst@newlines=\count432
\lst@lineno=\count433
\lst@maxwidth=\dimen403
 (/home/flecourtier/.miktex/texmfs/install/tex/latex/listings/lstmisc.sty
File: lstmisc.sty 2023/02/27 1.9 (Carsten Heinz)
\c@lstnumber=\count434
\lst@skipnumbers=\count435
\lst@framebox=\box126
) (/home/flecourtier/.miktex/texmfs/install/tex/latex/listings/listings.cfg
File: listings.cfg 2023/02/27 1.9 listings configuration
))
Package: listings 2023/02/27 1.9 (Carsten Heinz)
 (/home/flecourtier/.miktex/texmfs/install/tex/latex/float/float.sty
Package: float 2001/11/08 v1.3d Float enhancements (AL)
\c@float@type=\count436
\float@exts=\toks54
\float@box=\box127
\@float@everytoks=\toks55
\@floatcapt=\box128
)
Package hyperref Info: Option `colorlinks' set `true' on input line 32.
 (/home/flecourtier/.miktex/texmfs/install/tex/latex/amscls/amsthm.sty
Package: amsthm 2020/05/29 v2.20.6
\thm@style=\toks56
\thm@bodyfont=\toks57
\thm@headfont=\toks58
\thm@notefont=\toks59
\thm@headpunct=\toks60
\thm@preskip=\skip66
\thm@postskip=\skip67
\thm@headsep=\skip68
\dth@everypar=\toks61
) (/home/flecourtier/.miktex/texmfs/install/tex/latex/listings/lstlang1.sty
File: lstlang1.sty 2023/02/27 1.9 listings language file
) (/home/flecourtier/.miktex/texmfs/install/tex/latex/listings/lstlang1.sty
File: lstlang1.sty 2023/02/27 1.9 listings language file
) (/home/flecourtier/.miktex/texmfs/install/tex/latex/listings/lstmisc.sty
File: lstmisc.sty 2023/02/27 1.9 (Carsten Heinz)
) (/home/flecourtier/.miktex/texmfs/install/tex/latex/caption/caption.sty
Package: caption 2023/08/05 v3.6o Customizing captions (AR)
 (/home/flecourtier/.miktex/texmfs/install/tex/latex/caption/caption3.sty
Package: caption3 2023/07/31 v2.4d caption3 kernel (AR)
\caption@tempdima=\dimen404
\captionmargin=\dimen405
\caption@leftmargin=\dimen406
\caption@rightmargin=\dimen407
\caption@width=\dimen408
\caption@indent=\dimen409
\caption@parindent=\dimen410
\caption@hangindent=\dimen411
Package caption Info: Standard document class detected.
Package caption Info: french babel package is loaded.
)
\c@caption@flags=\count437
\c@continuedfloat=\count438
Package caption Info: float package is loaded.
Package caption Info: hyperref package is loaded.
Package caption Info: listings package is loaded.
) (/home/flecourtier/.miktex/texmfs/install/tex/latex/fontawesome/fontawesome.sty
Package: fontawesome 2016/05/15 v4.6.3.1 font awesome icons
 (/home/flecourtier/.miktex/texmfs/install/tex/generic/iftex/ifxetex.sty
Package: ifxetex 2019/10/25 v0.7 ifxetex legacy package. Use iftex instead.
) (/home/flecourtier/.miktex/texmfs/install/tex/latex/fontawesome/fontawesomesymbols-generic.tex) (/home/flecourtier/.miktex/texmfs/install/tex/latex/fontawesome/fontawesomesymbols-pdftex.tex)) (/home/flecourtier/.miktex/texmfs/install/tex/latex/lipsum/lipsum.sty
Package: lipsum 2021-09-20 v2.7 150 paragraphs of Lorem Ipsum dummy text
\g__lipsum_par_int=\count439
\l__lipsum_a_int=\count440
\l__lipsum_b_int=\count441
 (/home/flecourtier/.miktex/texmfs/install/tex/latex/lipsum/lipsum.ltd.tex)) (report.aux)
\openout1 = `report.aux'.

LaTeX Font Info:    Checking defaults for OML/cmm/m/it on input line 85.
LaTeX Font Info:    ... okay on input line 85.
LaTeX Font Info:    Checking defaults for OMS/cmsy/m/n on input line 85.
LaTeX Font Info:    ... okay on input line 85.
LaTeX Font Info:    Checking defaults for OT1/cmr/m/n on input line 85.
LaTeX Font Info:    ... okay on input line 85.
LaTeX Font Info:    Checking defaults for T1/cmr/m/n on input line 85.
LaTeX Font Info:    ... okay on input line 85.
LaTeX Font Info:    Checking defaults for TS1/cmr/m/n on input line 85.
LaTeX Font Info:    ... okay on input line 85.
LaTeX Font Info:    Checking defaults for OMX/cmex/m/n on input line 85.
LaTeX Font Info:    ... okay on input line 85.
LaTeX Font Info:    Checking defaults for U/cmr/m/n on input line 85.
LaTeX Font Info:    ... okay on input line 85.
LaTeX Font Info:    Checking defaults for PD1/pdf/m/n on input line 85.
LaTeX Font Info:    ... okay on input line 85.
LaTeX Font Info:    Checking defaults for PU/pdf/m/n on input line 85.
LaTeX Font Info:    ... okay on input line 85.
LaTeX Info: Redefining \degres on input line 85.
Package french.ldf Info: Setting StandardItemizeEnv=true for
(french.ldf)             compatibility with enumitem package,
(french.ldf)             reported on input line 85.
Package french.ldf Info: Setting StandardEnumerateEnv=true for
(french.ldf)             compatibility with enumitem package,
(french.ldf)             reported on input line 85.
LaTeX Info: Redefining \up on input line 85.
 (/home/flecourtier/.miktex/texmfs/install/tex/context/base/mkii/supp-pdf.mkii
[Loading MPS to PDF converter (version 2006.09.02).]
\scratchcounter=\count442
\scratchdimen=\dimen412
\scratchbox=\box129
\nofMPsegments=\count443
\nofMParguments=\count444
\everyMPshowfont=\toks62
\MPscratchCnt=\count445
\MPscratchDim=\dimen413
\MPnumerator=\count446
\makeMPintoPDFobject=\count447
\everyMPtoPDFconversion=\toks63
) (/home/flecourtier/.miktex/texmfs/install/tex/latex/epstopdf-pkg/epstopdf-base.sty
Package: epstopdf-base 2020-01-24 v2.11 Base part for package epstopdf
Package epstopdf-base Info: Redefining graphics rule for `.eps' on input line 485.
 (/home/flecourtier/.miktex/texmfs/install/tex/latex/00miktex/epstopdf-sys.cfg
File: epstopdf-sys.cfg 2021/03/18 v2.0 Configuration of epstopdf for MiKTeX
))
*geometry* driver: auto-detecting
*geometry* detected driver: pdftex
*geometry* verbose mode - [ preamble ] result:
* driver: pdftex
* paper: <default>
* layout: <same size as paper>
* layoutoffset:(h,v)=(0.0pt,0.0pt)
* modes: 
* h-part:(L,W,R)=(56.9055pt, 500.484pt, 56.9055pt)
* v-part:(T,H,B)=(56.9055pt, 681.15898pt, 56.9055pt)
* \paperwidth=614.295pt
* \paperheight=794.96999pt
* \textwidth=500.484pt
* \textheight=681.15898pt
* \oddsidemargin=-15.36449pt
* \evensidemargin=-15.36449pt
* \topmargin=-52.36449pt
* \headheight=12.0pt
* \headsep=25.0pt
* \topskip=10.0pt
* \footskip=30.0pt
* \marginparwidth=65.0pt
* \marginparsep=11.0pt
* \columnsep=10.0pt
* \skip\footins=9.0pt plus 4.0pt minus 2.0pt
* \hoffset=0.0pt
* \voffset=0.0pt
* \mag=1000
* \@twocolumnfalse
* \@twosidefalse
* \@mparswitchfalse
* \@reversemarginfalse
* (1in=72.27pt=25.4mm, 1cm=28.453pt)

(/home/flecourtier/.miktex/texmfs/install/tex/latex/translations/dicts/translations-basic-dictionary-french.trsl
File: translations-basic-dictionary-french.trsl (french translation file `translations-basic-dictionary')
)
Package translations Info: loading dictionary `translations-basic-dictionary' for `french'. on input line 85.
Package hyperref Info: Link coloring ON on input line 85.
 (report.out) (report.out)
\@outlinefile=\write6
\openout6 = `report.out'.

\c__nicematrix_shift_Ldots_last_row_dim=\dimen414
\c__nicematrix_shift_exterior_Vdots_dim=\dimen415
\c__nicematrix_innersep_middle_dim=\dimen416
\c@tabularnotesi=\count448
\enitdp@tabularnotes=\count449
\c@tabularnotes*i=\count450
\enitdp@tabularnotes*=\count451
\c@lstlisting=\count452
Package caption Info: Begin \AtBeginDocument code.
Package caption Info: End \AtBeginDocument code.
 [1
Non-PDF special ignored!
<special> header=pstricks.pro
Non-PDF special ignored!
<special> header=pst-algparser.pro
Non-PDF special ignored!
<special> header=pst-tools.pro
Non-PDF special ignored!
<special> header=pst-dots.pro
Non-PDF special ignored!
<special> header=pst-node.pro
Non-PDF special ignored!
<special> header=pst-3d.pro
Non-PDF special ignored!
<special> header=pst-math.pro
Non-PDF special ignored!
<special> header=pstricks-add.pro
Non-PDF special ignored!
<special> header=pst-grad.pro
Non-PDF special ignored!
<special> header=pst-coil.pro
Non-PDF special ignored!
<special> header=pst-text.pro

Non-PDF special ignored!
<special> ps: /pssetRGBcolor /setrgbcolor load def /pssetCMYKcolor /setcmyk...
Non-PDF special ignored!
<special> ps:tx@Dict begin  gsave STV CP T /ps@rot 0 def grestore  end
Non-PDF special ignored!
<special> ps:tx@Dict begin  gsave STV CP T /ps@refangle 0.  def grestore  e...
Non-PDF special ignored!
<special> ps:tx@Dict begin  gsave STV CP T /ps@rot 0 def grestore  end
Non-PDF special ignored!
<special> ps:0.8 setlinewidth 0 setgray
{/home/flecourtier/.miktex/texmfs/data/fonts/map/pdftex/pdftex.map}] (report.toc
LaTeX Font Info:    Trying to load font information for U+msa on input line 3.
 (/home/flecourtier/.miktex/texmfs/install/tex/latex/amsfonts/umsa.fd
File: umsa.fd 2013/01/14 v3.01 AMS symbols A
)
LaTeX Font Info:    Trying to load font information for U+msb on input line 3.
 (/home/flecourtier/.miktex/texmfs/install/tex/latex/amsfonts/umsb.fd
File: umsb.fd 2013/01/14 v3.01 AMS symbols B
))
\tf@toc=\write7
\openout7 = `report.toc'.

 [2

]
Chapitre 1.
[3

] (introduction/sections/application.tex) [4] (introduction/sections/contrib.tex) [5] (report.aux)
 ***********
LaTeX2e <2023-11-01> patch level 1
L3 programming layer <2024-01-04>
 ***********
Package rerunfilecheck Info: File `report.out' has not changed.
(rerunfilecheck)             Checksum: A6ABBDEDA310F6EF18E9CE1C7FEEF828;382.
 ) 
Here is how much of TeX's memory you used:
 37325 strings out of 474487
 743800 string characters out of 5745685
 1927539 words of memory out of 5000000
 58973 multiletter control sequences out of 15000+600000
 566949 words of font info for 55 fonts, out of 8000000 for 9000
 1141 hyphenation exceptions out of 8191
 133i,5n,136p,709b,914s stack positions out of 10000i,1000n,20000p,200000b,200000s
 </home/flecourtier/.miktex/texmfs/data/fonts/pk/ljfour/jknappen/ec/dpi600/ecbx2074.pk> </home/flecourtier/.miktex/texmfs/data/fonts/pk/ljfour/jknappen/ec/dpi600/ecbx1000.pk> </home/flecourtier/.miktex/texmfs/data/fonts/pk/ljfour/jknappen/ec/dpi600/ecbx2488.pk> </home/flecourtier/.miktex/texmfs/data/fonts/pk/ljfour/jknappen/ec/dpi600/ecbx1440.pk> </home/flecourtier/.miktex/texmfs/data/fonts/pk/ljfour/jknappen/ec/dpi600/ecrm1000.pk>
Output written on report.pdf (5 pages, 43977 bytes).
PDF statistics:
 168 PDF objects out of 1000 (max. 8388607)
 10 named destinations out of 1000 (max. 500000)
 37 words of extra memory for PDF output out of 10000 (max. 10000000)

